<?xml version="1.0" encoding="UTF-8"?>
<testsuites name="Full Web Automation Test Suite" time="488.943" tests="1" failures="0" errors="0">
   <testsuite name="Full Web Automation Test Suite" tests="1" failures="0" errors="0" time="488.943" skipped="0" timestamp="2024-03-25 21:59:39" hostname="yoelm - LAPTOP-LKPNK5OK" id="Test Suites/Full Web Automation Test Suite">
      <properties>
         <property name="deviceName" value=""/>
         <property name="devicePlatform" value=""/>
         <property name="logFolder" value="C:\\Users\\yoelm\\Katalon Studio\\qae23001065_18_k3_web_automation_platinum\\Reports\\20240325_215936\\Full Web Automation Test Suite\\20240325_215936"/>
         <property name="logFiles" value="C:\\Users\\yoelm\\Katalon Studio\\qae23001065_18_k3_web_automation_platinum\\Reports\\20240325_215936\\Full Web Automation Test Suite\\20240325_215936\\execution0.log"/>
         <property name="attachments" value=""/>
         <property name="hostName" value="yoelm - LAPTOP-LKPNK5OK"/>
         <property name="os" value="Windows 10 64bit"/>
         <property name="katalonVersion" value="8.6.8.208"/>
         <property name="browser" value="Chrome 122.0.0.0"/>
         <property name="hostAddress" value="192.168.1.3"/>
         <property name="sessionId" value="1099a9dd59a80243d6fc647a9552fb35"/>
         <property name="seleniumVersion" value="3.141.59"/>
         <property name="proxyInformation" value="ProxyInformation { proxyOption=NO_PROXY, proxyServerType=HTTP, username=, password=********, proxyServerAddress=, proxyServerPort=0, executionList=&quot;&quot;, isApplyToDesiredCapabilities=true }"/>
         <property name="platform" value="Windows 10"/>
      </properties>
      <testcase name="Test Cases/Cucumber" time="488.671" classname="Test Cases/Cucumber" status="PASSED">
         <system-out><![CDATA[2024-03-25 21:59:40 - [TEST_CASE][PASSED] - Test Cases/Cucumber: Test Cases/Cucumber

2024-03-25 21:59:40 - [TEST_STEP][ERROR] - Start listener action : beforeTestCase: groovy.lang.MissingPropertyException: No such property: CucumberGlueGen for class: NewTestListener
	at NewTestListener.beforeTestCase(NewTestListener.groovy:31)
	at NewTestListener.invokeMethod(NewTestListener.groovy)
	at com.kms.katalon.core.context.internal.TestHooker.invokeMethod(TestHooker.java:111)
	at com.kms.katalon.core.context.internal.TestHooker.lambda$3(TestHooker.java:95)
	at com.kms.katalon.core.context.internal.TestHooker.invokeContextMethods(TestHooker.java:94)
	at com.kms.katalon.core.context.internal.TestListenerCollector.lambda$3(TestListenerCollector.java:88)
	at com.kms.katalon.core.context.internal.TestListenerCollector.handleListenerEvent(TestListenerCollector.java:85)
	at com.kms.katalon.core.context.internal.ExecutionEventManager.publicEvent(ExecutionEventManager.java:36)
	at com.kms.katalon.core.main.TestCaseExecutor.execute(TestCaseExecutor.java:268)
	at com.kms.katalon.core.common.CommonExecutor.accessTestCaseMainPhase(CommonExecutor.java:65)
	at com.kms.katalon.core.main.TestSuiteExecutor.accessTestSuiteMainPhase(TestSuiteExecutor.java:148)
	at com.kms.katalon.core.main.TestSuiteExecutor.execute(TestSuiteExecutor.java:106)
	at com.kms.katalon.core.main.TestCaseMain.startTestSuite(TestCaseMain.java:187)
	at com.kms.katalon.core.main.TestCaseMain$startTestSuite$0.call(Unknown Source)
	at TempTestSuite1711378776824.run(TempTestSuite1711378776824.groovy:36)


2024-03-25 21:59:40 - [TEST_STEP][PASSED] - GLUE = ["stepDefinition"]: null

2024-03-25 21:59:40 - [TEST_STEP][ERROR] - CucumberGlueGen.addDefaultPackages(): groovy.lang.MissingPropertyException: No such property: CucumberGlueGen for class: NewTestListener
	at NewTestListener.beforeTestCase(NewTestListener.groovy:31)
	at NewTestListener.invokeMethod(NewTestListener.groovy)
	at com.kms.katalon.core.context.internal.TestHooker.invokeMethod(TestHooker.java:111)
	at com.kms.katalon.core.context.internal.TestHooker.lambda$3(TestHooker.java:95)
	at com.kms.katalon.core.context.internal.TestHooker.invokeContextMethods(TestHooker.java:94)
	at com.kms.katalon.core.context.internal.TestListenerCollector.lambda$3(TestListenerCollector.java:88)
	at com.kms.katalon.core.context.internal.TestListenerCollector.handleListenerEvent(TestListenerCollector.java:85)
	at com.kms.katalon.core.context.internal.ExecutionEventManager.publicEvent(ExecutionEventManager.java:36)
	at com.kms.katalon.core.main.TestCaseExecutor.execute(TestCaseExecutor.java:268)
	at com.kms.katalon.core.common.CommonExecutor.accessTestCaseMainPhase(CommonExecutor.java:65)
	at com.kms.katalon.core.main.TestSuiteExecutor.accessTestSuiteMainPhase(TestSuiteExecutor.java:148)
	at com.kms.katalon.core.main.TestSuiteExecutor.execute(TestSuiteExecutor.java:106)
	at com.kms.katalon.core.main.TestCaseMain.startTestSuite(TestCaseMain.java:187)
	at com.kms.katalon.core.main.TestCaseMain$startTestSuite$0.call(Unknown Source)
	at TempTestSuite1711378776824.run(TempTestSuite1711378776824.groovy:36)


2024-03-25 21:59:40 - [MESSAGE][ERROR] - groovy.lang.MissingPropertyException: No such property: CucumberGlueGen for class: NewTestListener
	at NewTestListener.beforeTestCase(NewTestListener.groovy:31)
	at NewTestListener.invokeMethod(NewTestListener.groovy)
	at com.kms.katalon.core.context.internal.TestHooker.invokeMethod(TestHooker.java:111)
	at com.kms.katalon.core.context.internal.TestHooker.lambda$3(TestHooker.java:95)
	at com.kms.katalon.core.context.internal.TestHooker.invokeContextMethods(TestHooker.java:94)
	at com.kms.katalon.core.context.internal.TestListenerCollector.lambda$3(TestListenerCollector.java:88)
	at com.kms.katalon.core.context.internal.TestListenerCollector.handleListenerEvent(TestListenerCollector.java:85)
	at com.kms.katalon.core.context.internal.ExecutionEventManager.publicEvent(ExecutionEventManager.java:36)
	at com.kms.katalon.core.main.TestCaseExecutor.execute(TestCaseExecutor.java:268)
	at com.kms.katalon.core.common.CommonExecutor.accessTestCaseMainPhase(CommonExecutor.java:65)
	at com.kms.katalon.core.main.TestSuiteExecutor.accessTestSuiteMainPhase(TestSuiteExecutor.java:148)
	at com.kms.katalon.core.main.TestSuiteExecutor.execute(TestSuiteExecutor.java:106)
	at com.kms.katalon.core.main.TestCaseMain.startTestSuite(TestCaseMain.java:187)
	at com.kms.katalon.core.main.TestCaseMain$startTestSuite$0.call(Unknown Source)
	at TempTestSuite1711378776824.run(TempTestSuite1711378776824.groovy:36)


2024-03-25 21:59:40 - [TEST_STEP][PASSED] - runWithCucumberRunner(Runner): Run with 'Runner' was passed

2024-03-25 21:59:41 - [MESSAGE][INFO] - Starting 'Chrome' driver

2024-03-25 21:59:41 - [MESSAGE][INFO] - Action delay is set to 0 milliseconds

2024-03-25 21:59:43 - [MESSAGE][PASSED] - Browser is opened with url: 'https://secondhand.binaracademy.org/users/sign_up'

2024-03-25 21:59:43 - [MESSAGE][WARNING] - Timeout '0' is invalid. Using default page load timeout: '30'

2024-03-25 21:59:44 - [MESSAGE][PASSED] - Object 'Object Repository/Register Page/input_name' is present

2024-03-25 21:59:44 - [MESSAGE][WARNING] - Timeout '0' is invalid. Using default page load timeout: '30'

2024-03-25 21:59:44 - [MESSAGE][PASSED] - Object 'Object Repository/Register Page/input_email' is present

2024-03-25 21:59:44 - [MESSAGE][WARNING] - Timeout '0' is invalid. Using default page load timeout: '30'

2024-03-25 21:59:44 - [MESSAGE][PASSED] - Object 'Object Repository/Register Page/input_password' is present

2024-03-25 21:59:45 - [MESSAGE][PASSED] - Text 'Ramadhannisa A' is set on object 'Object Repository/Register Page/input_name'

2024-03-25 21:59:46 - [MESSAGE][PASSED] - Text 'nisa261@mail.com' is set on object 'Object Repository/Register Page/input_email'

2024-03-25 21:59:47 - [MESSAGE][PASSED] - Text 'test123' is set on object 'Object Repository/Register Page/input_password'

2024-03-25 21:59:47 - [MESSAGE][PASSED] - Object: 'Object Repository/Register Page/button_register' is clicked on

2024-03-25 21:59:47 - [MESSAGE][WARNING] - Timeout '0' is invalid. Using default page load timeout: '30'

2024-03-25 21:59:48 - [MESSAGE][PASSED] - Object 'Object Repository/Home Page/icon_notification' is present

2024-03-25 21:59:48 - [MESSAGE][WARNING] - Timeout '0' is invalid. Using default page load timeout: '30'

2024-03-25 21:59:48 - [MESSAGE][PASSED] - Object 'Object Repository/Home Page/icon_profile' is present

2024-03-25 21:59:48 - [MESSAGE][WARNING] - Timeout '0' is invalid. Using default page load timeout: '30'

2024-03-25 21:59:49 - [MESSAGE][PASSED] - Object 'Object Repository/Home Page/icon_notification' is present

2024-03-25 21:59:49 - [MESSAGE][WARNING] - Timeout '0' is invalid. Using default page load timeout: '30'

2024-03-25 21:59:49 - [MESSAGE][PASSED] - Object 'Object Repository/Home Page/icon_profile' is present

2024-03-25 21:59:49 - [MESSAGE][WARNING] - A browser is already opened. Closing browser and opening a new one

2024-03-25 21:59:50 - [MESSAGE][INFO] - Starting 'Chrome' driver

2024-03-25 21:59:50 - [MESSAGE][INFO] - Action delay is set to 0 milliseconds

2024-03-25 21:59:51 - [MESSAGE][PASSED] - Browser is opened with url: 'https://secondhand.binaracademy.org/users/sign_up'

2024-03-25 21:59:51 - [MESSAGE][WARNING] - Timeout '0' is invalid. Using default page load timeout: '30'

2024-03-25 21:59:52 - [MESSAGE][PASSED] - Object 'Object Repository/Register Page/input_name' is present

2024-03-25 21:59:52 - [MESSAGE][WARNING] - Timeout '0' is invalid. Using default page load timeout: '30'

2024-03-25 21:59:52 - [MESSAGE][PASSED] - Object 'Object Repository/Register Page/input_email' is present

2024-03-25 21:59:52 - [MESSAGE][WARNING] - Timeout '0' is invalid. Using default page load timeout: '30'

2024-03-25 21:59:52 - [MESSAGE][PASSED] - Object 'Object Repository/Register Page/input_password' is present

2024-03-25 21:59:53 - [MESSAGE][PASSED] - Text 'Binar Challenge Platinum' is set on object 'Object Repository/Register Page/input_name'

2024-03-25 21:59:54 - [MESSAGE][PASSED] - Text 'tugas123@mail.com' is set on object 'Object Repository/Register Page/input_email'

2024-03-25 21:59:55 - [MESSAGE][PASSED] - Text 'tugas' is set on object 'Object Repository/Register Page/input_password'

2024-03-25 21:59:55 - [MESSAGE][PASSED] - Object: 'Object Repository/Register Page/button_register' is clicked on

2024-03-25 21:59:55 - [MESSAGE][WARNING] - Timeout '0' is invalid. Using default page load timeout: '30'

2024-03-25 21:59:56 - [MESSAGE][PASSED] - Object 'Object Repository/Register Page/alert_email_has_already_taken' is present

2024-03-25 21:59:56 - [MESSAGE][WARNING] - Timeout '0' is invalid. Using default page load timeout: '30'

2024-03-25 21:59:56 - [MESSAGE][PASSED] - Object 'Object Repository/Register Page/alert_email_has_already_taken' is present

2024-03-25 21:59:56 - [MESSAGE][WARNING] - A browser is already opened. Closing browser and opening a new one

2024-03-25 21:59:57 - [MESSAGE][INFO] - Starting 'Chrome' driver

2024-03-25 21:59:57 - [MESSAGE][INFO] - Action delay is set to 0 milliseconds

2024-03-25 21:59:59 - [MESSAGE][PASSED] - Browser is opened with url: 'https://secondhand.binaracademy.org/users/sign_up'

2024-03-25 21:59:59 - [MESSAGE][WARNING] - Timeout '0' is invalid. Using default page load timeout: '30'

2024-03-25 21:59:59 - [MESSAGE][PASSED] - Object 'Object Repository/Register Page/input_name' is present

2024-03-25 22:00:00 - [MESSAGE][WARNING] - Timeout '0' is invalid. Using default page load timeout: '30'

2024-03-25 22:00:00 - [MESSAGE][PASSED] - Object 'Object Repository/Register Page/input_email' is present

2024-03-25 22:00:00 - [MESSAGE][WARNING] - Timeout '0' is invalid. Using default page load timeout: '30'

2024-03-25 22:00:00 - [MESSAGE][PASSED] - Object 'Object Repository/Register Page/input_password' is present

2024-03-25 22:00:01 - [MESSAGE][PASSED] - Text '' is set on object 'Object Repository/Register Page/input_name'

2024-03-25 22:00:01 - [MESSAGE][PASSED] - Text 'tugas1234@mail.com' is set on object 'Object Repository/Register Page/input_email'

2024-03-25 22:00:02 - [MESSAGE][PASSED] - Text 'tugas' is set on object 'Object Repository/Register Page/input_password'

2024-03-25 22:00:03 - [MESSAGE][PASSED] - Object: 'Object Repository/Register Page/button_register' is clicked on

2024-03-25 22:00:03 - [MESSAGE][WARNING] - A browser is already opened. Closing browser and opening a new one

2024-03-25 22:00:03 - [MESSAGE][INFO] - Starting 'Chrome' driver

2024-03-25 22:00:03 - [MESSAGE][INFO] - Action delay is set to 0 milliseconds

2024-03-25 22:00:05 - [MESSAGE][PASSED] - Browser is opened with url: 'https://secondhand.binaracademy.org/users/sign_up'

2024-03-25 22:00:05 - [MESSAGE][WARNING] - Timeout '0' is invalid. Using default page load timeout: '30'

2024-03-25 22:00:05 - [MESSAGE][PASSED] - Object 'Object Repository/Register Page/input_name' is present

2024-03-25 22:00:05 - [MESSAGE][WARNING] - Timeout '0' is invalid. Using default page load timeout: '30'

2024-03-25 22:00:06 - [MESSAGE][PASSED] - Object 'Object Repository/Register Page/input_email' is present

2024-03-25 22:00:06 - [MESSAGE][WARNING] - Timeout '0' is invalid. Using default page load timeout: '30'

2024-03-25 22:00:06 - [MESSAGE][PASSED] - Object 'Object Repository/Register Page/input_password' is present

2024-03-25 22:00:07 - [MESSAGE][PASSED] - Text 'Binar Challenge Platinum Satu' is set on object 'Object Repository/Register Page/input_name'

2024-03-25 22:00:07 - [MESSAGE][PASSED] - Text '' is set on object 'Object Repository/Register Page/input_email'

2024-03-25 22:00:08 - [MESSAGE][PASSED] - Text 'tugas' is set on object 'Object Repository/Register Page/input_password'

2024-03-25 22:00:08 - [MESSAGE][PASSED] - Object: 'Object Repository/Register Page/button_register' is clicked on

2024-03-25 22:00:08 - [MESSAGE][WARNING] - A browser is already opened. Closing browser and opening a new one

2024-03-25 22:00:09 - [MESSAGE][INFO] - Starting 'Chrome' driver

2024-03-25 22:00:09 - [MESSAGE][INFO] - Action delay is set to 0 milliseconds

2024-03-25 22:00:12 - [MESSAGE][PASSED] - Browser is opened with url: 'https://secondhand.binaracademy.org/users/sign_up'

2024-03-25 22:00:12 - [MESSAGE][WARNING] - Timeout '0' is invalid. Using default page load timeout: '30'

2024-03-25 22:00:12 - [MESSAGE][PASSED] - Object 'Object Repository/Register Page/input_name' is present

2024-03-25 22:00:12 - [MESSAGE][WARNING] - Timeout '0' is invalid. Using default page load timeout: '30'

2024-03-25 22:00:12 - [MESSAGE][PASSED] - Object 'Object Repository/Register Page/input_email' is present

2024-03-25 22:00:12 - [MESSAGE][WARNING] - Timeout '0' is invalid. Using default page load timeout: '30'

2024-03-25 22:00:13 - [MESSAGE][PASSED] - Object 'Object Repository/Register Page/input_password' is present

2024-03-25 22:00:13 - [MESSAGE][PASSED] - Text 'Binar Challenge Platinum Dua' is set on object 'Object Repository/Register Page/input_name'

2024-03-25 22:00:14 - [MESSAGE][PASSED] - Text 'tugas321@mail.com' is set on object 'Object Repository/Register Page/input_email'

2024-03-25 22:00:15 - [MESSAGE][PASSED] - Text '' is set on object 'Object Repository/Register Page/input_password'

2024-03-25 22:00:15 - [MESSAGE][PASSED] - Object: 'Object Repository/Register Page/button_register' is clicked on

2024-03-25 22:00:15 - [MESSAGE][WARNING] - A browser is already opened. Closing browser and opening a new one

2024-03-25 22:00:16 - [MESSAGE][INFO] - Starting 'Chrome' driver

2024-03-25 22:00:16 - [MESSAGE][INFO] - Action delay is set to 0 milliseconds

2024-03-25 22:00:18 - [MESSAGE][PASSED] - Browser is opened with url: 'https://secondhand.binaracademy.org/users/sign_in'

2024-03-25 22:00:18 - [MESSAGE][PASSED] - Current window maximized

2024-03-25 22:00:18 - [MESSAGE][WARNING] - Timeout '0' is invalid. Using default page load timeout: '30'

2024-03-25 22:00:19 - [MESSAGE][PASSED] - Object 'Object Repository/Login Page/input_email' is present

2024-03-25 22:00:19 - [MESSAGE][WARNING] - Timeout '0' is invalid. Using default page load timeout: '30'

2024-03-25 22:00:19 - [MESSAGE][PASSED] - Object 'Object Repository/Login Page/input_password' is present

2024-03-25 22:00:20 - [MESSAGE][PASSED] - Text 'bb@mail.com' is set on object 'Object Repository/Login Page/input_email'

2024-03-25 22:00:20 - [MESSAGE][PASSED] - Text 'bb' is set on object 'Object Repository/Login Page/input_password'

2024-03-25 22:00:21 - [MESSAGE][PASSED] - Object: 'Object Repository/Login Page/button_login' is clicked on

2024-03-25 22:00:21 - [MESSAGE][WARNING] - Timeout '0' is invalid. Using default page load timeout: '30'

2024-03-25 22:00:22 - [MESSAGE][PASSED] - Object 'Object Repository/Home Page/icon_notification' is present

2024-03-25 22:00:22 - [MESSAGE][WARNING] - Timeout '0' is invalid. Using default page load timeout: '30'

2024-03-25 22:00:22 - [MESSAGE][PASSED] - Object 'Object Repository/Home Page/button_add_product' is present

2024-03-25 22:00:22 - [MESSAGE][WARNING] - Timeout '0' is invalid. Using default page load timeout: '30'

2024-03-25 22:00:22 - [MESSAGE][PASSED] - Object 'Object Repository/Home Page/icon_notification' is present

2024-03-25 22:00:22 - [MESSAGE][WARNING] - Timeout '0' is invalid. Using default page load timeout: '30'

2024-03-25 22:00:23 - [MESSAGE][PASSED] - Object 'Object Repository/Home Page/button_add_product' is present

2024-03-25 22:00:23 - [MESSAGE][WARNING] - A browser is already opened. Closing browser and opening a new one

2024-03-25 22:00:23 - [MESSAGE][INFO] - Starting 'Chrome' driver

2024-03-25 22:00:23 - [MESSAGE][INFO] - Action delay is set to 0 milliseconds

2024-03-25 22:00:25 - [MESSAGE][PASSED] - Browser is opened with url: 'https://secondhand.binaracademy.org/users/sign_in'

2024-03-25 22:00:25 - [MESSAGE][PASSED] - Current window maximized

2024-03-25 22:00:25 - [MESSAGE][WARNING] - Timeout '0' is invalid. Using default page load timeout: '30'

2024-03-25 22:00:25 - [MESSAGE][PASSED] - Object 'Object Repository/Login Page/input_email' is present

2024-03-25 22:00:25 - [MESSAGE][WARNING] - Timeout '0' is invalid. Using default page load timeout: '30'

2024-03-25 22:00:26 - [MESSAGE][PASSED] - Object 'Object Repository/Login Page/input_password' is present

2024-03-25 22:00:26 - [MESSAGE][PASSED] - Text 'bb333@mail.com' is set on object 'Object Repository/Login Page/input_email'

2024-03-25 22:00:27 - [MESSAGE][PASSED] - Text 'bb' is set on object 'Object Repository/Login Page/input_password'

2024-03-25 22:00:27 - [MESSAGE][PASSED] - Object: 'Object Repository/Login Page/button_login' is clicked on

2024-03-25 22:00:27 - [MESSAGE][WARNING] - Timeout '0' is invalid. Using default page load timeout: '30'

2024-03-25 22:00:28 - [MESSAGE][PASSED] - Object 'Object Repository/Login Page/alert_invalid_email_password' is present

2024-03-25 22:00:28 - [MESSAGE][WARNING] - Timeout '0' is invalid. Using default page load timeout: '30'

2024-03-25 22:00:28 - [MESSAGE][PASSED] - Object 'Object Repository/Login Page/alert_invalid_email_password' is present

2024-03-25 22:00:28 - [MESSAGE][WARNING] - A browser is already opened. Closing browser and opening a new one

2024-03-25 22:00:29 - [MESSAGE][INFO] - Starting 'Chrome' driver

2024-03-25 22:00:29 - [MESSAGE][INFO] - Action delay is set to 0 milliseconds

2024-03-25 22:00:31 - [MESSAGE][PASSED] - Browser is opened with url: 'https://secondhand.binaracademy.org/users/sign_in'

2024-03-25 22:00:31 - [MESSAGE][PASSED] - Current window maximized

2024-03-25 22:00:31 - [MESSAGE][WARNING] - Timeout '0' is invalid. Using default page load timeout: '30'

2024-03-25 22:00:31 - [MESSAGE][PASSED] - Object 'Object Repository/Login Page/input_email' is present

2024-03-25 22:00:31 - [MESSAGE][WARNING] - Timeout '0' is invalid. Using default page load timeout: '30'

2024-03-25 22:00:31 - [MESSAGE][PASSED] - Object 'Object Repository/Login Page/input_password' is present

2024-03-25 22:00:32 - [MESSAGE][PASSED] - Text 'bb@mail.com' is set on object 'Object Repository/Login Page/input_email'

2024-03-25 22:00:33 - [MESSAGE][PASSED] - Text 'bb33' is set on object 'Object Repository/Login Page/input_password'

2024-03-25 22:00:33 - [MESSAGE][PASSED] - Object: 'Object Repository/Login Page/button_login' is clicked on

2024-03-25 22:00:33 - [MESSAGE][WARNING] - Timeout '0' is invalid. Using default page load timeout: '30'

2024-03-25 22:00:34 - [MESSAGE][PASSED] - Object 'Object Repository/Login Page/alert_invalid_email_password' is present

2024-03-25 22:00:34 - [MESSAGE][WARNING] - Timeout '0' is invalid. Using default page load timeout: '30'

2024-03-25 22:00:34 - [MESSAGE][PASSED] - Object 'Object Repository/Login Page/alert_invalid_email_password' is present

2024-03-25 22:00:34 - [MESSAGE][WARNING] - A browser is already opened. Closing browser and opening a new one

2024-03-25 22:00:35 - [MESSAGE][INFO] - Starting 'Chrome' driver

2024-03-25 22:00:35 - [MESSAGE][INFO] - Action delay is set to 0 milliseconds

2024-03-25 22:00:37 - [MESSAGE][PASSED] - Browser is opened with url: 'https://secondhand.binaracademy.org/users/sign_in'

2024-03-25 22:00:37 - [MESSAGE][PASSED] - Current window maximized

2024-03-25 22:00:38 - [MESSAGE][WARNING] - Timeout '0' is invalid. Using default page load timeout: '30'

2024-03-25 22:00:38 - [MESSAGE][PASSED] - Object 'Object Repository/Login Page/input_email' is present

2024-03-25 22:00:38 - [MESSAGE][WARNING] - Timeout '0' is invalid. Using default page load timeout: '30'

2024-03-25 22:00:38 - [MESSAGE][PASSED] - Object 'Object Repository/Login Page/input_password' is present

2024-03-25 22:00:39 - [MESSAGE][PASSED] - Text '' is set on object 'Object Repository/Login Page/input_email'

2024-03-25 22:00:39 - [MESSAGE][PASSED] - Text 'bb' is set on object 'Object Repository/Login Page/input_password'

2024-03-25 22:00:40 - [MESSAGE][PASSED] - Object: 'Object Repository/Login Page/button_login' is clicked on

2024-03-25 22:00:40 - [MESSAGE][WARNING] - A browser is already opened. Closing browser and opening a new one

2024-03-25 22:00:41 - [MESSAGE][INFO] - Starting 'Chrome' driver

2024-03-25 22:00:41 - [MESSAGE][INFO] - Action delay is set to 0 milliseconds

2024-03-25 22:00:42 - [MESSAGE][PASSED] - Browser is opened with url: 'https://secondhand.binaracademy.org/users/sign_in'

2024-03-25 22:00:42 - [MESSAGE][PASSED] - Current window maximized

2024-03-25 22:00:42 - [MESSAGE][WARNING] - Timeout '0' is invalid. Using default page load timeout: '30'

2024-03-25 22:00:43 - [MESSAGE][PASSED] - Object 'Object Repository/Login Page/input_email' is present

2024-03-25 22:00:43 - [MESSAGE][WARNING] - Timeout '0' is invalid. Using default page load timeout: '30'

2024-03-25 22:00:43 - [MESSAGE][PASSED] - Object 'Object Repository/Login Page/input_password' is present

2024-03-25 22:00:44 - [MESSAGE][PASSED] - Text 'bb@mail.com' is set on object 'Object Repository/Login Page/input_email'

2024-03-25 22:00:44 - [MESSAGE][PASSED] - Text '' is set on object 'Object Repository/Login Page/input_password'

2024-03-25 22:00:45 - [MESSAGE][PASSED] - Object: 'Object Repository/Login Page/button_login' is clicked on

2024-03-25 22:00:45 - [MESSAGE][WARNING] - A browser is already opened. Closing browser and opening a new one

2024-03-25 22:00:45 - [MESSAGE][INFO] - Starting 'Chrome' driver

2024-03-25 22:00:45 - [MESSAGE][INFO] - Action delay is set to 0 milliseconds

2024-03-25 22:00:47 - [MESSAGE][PASSED] - Browser is opened with url: 'https://secondhand.binaracademy.org/users/sign_in'

2024-03-25 22:00:47 - [MESSAGE][PASSED] - Current window maximized

2024-03-25 22:00:47 - [MESSAGE][WARNING] - Timeout '0' is invalid. Using default page load timeout: '30'

2024-03-25 22:00:47 - [MESSAGE][PASSED] - Object 'Object Repository/Login Page/input_email' is present

2024-03-25 22:00:48 - [MESSAGE][WARNING] - Timeout '0' is invalid. Using default page load timeout: '30'

2024-03-25 22:00:48 - [MESSAGE][PASSED] - Object 'Object Repository/Login Page/input_password' is present

2024-03-25 22:00:48 - [MESSAGE][WARNING] - Timeout '0' is invalid. Using default page load timeout: '30'

2024-03-25 22:00:48 - [MESSAGE][PASSED] - Object 'Object Repository/Login Page/input_email' is present

2024-03-25 22:00:48 - [MESSAGE][WARNING] - Timeout '0' is invalid. Using default page load timeout: '30'

2024-03-25 22:00:48 - [MESSAGE][PASSED] - Object 'Object Repository/Login Page/input_password' is present

2024-03-25 22:00:49 - [MESSAGE][PASSED] - Text 'dd@mail.com' is set on object 'Object Repository/Login Page/input_email'

2024-03-25 22:00:50 - [MESSAGE][PASSED] - Text 'dd' is set on object 'Object Repository/Login Page/input_password'

2024-03-25 22:00:50 - [MESSAGE][PASSED] - Object: 'Object Repository/Login Page/button_login' is clicked on

2024-03-25 22:00:50 - [MESSAGE][WARNING] - Timeout '0' is invalid. Using default page load timeout: '30'

2024-03-25 22:00:51 - [MESSAGE][PASSED] - Object 'Object Repository/Home Page/icon_notification' is present

2024-03-25 22:00:51 - [MESSAGE][WARNING] - Timeout '0' is invalid. Using default page load timeout: '30'

2024-03-25 22:00:51 - [MESSAGE][PASSED] - Object 'Object Repository/Home Page/icon_profile' is present

2024-03-25 22:00:51 - [MESSAGE][WARNING] - Timeout '0' is invalid. Using default page load timeout: '30'

2024-03-25 22:00:52 - [MESSAGE][PASSED] - Object 'Object Repository/Home Page/icon_notification' is present

2024-03-25 22:00:52 - [MESSAGE][WARNING] - Timeout '0' is invalid. Using default page load timeout: '30'

2024-03-25 22:00:52 - [MESSAGE][PASSED] - Object 'Object Repository/Home Page/icon_profile' is present

2024-03-25 22:00:52 - [MESSAGE][WARNING] - A browser is already opened. Closing browser and opening a new one

2024-03-25 22:00:53 - [MESSAGE][INFO] - Starting 'Chrome' driver

2024-03-25 22:00:53 - [MESSAGE][INFO] - Action delay is set to 0 milliseconds

2024-03-25 22:00:55 - [MESSAGE][PASSED] - Browser is opened with url: 'https://secondhand.binaracademy.org/users/sign_in'

2024-03-25 22:00:55 - [MESSAGE][PASSED] - Current window maximized

2024-03-25 22:00:55 - [MESSAGE][PASSED] - Text 'bb@mail.com' is set on object 'Object Repository/Login Page/input_email'

2024-03-25 22:00:56 - [MESSAGE][PASSED] - Text 'bb' is set on object 'Object Repository/Login Page/input_password'

2024-03-25 22:00:56 - [MESSAGE][WARNING] - Timeout '0' is invalid. Using default page load timeout: '30'

2024-03-25 22:00:56 - [MESSAGE][PASSED] - Object 'Object Repository/Login Page/input_email' is present

2024-03-25 22:00:57 - [MESSAGE][WARNING] - Timeout '0' is invalid. Using default page load timeout: '30'

2024-03-25 22:00:57 - [MESSAGE][PASSED] - Object 'Object Repository/Login Page/input_password' is present

2024-03-25 22:00:57 - [MESSAGE][PASSED] - Object: 'Object Repository/Login Page/button_login' is clicked on

2024-03-25 22:00:57 - [MESSAGE][PASSED] - Current window maximized

2024-03-25 22:00:57 - [MESSAGE][WARNING] - Timeout '0' is invalid. Using default page load timeout: '30'

2024-03-25 22:00:58 - [MESSAGE][PASSED] - Object 'Object Repository/Home Page/icon_profile' is present

2024-03-25 22:00:58 - [MESSAGE][PASSED] - Object: 'Object Repository/Home Page/icon_profile' is clicked on

2024-03-25 22:00:59 - [MESSAGE][WARNING] - Timeout '0' is invalid. Using default page load timeout: '30'

2024-03-25 22:00:59 - [MESSAGE][PASSED] - Object 'Object Repository/Home Page/button_logout' is present

2024-03-25 22:00:59 - [MESSAGE][PASSED] - Object: 'Object Repository/Home Page/button_logout' is clicked on

2024-03-25 22:00:59 - [MESSAGE][PASSED] - Current window maximized

2024-03-25 22:00:59 - [MESSAGE][WARNING] - Timeout '0' is invalid. Using default page load timeout: '30'

2024-03-25 22:01:00 - [MESSAGE][PASSED] - Object 'Object Repository/Home Page/button_home_page' is present

2024-03-25 22:01:00 - [MESSAGE][WARNING] - Timeout '0' is invalid. Using default page load timeout: '30'

2024-03-25 22:01:00 - [MESSAGE][PASSED] - Object 'Object Repository/Home Page/button_login' is present

2024-03-25 22:01:00 - [MESSAGE][WARNING] - A browser is already opened. Closing browser and opening a new one

2024-03-25 22:01:01 - [MESSAGE][INFO] - Starting 'Chrome' driver

2024-03-25 22:01:01 - [MESSAGE][INFO] - Action delay is set to 0 milliseconds

2024-03-25 22:01:02 - [MESSAGE][PASSED] - Browser is opened with url: 'https://secondhand.binaracademy.org/users/sign_in'

2024-03-25 22:01:02 - [MESSAGE][PASSED] - Current window maximized

2024-03-25 22:01:03 - [MESSAGE][WARNING] - Timeout '0' is invalid. Using default page load timeout: '30'

2024-03-25 22:01:03 - [MESSAGE][PASSED] - Object 'Object Repository/Login Page/input_email' is present

2024-03-25 22:01:03 - [MESSAGE][WARNING] - Timeout '0' is invalid. Using default page load timeout: '30'

2024-03-25 22:01:03 - [MESSAGE][PASSED] - Object 'Object Repository/Login Page/input_password' is present

2024-03-25 22:01:04 - [MESSAGE][PASSED] - Text 'bb@mail.com' is set on object 'Object Repository/Login Page/input_email'

2024-03-25 22:01:05 - [MESSAGE][PASSED] - Text 'bb' is set on object 'Object Repository/Login Page/input_password'

2024-03-25 22:01:05 - [MESSAGE][PASSED] - Object: 'Object Repository/Login Page/button_login' is clicked on

2024-03-25 22:01:05 - [MESSAGE][WARNING] - Timeout '0' is invalid. Using default page load timeout: '30'

2024-03-25 22:01:06 - [MESSAGE][PASSED] - Object 'Object Repository/Home Page/icon_notification' is present

2024-03-25 22:01:06 - [MESSAGE][WARNING] - Timeout '0' is invalid. Using default page load timeout: '30'

2024-03-25 22:01:07 - [MESSAGE][PASSED] - Object 'Object Repository/Home Page/button_add_product' is present

2024-03-25 22:01:07 - [MESSAGE][WARNING] - Timeout '0' is invalid. Using default page load timeout: '30'

2024-03-25 22:01:07 - [MESSAGE][PASSED] - Object 'Object Repository/Home Page/icon_notification' is present

2024-03-25 22:01:07 - [MESSAGE][WARNING] - Timeout '0' is invalid. Using default page load timeout: '30'

2024-03-25 22:01:07 - [MESSAGE][PASSED] - Object 'Object Repository/Home Page/button_add_product' is present

2024-03-25 22:01:08 - [MESSAGE][PASSED] - Object: 'Object Repository/Home Page/icon_profile' is clicked on

2024-03-25 22:01:08 - [MESSAGE][PASSED] - Object: 'Object Repository/Home Page/profile_name' is clicked on

2024-03-25 22:01:08 - [MESSAGE][WARNING] - Timeout '0' is invalid. Using default page load timeout: '30'

2024-03-25 22:01:09 - [MESSAGE][PASSED] - Object 'Object Repository/Profile Page/input_name' is present

2024-03-25 22:01:09 - [MESSAGE][WARNING] - Timeout '0' is invalid. Using default page load timeout: '30'

2024-03-25 22:01:09 - [MESSAGE][PASSED] - Object 'Object Repository/Profile Page/input_address' is present

2024-03-25 22:01:09 - [MESSAGE][WARNING] - Timeout '0' is invalid. Using default page load timeout: '30'

2024-03-25 22:01:09 - [MESSAGE][PASSED] - Object 'Object Repository/Profile Page/input_name' is present

2024-03-25 22:01:09 - [MESSAGE][WARNING] - Timeout '0' is invalid. Using default page load timeout: '30'

2024-03-25 22:01:10 - [MESSAGE][PASSED] - Object 'Object Repository/Profile Page/input_address' is present

2024-03-25 22:01:10 - [MESSAGE][PASSED] - Text 'Kelompok 3 Seller' is set on object 'Object Repository/Profile Page/input_name'

2024-03-25 22:01:11 - [MESSAGE][PASSED] - File 'C:/Users/yoelm/Katalon Studio/qae23001065_18_k3_web_automation_platinum/Asset/Anime1.jpeg' sent to object: 'Object Repository/Profile Page/upload_image'

2024-03-25 22:01:12 - [MESSAGE][PASSED] - All options with index in [3] are selected on object 'Object Repository/Profile Page/input_city'

2024-03-25 22:01:13 - [MESSAGE][PASSED] - Text 'jln.Tawakal23' is set on object 'Object Repository/Profile Page/input_address'

2024-03-25 22:01:13 - [MESSAGE][PASSED] - Text '081316318584' is set on object 'Object Repository/Profile Page/input_no_handphone'

2024-03-25 22:01:14 - [MESSAGE][PASSED] - Scroll to object 'Object Repository/Profile Page/button_save' successfully

2024-03-25 22:01:14 - [MESSAGE][PASSED] - Object: 'Object Repository/Profile Page/button_save' is clicked on

2024-03-25 22:01:14 - [MESSAGE][WARNING] - Timeout '0' is invalid. Using default page load timeout: '30'

2024-03-25 22:01:16 - [MESSAGE][PASSED] - Object 'Object Repository/Home Page/button_add_product' is present

2024-03-25 22:01:16 - [MESSAGE][WARNING] - Timeout '0' is invalid. Using default page load timeout: '30'

2024-03-25 22:01:16 - [MESSAGE][PASSED] - Object 'Object Repository/Home Page/icon_profile' is present

2024-03-25 22:01:16 - [MESSAGE][WARNING] - Timeout '0' is invalid. Using default page load timeout: '30'

2024-03-25 22:01:16 - [MESSAGE][PASSED] - Object 'Object Repository/Home Page/button_add_product' is present

2024-03-25 22:01:16 - [MESSAGE][WARNING] - Timeout '0' is invalid. Using default page load timeout: '30'

2024-03-25 22:01:17 - [MESSAGE][PASSED] - Object 'Object Repository/Home Page/icon_profile' is present

2024-03-25 22:01:17 - [MESSAGE][WARNING] - A browser is already opened. Closing browser and opening a new one

2024-03-25 22:01:17 - [MESSAGE][INFO] - Starting 'Chrome' driver

2024-03-25 22:01:17 - [MESSAGE][INFO] - Action delay is set to 0 milliseconds

2024-03-25 22:01:20 - [MESSAGE][PASSED] - Browser is opened with url: 'https://secondhand.binaracademy.org/users/sign_in'

2024-03-25 22:01:20 - [MESSAGE][PASSED] - Current window maximized

2024-03-25 22:01:20 - [MESSAGE][WARNING] - Timeout '0' is invalid. Using default page load timeout: '30'

2024-03-25 22:01:20 - [MESSAGE][PASSED] - Object 'Object Repository/Login Page/input_email' is present

2024-03-25 22:01:20 - [MESSAGE][WARNING] - Timeout '0' is invalid. Using default page load timeout: '30'

2024-03-25 22:01:21 - [MESSAGE][PASSED] - Object 'Object Repository/Login Page/input_password' is present

2024-03-25 22:01:21 - [MESSAGE][PASSED] - Text 'bb@mail.com' is set on object 'Object Repository/Login Page/input_email'

2024-03-25 22:01:22 - [MESSAGE][PASSED] - Text 'bb' is set on object 'Object Repository/Login Page/input_password'

2024-03-25 22:01:22 - [MESSAGE][PASSED] - Object: 'Object Repository/Login Page/button_login' is clicked on

2024-03-25 22:01:22 - [MESSAGE][WARNING] - Timeout '0' is invalid. Using default page load timeout: '30'

2024-03-25 22:01:23 - [MESSAGE][PASSED] - Object 'Object Repository/Home Page/icon_notification' is present

2024-03-25 22:01:23 - [MESSAGE][WARNING] - Timeout '0' is invalid. Using default page load timeout: '30'

2024-03-25 22:01:24 - [MESSAGE][PASSED] - Object 'Object Repository/Home Page/button_add_product' is present

2024-03-25 22:01:24 - [MESSAGE][WARNING] - Timeout '0' is invalid. Using default page load timeout: '30'

2024-03-25 22:01:24 - [MESSAGE][PASSED] - Object 'Object Repository/Home Page/icon_notification' is present

2024-03-25 22:01:24 - [MESSAGE][WARNING] - Timeout '0' is invalid. Using default page load timeout: '30'

2024-03-25 22:01:24 - [MESSAGE][PASSED] - Object 'Object Repository/Home Page/button_add_product' is present

2024-03-25 22:01:25 - [MESSAGE][PASSED] - Object: 'Object Repository/Home Page/icon_profile' is clicked on

2024-03-25 22:01:25 - [MESSAGE][PASSED] - Object: 'Object Repository/Home Page/profile_name' is clicked on

2024-03-25 22:01:25 - [MESSAGE][WARNING] - Timeout '0' is invalid. Using default page load timeout: '30'

2024-03-25 22:01:26 - [MESSAGE][PASSED] - Object 'Object Repository/Profile Page/input_name' is present

2024-03-25 22:01:26 - [MESSAGE][WARNING] - Timeout '0' is invalid. Using default page load timeout: '30'

2024-03-25 22:01:26 - [MESSAGE][PASSED] - Object 'Object Repository/Profile Page/input_address' is present

2024-03-25 22:01:26 - [MESSAGE][WARNING] - Timeout '0' is invalid. Using default page load timeout: '30'

2024-03-25 22:01:26 - [MESSAGE][PASSED] - Object 'Object Repository/Profile Page/input_name' is present

2024-03-25 22:01:26 - [MESSAGE][WARNING] - Timeout '0' is invalid. Using default page load timeout: '30'

2024-03-25 22:01:27 - [MESSAGE][PASSED] - Object 'Object Repository/Profile Page/input_address' is present

2024-03-25 22:01:27 - [MESSAGE][PASSED] - Text of object 'Object Repository/Profile Page/input_name' is cleared

2024-03-25 22:01:28 - [MESSAGE][PASSED] - File 'C:/Users/yoelm/Katalon Studio/qae23001065_18_k3_web_automation_platinum/Asset/Anime1.jpeg' sent to object: 'Object Repository/Profile Page/upload_image'

2024-03-25 22:01:29 - [MESSAGE][PASSED] - All options with index in [3] are selected on object 'Object Repository/Profile Page/input_city'

2024-03-25 22:01:29 - [MESSAGE][PASSED] - Text 'jln.Tawakal23' is set on object 'Object Repository/Profile Page/input_address'

2024-03-25 22:01:30 - [MESSAGE][PASSED] - Text '081316318584' is set on object 'Object Repository/Profile Page/input_no_handphone'

2024-03-25 22:01:30 - [MESSAGE][PASSED] - Scroll to object 'Object Repository/Profile Page/button_save' successfully

2024-03-25 22:01:31 - [MESSAGE][PASSED] - Object: 'Object Repository/Profile Page/button_save' is clicked on

2024-03-25 22:01:31 - [MESSAGE][PASSED] - Attribute 'Nama' of object 'Object Repository/Profile Page/placeholder_name' is: 'null'

2024-03-25 22:01:31 - [MESSAGE][WARNING] - A browser is already opened. Closing browser and opening a new one

2024-03-25 22:01:32 - [MESSAGE][INFO] - Starting 'Chrome' driver

2024-03-25 22:01:32 - [MESSAGE][INFO] - Action delay is set to 0 milliseconds

2024-03-25 22:01:33 - [MESSAGE][PASSED] - Browser is opened with url: 'https://secondhand.binaracademy.org/users/sign_in'

2024-03-25 22:01:34 - [MESSAGE][PASSED] - Current window maximized

2024-03-25 22:01:34 - [MESSAGE][WARNING] - Timeout '0' is invalid. Using default page load timeout: '30'

2024-03-25 22:01:34 - [MESSAGE][PASSED] - Object 'Object Repository/Login Page/input_email' is present

2024-03-25 22:01:34 - [MESSAGE][WARNING] - Timeout '0' is invalid. Using default page load timeout: '30'

2024-03-25 22:01:34 - [MESSAGE][PASSED] - Object 'Object Repository/Login Page/input_password' is present

2024-03-25 22:01:35 - [MESSAGE][PASSED] - Text 'bb@mail.com' is set on object 'Object Repository/Login Page/input_email'

2024-03-25 22:01:36 - [MESSAGE][PASSED] - Text 'bb' is set on object 'Object Repository/Login Page/input_password'

2024-03-25 22:01:36 - [MESSAGE][PASSED] - Object: 'Object Repository/Login Page/button_login' is clicked on

2024-03-25 22:01:36 - [MESSAGE][WARNING] - Timeout '0' is invalid. Using default page load timeout: '30'

2024-03-25 22:01:37 - [MESSAGE][PASSED] - Object 'Object Repository/Home Page/icon_notification' is present

2024-03-25 22:01:37 - [MESSAGE][WARNING] - Timeout '0' is invalid. Using default page load timeout: '30'

2024-03-25 22:01:37 - [MESSAGE][PASSED] - Object 'Object Repository/Home Page/button_add_product' is present

2024-03-25 22:01:37 - [MESSAGE][WARNING] - Timeout '0' is invalid. Using default page load timeout: '30'

2024-03-25 22:01:38 - [MESSAGE][PASSED] - Object 'Object Repository/Home Page/icon_notification' is present

2024-03-25 22:01:38 - [MESSAGE][WARNING] - Timeout '0' is invalid. Using default page load timeout: '30'

2024-03-25 22:01:38 - [MESSAGE][PASSED] - Object 'Object Repository/Home Page/button_add_product' is present

2024-03-25 22:01:38 - [MESSAGE][PASSED] - Object: 'Object Repository/Home Page/button_add_product' is clicked on

2024-03-25 22:01:38 - [MESSAGE][WARNING] - Timeout '0' is invalid. Using default page load timeout: '30'

2024-03-25 22:01:39 - [MESSAGE][PASSED] - Object 'Object Repository/Add Product Page/input_product_name' is present

2024-03-25 22:01:39 - [MESSAGE][WARNING] - Timeout '0' is invalid. Using default page load timeout: '30'

2024-03-25 22:01:39 - [MESSAGE][PASSED] - Object 'Object Repository/Add Product Page/input_product_price' is present

2024-03-25 22:01:39 - [MESSAGE][WARNING] - Timeout '0' is invalid. Using default page load timeout: '30'

2024-03-25 22:01:39 - [MESSAGE][PASSED] - Object 'Object Repository/Add Product Page/input_product_name' is present

2024-03-25 22:01:39 - [MESSAGE][WARNING] - Timeout '0' is invalid. Using default page load timeout: '30'

2024-03-25 22:01:40 - [MESSAGE][PASSED] - Object 'Object Repository/Add Product Page/input_product_price' is present

2024-03-25 22:01:40 - [MESSAGE][PASSED] - Text 'Dress Korea' is set on object 'Object Repository/Add Product Page/input_product_name'

2024-03-25 22:01:41 - [MESSAGE][PASSED] - Text '150000' is set on object 'Object Repository/Add Product Page/input_product_price'

2024-03-25 22:01:42 - [MESSAGE][PASSED] - All options with index in [3] are selected on object 'Object Repository/Add Product Page/input_category'

2024-03-25 22:01:43 - [MESSAGE][PASSED] - Text 'Asli dari Import' is set on object 'Object Repository/Add Product Page/input_description'

2024-03-25 22:01:43 - [MESSAGE][PASSED] - File 'C:/Users/yoelm/Katalon Studio/qae23001065_18_k3_web_automation_platinum/Asset/dress korea.jpg' sent to object: 'Object Repository/Add Product Page/upload_image'

2024-03-25 22:01:44 - [MESSAGE][PASSED] - Scroll to object 'Object Repository/Add Product Page/button_published' successfully

2024-03-25 22:01:44 - [MESSAGE][PASSED] - Object: 'Object Repository/Add Product Page/button_published' is clicked on

2024-03-25 22:01:45 - [MESSAGE][WARNING] - Timeout '0' is invalid. Using default page load timeout: '30'

2024-03-25 22:01:45 - [MESSAGE][PASSED] - Object 'Object Repository/Add Product Page/button_edit' is present

2024-03-25 22:01:45 - [MESSAGE][WARNING] - Timeout '0' is invalid. Using default page load timeout: '30'

2024-03-25 22:01:46 - [MESSAGE][PASSED] - Object 'Object Repository/Add Product Page/button_delete' is present

2024-03-25 22:01:46 - [MESSAGE][PASSED] - Object 'Object Repository/Add Product Page/button_edit' is present

2024-03-25 22:01:46 - [MESSAGE][PASSED] - Object 'Object Repository/Add Product Page/button_delete' is present

2024-03-25 22:01:46 - [MESSAGE][WARNING] - A browser is already opened. Closing browser and opening a new one

2024-03-25 22:01:47 - [MESSAGE][INFO] - Starting 'Chrome' driver

2024-03-25 22:01:47 - [MESSAGE][INFO] - Action delay is set to 0 milliseconds

2024-03-25 22:01:49 - [MESSAGE][PASSED] - Browser is opened with url: 'https://secondhand.binaracademy.org/users/sign_in'

2024-03-25 22:01:49 - [MESSAGE][PASSED] - Current window maximized

2024-03-25 22:01:49 - [MESSAGE][WARNING] - Timeout '0' is invalid. Using default page load timeout: '30'

2024-03-25 22:01:49 - [MESSAGE][PASSED] - Object 'Object Repository/Login Page/input_email' is present

2024-03-25 22:01:49 - [MESSAGE][WARNING] - Timeout '0' is invalid. Using default page load timeout: '30'

2024-03-25 22:01:50 - [MESSAGE][PASSED] - Object 'Object Repository/Login Page/input_password' is present

2024-03-25 22:01:50 - [MESSAGE][PASSED] - Text 'bb@mail.com' is set on object 'Object Repository/Login Page/input_email'

2024-03-25 22:01:51 - [MESSAGE][PASSED] - Text 'bb' is set on object 'Object Repository/Login Page/input_password'

2024-03-25 22:01:51 - [MESSAGE][PASSED] - Object: 'Object Repository/Login Page/button_login' is clicked on

2024-03-25 22:01:51 - [MESSAGE][WARNING] - Timeout '0' is invalid. Using default page load timeout: '30'

2024-03-25 22:01:52 - [MESSAGE][PASSED] - Object 'Object Repository/Home Page/icon_notification' is present

2024-03-25 22:01:52 - [MESSAGE][WARNING] - Timeout '0' is invalid. Using default page load timeout: '30'

2024-03-25 22:01:53 - [MESSAGE][PASSED] - Object 'Object Repository/Home Page/button_add_product' is present

2024-03-25 22:01:53 - [MESSAGE][WARNING] - Timeout '0' is invalid. Using default page load timeout: '30'

2024-03-25 22:01:53 - [MESSAGE][PASSED] - Object 'Object Repository/Home Page/icon_notification' is present

2024-03-25 22:01:53 - [MESSAGE][WARNING] - Timeout '0' is invalid. Using default page load timeout: '30'

2024-03-25 22:01:53 - [MESSAGE][PASSED] - Object 'Object Repository/Home Page/button_add_product' is present

2024-03-25 22:01:54 - [MESSAGE][PASSED] - Object: 'Object Repository/Home Page/button_add_product' is clicked on

2024-03-25 22:01:54 - [MESSAGE][WARNING] - Timeout '0' is invalid. Using default page load timeout: '30'

2024-03-25 22:01:54 - [MESSAGE][PASSED] - Object 'Object Repository/Add Product Page/input_product_name' is present

2024-03-25 22:01:54 - [MESSAGE][WARNING] - Timeout '0' is invalid. Using default page load timeout: '30'

2024-03-25 22:01:55 - [MESSAGE][PASSED] - Object 'Object Repository/Add Product Page/input_product_price' is present

2024-03-25 22:01:55 - [MESSAGE][WARNING] - Timeout '0' is invalid. Using default page load timeout: '30'

2024-03-25 22:01:55 - [MESSAGE][PASSED] - Object 'Object Repository/Add Product Page/input_product_name' is present

2024-03-25 22:01:55 - [MESSAGE][WARNING] - Timeout '0' is invalid. Using default page load timeout: '30'

2024-03-25 22:01:55 - [MESSAGE][PASSED] - Object 'Object Repository/Add Product Page/input_product_price' is present

2024-03-25 22:01:56 - [MESSAGE][PASSED] - Text '' is set on object 'Object Repository/Add Product Page/input_product_name'

2024-03-25 22:01:57 - [MESSAGE][PASSED] - Text '150000' is set on object 'Object Repository/Add Product Page/input_product_price'

2024-03-25 22:01:58 - [MESSAGE][PASSED] - All options with index in [3] are selected on object 'Object Repository/Add Product Page/input_category'

2024-03-25 22:01:58 - [MESSAGE][PASSED] - Text 'Asli dari Import' is set on object 'Object Repository/Add Product Page/input_description'

2024-03-25 22:01:59 - [MESSAGE][PASSED] - File 'C:/Users/yoelm/Katalon Studio/qae23001065_18_k3_web_automation_platinum/Asset/dress korea.jpg' sent to object: 'Object Repository/Add Product Page/upload_image'

2024-03-25 22:01:59 - [MESSAGE][PASSED] - Scroll to object 'Object Repository/Add Product Page/button_published' successfully

2024-03-25 22:02:00 - [MESSAGE][PASSED] - Object: 'Object Repository/Add Product Page/button_published' is clicked on

2024-03-25 22:02:00 - [MESSAGE][WARNING] - Timeout '0' is invalid. Using default page load timeout: '30'

2024-03-25 22:02:00 - [MESSAGE][PASSED] - Object 'Object Repository/Add Product Page/invalid_add_product' is present

2024-03-25 22:02:00 - [MESSAGE][WARNING] - A browser is already opened. Closing browser and opening a new one

2024-03-25 22:02:01 - [MESSAGE][INFO] - Starting 'Chrome' driver

2024-03-25 22:02:01 - [MESSAGE][INFO] - Action delay is set to 0 milliseconds

2024-03-25 22:02:03 - [MESSAGE][PASSED] - Browser is opened with url: 'https://secondhand.binaracademy.org/users/sign_in'

2024-03-25 22:02:03 - [MESSAGE][PASSED] - Current window maximized

2024-03-25 22:02:03 - [MESSAGE][WARNING] - Timeout '0' is invalid. Using default page load timeout: '30'

2024-03-25 22:02:03 - [MESSAGE][PASSED] - Object 'Object Repository/Login Page/input_email' is present

2024-03-25 22:02:03 - [MESSAGE][WARNING] - Timeout '0' is invalid. Using default page load timeout: '30'

2024-03-25 22:02:04 - [MESSAGE][PASSED] - Object 'Object Repository/Login Page/input_password' is present

2024-03-25 22:02:04 - [MESSAGE][PASSED] - Text 'bb@mail.com' is set on object 'Object Repository/Login Page/input_email'

2024-03-25 22:02:05 - [MESSAGE][PASSED] - Text 'bb' is set on object 'Object Repository/Login Page/input_password'

2024-03-25 22:02:05 - [MESSAGE][PASSED] - Object: 'Object Repository/Login Page/button_login' is clicked on

2024-03-25 22:02:05 - [MESSAGE][WARNING] - Timeout '0' is invalid. Using default page load timeout: '30'

2024-03-25 22:02:06 - [MESSAGE][PASSED] - Object 'Object Repository/Home Page/icon_notification' is present

2024-03-25 22:02:06 - [MESSAGE][WARNING] - Timeout '0' is invalid. Using default page load timeout: '30'

2024-03-25 22:02:07 - [MESSAGE][PASSED] - Object 'Object Repository/Home Page/button_add_product' is present

2024-03-25 22:02:07 - [MESSAGE][WARNING] - Timeout '0' is invalid. Using default page load timeout: '30'

2024-03-25 22:02:07 - [MESSAGE][PASSED] - Object 'Object Repository/Home Page/icon_notification' is present

2024-03-25 22:02:07 - [MESSAGE][WARNING] - Timeout '0' is invalid. Using default page load timeout: '30'

2024-03-25 22:02:07 - [MESSAGE][PASSED] - Object 'Object Repository/Home Page/button_add_product' is present

2024-03-25 22:02:07 - [MESSAGE][WARNING] - Timeout '0' is invalid. Using default page load timeout: '30'

2024-03-25 22:02:08 - [MESSAGE][PASSED] - Object 'Object Repository/Home Page/button_home_page' is present

2024-03-25 22:02:08 - [MESSAGE][WARNING] - Timeout '0' is invalid. Using default page load timeout: '30'

2024-03-25 22:02:08 - [MESSAGE][PASSED] - Object 'Object Repository/Home Page/button_home_page' is present

2024-03-25 22:02:08 - [MESSAGE][PASSED] - Object: 'Object Repository/Home Page/icon_notification' is clicked on

2024-03-25 22:02:09 - [MESSAGE][PASSED] - Scroll to object 'Object Repository/Home Page/button_all_notification' successfully

2024-03-25 22:02:09 - [MESSAGE][PASSED] - Object: 'Object Repository/Home Page/button_all_notification' is clicked on

2024-03-25 22:02:09 - [MESSAGE][WARNING] - Timeout '0' is invalid. Using default page load timeout: '30'

2024-03-25 22:02:10 - [MESSAGE][PASSED] - Object 'Object Repository/Notification Page/product_being_offered' is present

2024-03-25 22:02:10 - [MESSAGE][WARNING] - Timeout '0' is invalid. Using default page load timeout: '30'

2024-03-25 22:02:10 - [MESSAGE][PASSED] - Object 'Object Repository/Notification Page/product_being_offered' is present

2024-03-25 22:02:10 - [MESSAGE][WARNING] - Timeout '0' is invalid. Using default page load timeout: '30'

2024-03-25 22:02:10 - [MESSAGE][PASSED] - Object 'Object Repository/Notification Page/published_notification' is present

2024-03-25 22:02:10 - [MESSAGE][WARNING] - Timeout '0' is invalid. Using default page load timeout: '30'

2024-03-25 22:02:11 - [MESSAGE][PASSED] - Object 'Object Repository/Notification Page/published_notification' is present

2024-03-25 22:02:11 - [MESSAGE][WARNING] - A browser is already opened. Closing browser and opening a new one

2024-03-25 22:02:11 - [MESSAGE][INFO] - Starting 'Chrome' driver

2024-03-25 22:02:11 - [MESSAGE][INFO] - Action delay is set to 0 milliseconds

2024-03-25 22:02:13 - [MESSAGE][PASSED] - Browser is opened with url: 'https://secondhand.binaracademy.org/users/sign_in'

2024-03-25 22:02:13 - [MESSAGE][PASSED] - Current window maximized

2024-03-25 22:02:13 - [MESSAGE][WARNING] - Timeout '0' is invalid. Using default page load timeout: '30'

2024-03-25 22:02:14 - [MESSAGE][PASSED] - Object 'Object Repository/Login Page/input_email' is present

2024-03-25 22:02:14 - [MESSAGE][WARNING] - Timeout '0' is invalid. Using default page load timeout: '30'

2024-03-25 22:02:14 - [MESSAGE][PASSED] - Object 'Object Repository/Login Page/input_password' is present

2024-03-25 22:02:15 - [MESSAGE][PASSED] - Text 'bb@mail.com' is set on object 'Object Repository/Login Page/input_email'

2024-03-25 22:02:15 - [MESSAGE][PASSED] - Text 'bb' is set on object 'Object Repository/Login Page/input_password'

2024-03-25 22:02:16 - [MESSAGE][PASSED] - Object: 'Object Repository/Login Page/button_login' is clicked on

2024-03-25 22:02:16 - [MESSAGE][WARNING] - Timeout '0' is invalid. Using default page load timeout: '30'

2024-03-25 22:02:17 - [MESSAGE][PASSED] - Object 'Object Repository/Home Page/icon_notification' is present

2024-03-25 22:02:17 - [MESSAGE][WARNING] - Timeout '0' is invalid. Using default page load timeout: '30'

2024-03-25 22:02:17 - [MESSAGE][PASSED] - Object 'Object Repository/Home Page/button_add_product' is present

2024-03-25 22:02:17 - [MESSAGE][WARNING] - Timeout '0' is invalid. Using default page load timeout: '30'

2024-03-25 22:02:17 - [MESSAGE][PASSED] - Object 'Object Repository/Home Page/icon_notification' is present

2024-03-25 22:02:17 - [MESSAGE][WARNING] - Timeout '0' is invalid. Using default page load timeout: '30'

2024-03-25 22:02:18 - [MESSAGE][PASSED] - Object 'Object Repository/Home Page/button_add_product' is present

2024-03-25 22:02:18 - [MESSAGE][PASSED] - Object: 'Object Repository/Home Page/icon_product' is clicked on

2024-03-25 22:02:18 - [MESSAGE][WARNING] - Timeout '0' is invalid. Using default page load timeout: '30'

2024-03-25 22:02:19 - [MESSAGE][PASSED] - Object 'Object Repository/Product Page/button_created_products' is present

2024-03-25 22:02:19 - [MESSAGE][WARNING] - Timeout '0' is invalid. Using default page load timeout: '30'

2024-03-25 22:02:19 - [MESSAGE][PASSED] - Object 'Object Repository/Product Page/first_product_card' is present

2024-03-25 22:02:19 - [MESSAGE][WARNING] - Timeout '0' is invalid. Using default page load timeout: '30'

2024-03-25 22:02:19 - [MESSAGE][PASSED] - Object 'Object Repository/Product Page/button_created_products' is present

2024-03-25 22:02:19 - [MESSAGE][WARNING] - Timeout '0' is invalid. Using default page load timeout: '30'

2024-03-25 22:02:20 - [MESSAGE][PASSED] - Object 'Object Repository/Product Page/first_product_card' is present

2024-03-25 22:02:20 - [MESSAGE][PASSED] - Scroll to object 'Object Repository/Product Page/first_product_card' successfully

2024-03-25 22:02:20 - [MESSAGE][PASSED] - Object: 'Object Repository/Product Page/first_product_card' is clicked on

2024-03-25 22:02:20 - [MESSAGE][WARNING] - Timeout '0' is invalid. Using default page load timeout: '30'

2024-03-25 22:02:21 - [MESSAGE][PASSED] - Object 'Object Repository/Product Page/edit_button' is present

2024-03-25 22:02:21 - [MESSAGE][WARNING] - Timeout '0' is invalid. Using default page load timeout: '30'

2024-03-25 22:02:21 - [MESSAGE][PASSED] - Object 'Object Repository/Product Page/edit_button' is present

2024-03-25 22:02:22 - [MESSAGE][PASSED] - Object: 'Object Repository/Product Page/edit_button' is clicked on

2024-03-25 22:02:22 - [MESSAGE][WARNING] - Timeout '0' is invalid. Using default page load timeout: '30'

2024-03-25 22:02:22 - [MESSAGE][PASSED] - Object 'Object Repository/Add Product Page/input_product_name' is present

2024-03-25 22:02:22 - [MESSAGE][WARNING] - Timeout '0' is invalid. Using default page load timeout: '30'

2024-03-25 22:02:23 - [MESSAGE][PASSED] - Object 'Object Repository/Add Product Page/input_product_name' is present

2024-03-25 22:02:23 - [MESSAGE][PASSED] - Text 'pensil' is set on object 'Object Repository/Add Product Page/input_product_name'

2024-03-25 22:02:24 - [MESSAGE][PASSED] - Text '2000' is set on object 'Object Repository/Add Product Page/input_product_price'

2024-03-25 22:02:25 - [MESSAGE][PASSED] - All options with index in [1] are selected on object 'Object Repository/Add Product Page/input_category'

2024-03-25 22:02:26 - [MESSAGE][PASSED] - Text 'buat menulis' is set on object 'Object Repository/Add Product Page/input_description'

2024-03-25 22:02:26 - [MESSAGE][PASSED] - Scroll to object 'Object Repository/Add Product Page/button_published' successfully

2024-03-25 22:02:27 - [MESSAGE][PASSED] - Object: 'Object Repository/Add Product Page/button_published' is clicked on

2024-03-25 22:02:27 - [MESSAGE][WARNING] - Timeout '0' is invalid. Using default page load timeout: '30'

2024-03-25 22:02:27 - [MESSAGE][PASSED] - Object 'Object Repository/Preview Page/button_edit' is present

2024-03-25 22:02:27 - [MESSAGE][WARNING] - Timeout '0' is invalid. Using default page load timeout: '30'

2024-03-25 22:02:27 - [MESSAGE][PASSED] - Object 'Object Repository/Preview Page/button_delete' is present

2024-03-25 22:02:28 - [MESSAGE][WARNING] - Timeout '0' is invalid. Using default page load timeout: '30'

2024-03-25 22:02:28 - [MESSAGE][PASSED] - Object 'Object Repository/Preview Page/button_edit' is present

2024-03-25 22:02:28 - [MESSAGE][WARNING] - Timeout '0' is invalid. Using default page load timeout: '30'

2024-03-25 22:02:28 - [MESSAGE][PASSED] - Object 'Object Repository/Preview Page/button_delete' is present

2024-03-25 22:02:28 - [MESSAGE][WARNING] - A browser is already opened. Closing browser and opening a new one

2024-03-25 22:02:29 - [MESSAGE][INFO] - Starting 'Chrome' driver

2024-03-25 22:02:29 - [MESSAGE][INFO] - Action delay is set to 0 milliseconds

2024-03-25 22:02:31 - [MESSAGE][PASSED] - Browser is opened with url: 'https://secondhand.binaracademy.org/users/sign_in'

2024-03-25 22:02:31 - [MESSAGE][PASSED] - Current window maximized

2024-03-25 22:02:31 - [MESSAGE][WARNING] - Timeout '0' is invalid. Using default page load timeout: '30'

2024-03-25 22:02:32 - [MESSAGE][PASSED] - Object 'Object Repository/Login Page/input_email' is present

2024-03-25 22:02:32 - [MESSAGE][WARNING] - Timeout '0' is invalid. Using default page load timeout: '30'

2024-03-25 22:02:32 - [MESSAGE][PASSED] - Object 'Object Repository/Login Page/input_password' is present

2024-03-25 22:02:33 - [MESSAGE][PASSED] - Text 'bb@mail.com' is set on object 'Object Repository/Login Page/input_email'

2024-03-25 22:02:33 - [MESSAGE][PASSED] - Text 'bb' is set on object 'Object Repository/Login Page/input_password'

2024-03-25 22:02:34 - [MESSAGE][PASSED] - Object: 'Object Repository/Login Page/button_login' is clicked on

2024-03-25 22:02:34 - [MESSAGE][WARNING] - Timeout '0' is invalid. Using default page load timeout: '30'

2024-03-25 22:02:35 - [MESSAGE][PASSED] - Object 'Object Repository/Home Page/icon_notification' is present

2024-03-25 22:02:35 - [MESSAGE][WARNING] - Timeout '0' is invalid. Using default page load timeout: '30'

2024-03-25 22:02:35 - [MESSAGE][PASSED] - Object 'Object Repository/Home Page/button_add_product' is present

2024-03-25 22:02:35 - [MESSAGE][WARNING] - Timeout '0' is invalid. Using default page load timeout: '30'

2024-03-25 22:02:36 - [MESSAGE][PASSED] - Object 'Object Repository/Home Page/icon_notification' is present

2024-03-25 22:02:36 - [MESSAGE][WARNING] - Timeout '0' is invalid. Using default page load timeout: '30'

2024-03-25 22:02:36 - [MESSAGE][PASSED] - Object 'Object Repository/Home Page/button_add_product' is present

2024-03-25 22:02:36 - [MESSAGE][PASSED] - Object: 'Object Repository/Home Page/icon_product' is clicked on

2024-03-25 22:02:36 - [MESSAGE][WARNING] - Timeout '0' is invalid. Using default page load timeout: '30'

2024-03-25 22:02:37 - [MESSAGE][PASSED] - Object 'Object Repository/Product Page/button_created_products' is present

2024-03-25 22:02:37 - [MESSAGE][WARNING] - Timeout '0' is invalid. Using default page load timeout: '30'

2024-03-25 22:02:37 - [MESSAGE][PASSED] - Object 'Object Repository/Product Page/first_product_card' is present

2024-03-25 22:02:37 - [MESSAGE][WARNING] - Timeout '0' is invalid. Using default page load timeout: '30'

2024-03-25 22:02:38 - [MESSAGE][PASSED] - Object 'Object Repository/Product Page/button_created_products' is present

2024-03-25 22:02:38 - [MESSAGE][WARNING] - Timeout '0' is invalid. Using default page load timeout: '30'

2024-03-25 22:02:38 - [MESSAGE][PASSED] - Object 'Object Repository/Product Page/first_product_card' is present

2024-03-25 22:02:38 - [MESSAGE][PASSED] - Scroll to object 'Object Repository/Product Page/first_product_card' successfully

2024-03-25 22:02:39 - [MESSAGE][PASSED] - Object: 'Object Repository/Product Page/first_product_card' is clicked on

2024-03-25 22:02:39 - [MESSAGE][WARNING] - Timeout '0' is invalid. Using default page load timeout: '30'

2024-03-25 22:02:39 - [MESSAGE][PASSED] - Object 'Object Repository/Product Page/edit_button' is present

2024-03-25 22:02:39 - [MESSAGE][WARNING] - Timeout '0' is invalid. Using default page load timeout: '30'

2024-03-25 22:02:40 - [MESSAGE][PASSED] - Object 'Object Repository/Product Page/edit_button' is present

2024-03-25 22:02:40 - [MESSAGE][PASSED] - Object: 'Object Repository/Product Page/edit_button' is clicked on

2024-03-25 22:02:40 - [MESSAGE][WARNING] - Timeout '0' is invalid. Using default page load timeout: '30'

2024-03-25 22:02:41 - [MESSAGE][PASSED] - Object 'Object Repository/Add Product Page/input_product_name' is present

2024-03-25 22:02:41 - [MESSAGE][WARNING] - Timeout '0' is invalid. Using default page load timeout: '30'

2024-03-25 22:02:41 - [MESSAGE][PASSED] - Object 'Object Repository/Add Product Page/input_product_name' is present

2024-03-25 22:02:41 - [MESSAGE][PASSED] - Text of object 'Object Repository/Add Product Page/input_product_name' is cleared

2024-03-25 22:02:42 - [MESSAGE][PASSED] - Scroll to object 'Object Repository/Add Product Page/button_published' successfully

2024-03-25 22:02:42 - [MESSAGE][PASSED] - Object: 'Object Repository/Add Product Page/button_published' is clicked on

2024-03-25 22:02:43 - [MESSAGE][PASSED] - Attribute 'Nama Produk' of object 'Object Repository/Add Product Page/input_product_name' is: 'null'

2024-03-25 22:02:43 - [MESSAGE][PASSED] - Attribute 'Rp 0,00' of object 'Object Repository/Add Product Page/input_product_price' is: 'null'

2024-03-25 22:02:43 - [MESSAGE][PASSED] - Attribute 'Contoh: Jalan Ikan Hiu 33' of object 'Object Repository/Add Product Page/input_description' is: 'null'

2024-03-25 22:02:43 - [MESSAGE][WARNING] - A browser is already opened. Closing browser and opening a new one

2024-03-25 22:02:44 - [MESSAGE][INFO] - Starting 'Chrome' driver

2024-03-25 22:02:44 - [MESSAGE][INFO] - Action delay is set to 0 milliseconds

2024-03-25 22:02:46 - [MESSAGE][PASSED] - Browser is opened with url: 'https://secondhand.binaracademy.org/users/sign_in'

2024-03-25 22:02:46 - [MESSAGE][PASSED] - Current window maximized

2024-03-25 22:02:46 - [MESSAGE][WARNING] - Timeout '0' is invalid. Using default page load timeout: '30'

2024-03-25 22:02:47 - [MESSAGE][PASSED] - Object 'Object Repository/Login Page/input_email' is present

2024-03-25 22:02:47 - [MESSAGE][WARNING] - Timeout '0' is invalid. Using default page load timeout: '30'

2024-03-25 22:02:47 - [MESSAGE][PASSED] - Object 'Object Repository/Login Page/input_password' is present

2024-03-25 22:02:48 - [MESSAGE][PASSED] - Text 'bb@mail.com' is set on object 'Object Repository/Login Page/input_email'

2024-03-25 22:02:48 - [MESSAGE][PASSED] - Text 'bb' is set on object 'Object Repository/Login Page/input_password'

2024-03-25 22:02:49 - [MESSAGE][PASSED] - Object: 'Object Repository/Login Page/button_login' is clicked on

2024-03-25 22:02:49 - [MESSAGE][WARNING] - Timeout '0' is invalid. Using default page load timeout: '30'

2024-03-25 22:02:50 - [MESSAGE][PASSED] - Object 'Object Repository/Home Page/icon_notification' is present

2024-03-25 22:02:50 - [MESSAGE][WARNING] - Timeout '0' is invalid. Using default page load timeout: '30'

2024-03-25 22:02:50 - [MESSAGE][PASSED] - Object 'Object Repository/Home Page/button_add_product' is present

2024-03-25 22:02:50 - [MESSAGE][WARNING] - Timeout '0' is invalid. Using default page load timeout: '30'

2024-03-25 22:02:50 - [MESSAGE][PASSED] - Object 'Object Repository/Home Page/icon_notification' is present

2024-03-25 22:02:50 - [MESSAGE][WARNING] - Timeout '0' is invalid. Using default page load timeout: '30'

2024-03-25 22:02:51 - [MESSAGE][PASSED] - Object 'Object Repository/Home Page/button_add_product' is present

2024-03-25 22:02:51 - [MESSAGE][PASSED] - Object: 'Object Repository/Home Page/icon_product' is clicked on

2024-03-25 22:02:51 - [MESSAGE][WARNING] - Timeout '0' is invalid. Using default page load timeout: '30'

2024-03-25 22:02:52 - [MESSAGE][PASSED] - Object 'Object Repository/Product Page/button_created_products' is present

2024-03-25 22:02:52 - [MESSAGE][WARNING] - Timeout '0' is invalid. Using default page load timeout: '30'

2024-03-25 22:02:52 - [MESSAGE][PASSED] - Object 'Object Repository/Product Page/first_product_card' is present

2024-03-25 22:02:52 - [MESSAGE][WARNING] - Timeout '0' is invalid. Using default page load timeout: '30'

2024-03-25 22:02:52 - [MESSAGE][PASSED] - Object 'Object Repository/Product Page/button_created_products' is present

2024-03-25 22:02:52 - [MESSAGE][WARNING] - Timeout '0' is invalid. Using default page load timeout: '30'

2024-03-25 22:02:53 - [MESSAGE][PASSED] - Object 'Object Repository/Product Page/first_product_card' is present

2024-03-25 22:02:53 - [MESSAGE][PASSED] - Scroll to object 'Object Repository/Product Page/first_product_card' successfully

2024-03-25 22:02:54 - [MESSAGE][PASSED] - Object: 'Object Repository/Product Page/first_product_card' is clicked on

2024-03-25 22:02:54 - [MESSAGE][WARNING] - Timeout '0' is invalid. Using default page load timeout: '30'

2024-03-25 22:02:54 - [MESSAGE][PASSED] - Object 'Object Repository/Product Page/edit_button' is present

2024-03-25 22:02:54 - [MESSAGE][WARNING] - Timeout '0' is invalid. Using default page load timeout: '30'

2024-03-25 22:02:54 - [MESSAGE][PASSED] - Object 'Object Repository/Product Page/edit_button' is present

2024-03-25 22:02:55 - [MESSAGE][PASSED] - Object: 'Object Repository/Product Page/edit_button' is clicked on

2024-03-25 22:02:55 - [MESSAGE][WARNING] - Timeout '0' is invalid. Using default page load timeout: '30'

2024-03-25 22:02:55 - [MESSAGE][PASSED] - Object 'Object Repository/Add Product Page/input_product_name' is present

2024-03-25 22:02:55 - [MESSAGE][WARNING] - Timeout '0' is invalid. Using default page load timeout: '30'

2024-03-25 22:02:56 - [MESSAGE][PASSED] - Object 'Object Repository/Add Product Page/input_product_name' is present

2024-03-25 22:02:56 - [MESSAGE][PASSED] - Text of object 'Object Repository/Add Product Page/input_product_price' is cleared

2024-03-25 22:02:56 - [MESSAGE][PASSED] - Scroll to object 'Object Repository/Add Product Page/button_published' successfully

2024-03-25 22:02:57 - [MESSAGE][PASSED] - Object: 'Object Repository/Add Product Page/button_published' is clicked on

2024-03-25 22:02:57 - [MESSAGE][PASSED] - Attribute 'Nama Produk' of object 'Object Repository/Add Product Page/input_product_name' is: 'null'

2024-03-25 22:02:58 - [MESSAGE][PASSED] - Attribute 'Rp 0,00' of object 'Object Repository/Add Product Page/input_product_price' is: 'null'

2024-03-25 22:02:58 - [MESSAGE][PASSED] - Attribute 'Contoh: Jalan Ikan Hiu 33' of object 'Object Repository/Add Product Page/input_description' is: 'null'

2024-03-25 22:02:58 - [MESSAGE][WARNING] - A browser is already opened. Closing browser and opening a new one

2024-03-25 22:02:59 - [MESSAGE][INFO] - Starting 'Chrome' driver

2024-03-25 22:02:59 - [MESSAGE][INFO] - Action delay is set to 0 milliseconds

2024-03-25 22:03:01 - [MESSAGE][PASSED] - Browser is opened with url: 'https://secondhand.binaracademy.org/users/sign_in'

2024-03-25 22:03:01 - [MESSAGE][PASSED] - Current window maximized

2024-03-25 22:03:01 - [MESSAGE][WARNING] - Timeout '0' is invalid. Using default page load timeout: '30'

2024-03-25 22:03:02 - [MESSAGE][PASSED] - Object 'Object Repository/Login Page/input_email' is present

2024-03-25 22:03:02 - [MESSAGE][WARNING] - Timeout '0' is invalid. Using default page load timeout: '30'

2024-03-25 22:03:02 - [MESSAGE][PASSED] - Object 'Object Repository/Login Page/input_password' is present

2024-03-25 22:03:03 - [MESSAGE][PASSED] - Text 'bb@mail.com' is set on object 'Object Repository/Login Page/input_email'

2024-03-25 22:03:03 - [MESSAGE][PASSED] - Text 'bb' is set on object 'Object Repository/Login Page/input_password'

2024-03-25 22:03:04 - [MESSAGE][PASSED] - Object: 'Object Repository/Login Page/button_login' is clicked on

2024-03-25 22:03:04 - [MESSAGE][WARNING] - Timeout '0' is invalid. Using default page load timeout: '30'

2024-03-25 22:03:05 - [MESSAGE][PASSED] - Object 'Object Repository/Home Page/icon_notification' is present

2024-03-25 22:03:05 - [MESSAGE][WARNING] - Timeout '0' is invalid. Using default page load timeout: '30'

2024-03-25 22:03:05 - [MESSAGE][PASSED] - Object 'Object Repository/Home Page/button_add_product' is present

2024-03-25 22:03:05 - [MESSAGE][WARNING] - Timeout '0' is invalid. Using default page load timeout: '30'

2024-03-25 22:03:05 - [MESSAGE][PASSED] - Object 'Object Repository/Home Page/icon_notification' is present

2024-03-25 22:03:05 - [MESSAGE][WARNING] - Timeout '0' is invalid. Using default page load timeout: '30'

2024-03-25 22:03:06 - [MESSAGE][PASSED] - Object 'Object Repository/Home Page/button_add_product' is present

2024-03-25 22:03:06 - [MESSAGE][PASSED] - Object: 'Object Repository/Home Page/icon_product' is clicked on

2024-03-25 22:03:06 - [MESSAGE][WARNING] - Timeout '0' is invalid. Using default page load timeout: '30'

2024-03-25 22:03:07 - [MESSAGE][PASSED] - Object 'Object Repository/Product Page/button_created_products' is present

2024-03-25 22:03:07 - [MESSAGE][WARNING] - Timeout '0' is invalid. Using default page load timeout: '30'

2024-03-25 22:03:07 - [MESSAGE][PASSED] - Object 'Object Repository/Product Page/first_product_card' is present

2024-03-25 22:03:07 - [MESSAGE][WARNING] - Timeout '0' is invalid. Using default page load timeout: '30'

2024-03-25 22:03:07 - [MESSAGE][PASSED] - Object 'Object Repository/Product Page/button_created_products' is present

2024-03-25 22:03:08 - [MESSAGE][WARNING] - Timeout '0' is invalid. Using default page load timeout: '30'

2024-03-25 22:03:08 - [MESSAGE][PASSED] - Object 'Object Repository/Product Page/first_product_card' is present

2024-03-25 22:03:08 - [MESSAGE][PASSED] - Scroll to object 'Object Repository/Product Page/first_product_card' successfully

2024-03-25 22:03:09 - [MESSAGE][PASSED] - Object: 'Object Repository/Product Page/first_product_card' is clicked on

2024-03-25 22:03:09 - [MESSAGE][WARNING] - Timeout '0' is invalid. Using default page load timeout: '30'

2024-03-25 22:03:09 - [MESSAGE][PASSED] - Object 'Object Repository/Product Page/edit_button' is present

2024-03-25 22:03:09 - [MESSAGE][WARNING] - Timeout '0' is invalid. Using default page load timeout: '30'

2024-03-25 22:03:09 - [MESSAGE][PASSED] - Object 'Object Repository/Product Page/edit_button' is present

2024-03-25 22:03:10 - [MESSAGE][PASSED] - Object: 'Object Repository/Product Page/edit_button' is clicked on

2024-03-25 22:03:10 - [MESSAGE][WARNING] - Timeout '0' is invalid. Using default page load timeout: '30'

2024-03-25 22:03:10 - [MESSAGE][PASSED] - Object 'Object Repository/Add Product Page/input_product_name' is present

2024-03-25 22:03:10 - [MESSAGE][WARNING] - Timeout '0' is invalid. Using default page load timeout: '30'

2024-03-25 22:03:11 - [MESSAGE][PASSED] - Object 'Object Repository/Add Product Page/input_product_name' is present

2024-03-25 22:03:11 - [MESSAGE][PASSED] - Text of object 'Object Repository/Add Product Page/input_description' is cleared

2024-03-25 22:03:11 - [MESSAGE][PASSED] - Scroll to object 'Object Repository/Add Product Page/button_published' successfully

2024-03-25 22:03:12 - [MESSAGE][PASSED] - Object: 'Object Repository/Add Product Page/button_published' is clicked on

2024-03-25 22:03:12 - [MESSAGE][PASSED] - Attribute 'Nama Produk' of object 'Object Repository/Add Product Page/input_product_name' is: 'null'

2024-03-25 22:03:13 - [MESSAGE][PASSED] - Attribute 'Rp 0,00' of object 'Object Repository/Add Product Page/input_product_price' is: 'null'

2024-03-25 22:03:13 - [MESSAGE][PASSED] - Attribute 'Contoh: Jalan Ikan Hiu 33' of object 'Object Repository/Add Product Page/input_description' is: 'null'

2024-03-25 22:03:13 - [MESSAGE][WARNING] - A browser is already opened. Closing browser and opening a new one

2024-03-25 22:03:14 - [MESSAGE][INFO] - Starting 'Chrome' driver

2024-03-25 22:03:14 - [MESSAGE][INFO] - Action delay is set to 0 milliseconds

2024-03-25 22:03:15 - [MESSAGE][PASSED] - Browser is opened with url: 'https://secondhand.binaracademy.org/users/sign_in'

2024-03-25 22:03:16 - [MESSAGE][PASSED] - Current window maximized

2024-03-25 22:03:16 - [MESSAGE][WARNING] - Timeout '0' is invalid. Using default page load timeout: '30'

2024-03-25 22:03:16 - [MESSAGE][PASSED] - Object 'Object Repository/Login Page/input_email' is present

2024-03-25 22:03:16 - [MESSAGE][WARNING] - Timeout '0' is invalid. Using default page load timeout: '30'

2024-03-25 22:03:16 - [MESSAGE][PASSED] - Object 'Object Repository/Login Page/input_password' is present

2024-03-25 22:03:17 - [MESSAGE][PASSED] - Text 'bb@mail.com' is set on object 'Object Repository/Login Page/input_email'

2024-03-25 22:03:18 - [MESSAGE][PASSED] - Text 'bb' is set on object 'Object Repository/Login Page/input_password'

2024-03-25 22:03:18 - [MESSAGE][PASSED] - Object: 'Object Repository/Login Page/button_login' is clicked on

2024-03-25 22:03:18 - [MESSAGE][WARNING] - Timeout '0' is invalid. Using default page load timeout: '30'

2024-03-25 22:03:19 - [MESSAGE][PASSED] - Object 'Object Repository/Home Page/icon_notification' is present

2024-03-25 22:03:19 - [MESSAGE][WARNING] - Timeout '0' is invalid. Using default page load timeout: '30'

2024-03-25 22:03:20 - [MESSAGE][PASSED] - Object 'Object Repository/Home Page/button_add_product' is present

2024-03-25 22:03:20 - [MESSAGE][WARNING] - Timeout '0' is invalid. Using default page load timeout: '30'

2024-03-25 22:03:20 - [MESSAGE][PASSED] - Object 'Object Repository/Home Page/icon_notification' is present

2024-03-25 22:03:20 - [MESSAGE][WARNING] - Timeout '0' is invalid. Using default page load timeout: '30'

2024-03-25 22:03:20 - [MESSAGE][PASSED] - Object 'Object Repository/Home Page/button_add_product' is present

2024-03-25 22:03:21 - [MESSAGE][PASSED] - Object: 'Object Repository/Home Page/button_add_product' is clicked on

2024-03-25 22:03:21 - [MESSAGE][WARNING] - Timeout '0' is invalid. Using default page load timeout: '30'

2024-03-25 22:03:21 - [MESSAGE][PASSED] - Object 'Object Repository/Add Product Page/input_product_name' is present

2024-03-25 22:03:21 - [MESSAGE][WARNING] - Timeout '0' is invalid. Using default page load timeout: '30'

2024-03-25 22:03:22 - [MESSAGE][PASSED] - Object 'Object Repository/Add Product Page/input_product_price' is present

2024-03-25 22:03:22 - [MESSAGE][WARNING] - Timeout '0' is invalid. Using default page load timeout: '30'

2024-03-25 22:03:22 - [MESSAGE][PASSED] - Object 'Object Repository/Add Product Page/input_product_name' is present

2024-03-25 22:03:22 - [MESSAGE][WARNING] - Timeout '0' is invalid. Using default page load timeout: '30'

2024-03-25 22:03:22 - [MESSAGE][PASSED] - Object 'Object Repository/Add Product Page/input_product_price' is present

2024-03-25 22:03:23 - [MESSAGE][PASSED] - Text '50000' is set on object 'Object Repository/Add Product Page/input_product_price'

2024-03-25 22:03:24 - [MESSAGE][PASSED] - All options with index in [1] are selected on object 'Object Repository/Add Product Page/input_category'

2024-03-25 22:03:25 - [MESSAGE][PASSED] - Text 'Dijamin Bagus' is set on object 'Object Repository/Add Product Page/input_description'

2024-03-25 22:03:25 - [MESSAGE][PASSED] - Text 'Headset Gaming ROG' is set on object 'Object Repository/Add Product Page/input_product_name'

2024-03-25 22:03:26 - [MESSAGE][PASSED] - File 'C:/Users/yoelm/Katalon Studio/qae23001065_18_k3_web_automation_platinum/Asset/headset.jpg' sent to object: 'Object Repository/Add Product Page/upload_image'

2024-03-25 22:03:26 - [MESSAGE][PASSED] - Scroll to object 'Object Repository/Add Product Page/button_published' successfully

2024-03-25 22:03:27 - [MESSAGE][PASSED] - Object: 'Object Repository/Add Product Page/button_published' is clicked on

2024-03-25 22:03:27 - [MESSAGE][WARNING] - Timeout '0' is invalid. Using default page load timeout: '30'

2024-03-25 22:03:28 - [MESSAGE][PASSED] - Object 'Object Repository/Add Product Page/button_edit' is present

2024-03-25 22:03:28 - [MESSAGE][WARNING] - Timeout '0' is invalid. Using default page load timeout: '30'

2024-03-25 22:03:28 - [MESSAGE][PASSED] - Object 'Object Repository/Add Product Page/button_delete' is present

2024-03-25 22:03:28 - [MESSAGE][WARNING] - Timeout '0' is invalid. Using default page load timeout: '30'

2024-03-25 22:03:29 - [MESSAGE][PASSED] - Object 'Object Repository/Add Product Page/button_edit' is present

2024-03-25 22:03:29 - [MESSAGE][WARNING] - Timeout '0' is invalid. Using default page load timeout: '30'

2024-03-25 22:03:29 - [MESSAGE][PASSED] - Object 'Object Repository/Add Product Page/button_delete' is present

2024-03-25 22:03:29 - [MESSAGE][WARNING] - A browser is already opened. Closing browser and opening a new one

2024-03-25 22:03:30 - [MESSAGE][INFO] - Starting 'Chrome' driver

2024-03-25 22:03:30 - [MESSAGE][INFO] - Action delay is set to 0 milliseconds

2024-03-25 22:03:31 - [MESSAGE][PASSED] - Browser is opened with url: 'https://secondhand.binaracademy.org/users/sign_in'

2024-03-25 22:03:31 - [MESSAGE][PASSED] - Current window maximized

2024-03-25 22:03:31 - [MESSAGE][WARNING] - Timeout '0' is invalid. Using default page load timeout: '30'

2024-03-25 22:03:32 - [MESSAGE][PASSED] - Object 'Object Repository/Login Page/input_email' is present

2024-03-25 22:03:32 - [MESSAGE][WARNING] - Timeout '0' is invalid. Using default page load timeout: '30'

2024-03-25 22:03:32 - [MESSAGE][PASSED] - Object 'Object Repository/Login Page/input_password' is present

2024-03-25 22:03:33 - [MESSAGE][PASSED] - Text 'bb@mail.com' is set on object 'Object Repository/Login Page/input_email'

2024-03-25 22:03:33 - [MESSAGE][PASSED] - Text 'bb' is set on object 'Object Repository/Login Page/input_password'

2024-03-25 22:03:34 - [MESSAGE][PASSED] - Object: 'Object Repository/Login Page/button_login' is clicked on

2024-03-25 22:03:34 - [MESSAGE][WARNING] - Timeout '0' is invalid. Using default page load timeout: '30'

2024-03-25 22:03:35 - [MESSAGE][PASSED] - Object 'Object Repository/Home Page/icon_notification' is present

2024-03-25 22:03:35 - [MESSAGE][WARNING] - Timeout '0' is invalid. Using default page load timeout: '30'

2024-03-25 22:03:35 - [MESSAGE][PASSED] - Object 'Object Repository/Home Page/button_add_product' is present

2024-03-25 22:03:35 - [MESSAGE][WARNING] - Timeout '0' is invalid. Using default page load timeout: '30'

2024-03-25 22:03:35 - [MESSAGE][PASSED] - Object 'Object Repository/Home Page/icon_notification' is present

2024-03-25 22:03:36 - [MESSAGE][WARNING] - Timeout '0' is invalid. Using default page load timeout: '30'

2024-03-25 22:03:36 - [MESSAGE][PASSED] - Object 'Object Repository/Home Page/button_add_product' is present

2024-03-25 22:03:36 - [MESSAGE][PASSED] - Object: 'Object Repository/Home Page/button_add_product' is clicked on

2024-03-25 22:03:36 - [MESSAGE][WARNING] - Timeout '0' is invalid. Using default page load timeout: '30'

2024-03-25 22:03:37 - [MESSAGE][PASSED] - Object 'Object Repository/Add Product Page/input_product_name' is present

2024-03-25 22:03:37 - [MESSAGE][WARNING] - Timeout '0' is invalid. Using default page load timeout: '30'

2024-03-25 22:03:37 - [MESSAGE][PASSED] - Object 'Object Repository/Add Product Page/input_product_price' is present

2024-03-25 22:03:37 - [MESSAGE][WARNING] - Timeout '0' is invalid. Using default page load timeout: '30'

2024-03-25 22:03:37 - [MESSAGE][PASSED] - Object 'Object Repository/Add Product Page/input_product_name' is present

2024-03-25 22:03:38 - [MESSAGE][WARNING] - Timeout '0' is invalid. Using default page load timeout: '30'

2024-03-25 22:03:38 - [MESSAGE][PASSED] - Object 'Object Repository/Add Product Page/input_product_price' is present

2024-03-25 22:03:38 - [MESSAGE][PASSED] - Text '50000' is set on object 'Object Repository/Add Product Page/input_product_price'

2024-03-25 22:03:39 - [MESSAGE][PASSED] - All options with index in [1] are selected on object 'Object Repository/Add Product Page/input_category'

2024-03-25 22:03:40 - [MESSAGE][PASSED] - Text 'Dijamin Bagus' is set on object 'Object Repository/Add Product Page/input_description'

2024-03-25 22:03:41 - [MESSAGE][PASSED] - Text 'Poster One Piece' is set on object 'Object Repository/Add Product Page/input_product_name'

[...]

2024-03-25 22:06:56 - [MESSAGE][PASSED] - Object 'Object Repository/Buy Product Page/button_offfering' is present

2024-03-25 22:06:56 - [MESSAGE][PASSED] - Object: 'Object Repository/Buy Product Page/button_offfering' is clicked on

2024-03-25 22:06:57 - [MESSAGE][PASSED] - Text '100000' is set on object 'Object Repository/Buy Product Page/input_offering_price'

2024-03-25 22:06:58 - [MESSAGE][PASSED] - Object: 'Object Repository/Buy Product Page/button_send_offer' is clicked on

2024-03-25 22:06:58 - [MESSAGE][WARNING] - Timeout '0' is invalid. Using default page load timeout: '30'

2024-03-25 22:06:58 - [MESSAGE][PASSED] - Object 'Object Repository/Buy Product Page/unclickable_button' is present

2024-03-25 22:06:58 - [MESSAGE][WARNING] - Timeout '0' is invalid. Using default page load timeout: '30'

2024-03-25 22:06:58 - [MESSAGE][PASSED] - Object 'Object Repository/Buy Product Page/unclickable_button' is present

2024-03-25 22:06:58 - [MESSAGE][WARNING] - A browser is already opened. Closing browser and opening a new one

2024-03-25 22:06:59 - [MESSAGE][INFO] - Starting 'Chrome' driver

2024-03-25 22:06:59 - [MESSAGE][INFO] - Action delay is set to 0 milliseconds

2024-03-25 22:07:02 - [MESSAGE][PASSED] - Browser is opened with url: 'https://secondhand.binaracademy.org/users/sign_in'

2024-03-25 22:07:02 - [MESSAGE][PASSED] - Current window maximized

2024-03-25 22:07:02 - [MESSAGE][WARNING] - Timeout '0' is invalid. Using default page load timeout: '30'

2024-03-25 22:07:02 - [MESSAGE][PASSED] - Object 'Object Repository/Login Page/input_email' is present

2024-03-25 22:07:02 - [MESSAGE][WARNING] - Timeout '0' is invalid. Using default page load timeout: '30'

2024-03-25 22:07:02 - [MESSAGE][PASSED] - Object 'Object Repository/Login Page/input_password' is present

2024-03-25 22:07:03 - [MESSAGE][PASSED] - Text 'bb@mail.com' is set on object 'Object Repository/Login Page/input_email'

2024-03-25 22:07:04 - [MESSAGE][PASSED] - Text 'bb' is set on object 'Object Repository/Login Page/input_password'

2024-03-25 22:07:04 - [MESSAGE][PASSED] - Object: 'Object Repository/Login Page/button_login' is clicked on

2024-03-25 22:07:04 - [MESSAGE][WARNING] - Timeout '0' is invalid. Using default page load timeout: '30'

2024-03-25 22:07:05 - [MESSAGE][PASSED] - Object 'Object Repository/Home Page/icon_notification' is present

2024-03-25 22:07:05 - [MESSAGE][WARNING] - Timeout '0' is invalid. Using default page load timeout: '30'

2024-03-25 22:07:06 - [MESSAGE][PASSED] - Object 'Object Repository/Home Page/button_add_product' is present

2024-03-25 22:07:06 - [MESSAGE][WARNING] - Timeout '0' is invalid. Using default page load timeout: '30'

2024-03-25 22:07:06 - [MESSAGE][PASSED] - Object 'Object Repository/Home Page/icon_notification' is present

2024-03-25 22:07:06 - [MESSAGE][WARNING] - Timeout '0' is invalid. Using default page load timeout: '30'

2024-03-25 22:07:06 - [MESSAGE][PASSED] - Object 'Object Repository/Home Page/button_add_product' is present

2024-03-25 22:07:07 - [MESSAGE][PASSED] - Object: 'Object Repository/Home Page/icon_notification' is clicked on

2024-03-25 22:07:07 - [MESSAGE][PASSED] - Scroll to object 'Object Repository/Home Page/button_all_notification' successfully

2024-03-25 22:07:08 - [MESSAGE][PASSED] - Object: 'Object Repository/Home Page/button_all_notification' is clicked on

2024-03-25 22:07:08 - [MESSAGE][WARNING] - Timeout '0' is invalid. Using default page load timeout: '30'

2024-03-25 22:07:08 - [MESSAGE][PASSED] - Object 'Object Repository/Notification Page/product_being_offered' is present

2024-03-25 22:07:08 - [MESSAGE][WARNING] - Timeout '0' is invalid. Using default page load timeout: '30'

2024-03-25 22:07:08 - [MESSAGE][PASSED] - Object 'Object Repository/Notification Page/product_being_offered' is present

2024-03-25 22:07:09 - [MESSAGE][PASSED] - Object: 'Object Repository/Notification Page/product_being_offered' is clicked on

2024-03-25 22:07:09 - [MESSAGE][WARNING] - Timeout '0' is invalid. Using default page load timeout: '30'

2024-03-25 22:07:09 - [MESSAGE][PASSED] - Object 'Object Repository/Offer Page/button_accept' is present

2024-03-25 22:07:10 - [MESSAGE][WARNING] - Timeout '0' is invalid. Using default page load timeout: '30'

2024-03-25 22:07:10 - [MESSAGE][PASSED] - Object 'Object Repository/Offer Page/button_decline' is present

2024-03-25 22:07:10 - [MESSAGE][WARNING] - Timeout '0' is invalid. Using default page load timeout: '30'

2024-03-25 22:07:10 - [MESSAGE][PASSED] - Object 'Object Repository/Offer Page/button_accept' is present

2024-03-25 22:07:10 - [MESSAGE][WARNING] - Timeout '0' is invalid. Using default page load timeout: '30'

2024-03-25 22:07:10 - [MESSAGE][PASSED] - Object 'Object Repository/Offer Page/button_decline' is present

2024-03-25 22:07:11 - [MESSAGE][PASSED] - Object: 'Object Repository/Offer Page/button_accept' is clicked on

2024-03-25 22:07:11 - [MESSAGE][WARNING] - Timeout '0' is invalid. Using default page load timeout: '30'

2024-03-25 22:07:11 - [MESSAGE][PASSED] - Object 'Object Repository/Offer Page/button_negotiate_via_wa' is present

2024-03-25 22:07:11 - [MESSAGE][WARNING] - Timeout '0' is invalid. Using default page load timeout: '30'

2024-03-25 22:07:12 - [MESSAGE][PASSED] - Object 'Object Repository/Offer Page/button_Status' is present

2024-03-25 22:07:12 - [MESSAGE][WARNING] - Timeout '0' is invalid. Using default page load timeout: '30'

2024-03-25 22:07:12 - [MESSAGE][PASSED] - Object 'Object Repository/Offer Page/button_negotiate_via_wa' is present

2024-03-25 22:07:12 - [MESSAGE][WARNING] - Timeout '0' is invalid. Using default page load timeout: '30'

2024-03-25 22:07:12 - [MESSAGE][PASSED] - Object 'Object Repository/Offer Page/button_Status' is present

2024-03-25 22:07:13 - [MESSAGE][PASSED] - Object: 'Object Repository/Offer Page/button_Status' is clicked on

2024-03-25 22:07:13 - [MESSAGE][WARNING] - Timeout '0' is invalid. Using default page load timeout: '30'

2024-03-25 22:07:13 - [MESSAGE][PASSED] - Object 'Object Repository/Offer Page/input_ofer_status_cancelled' is present

2024-03-25 22:07:13 - [MESSAGE][WARNING] - Timeout '0' is invalid. Using default page load timeout: '30'

2024-03-25 22:07:14 - [MESSAGE][PASSED] - Object 'Object Repository/Offer Page/input_offer_status_finished' is present

2024-03-25 22:07:14 - [MESSAGE][WARNING] - Timeout '0' is invalid. Using default page load timeout: '30'

2024-03-25 22:07:14 - [MESSAGE][PASSED] - Object 'Object Repository/Offer Page/input_ofer_status_cancelled' is present

2024-03-25 22:07:14 - [MESSAGE][WARNING] - Timeout '0' is invalid. Using default page load timeout: '30'

2024-03-25 22:07:14 - [MESSAGE][PASSED] - Object 'Object Repository/Offer Page/input_offer_status_finished' is present

2024-03-25 22:07:15 - [MESSAGE][PASSED] - Object: 'Object Repository/Offer Page/input_offer_status_finished' is clicked on

2024-03-25 22:07:15 - [MESSAGE][PASSED] - Object: 'Object Repository/Offer Page/button_submit_offer' is clicked on

2024-03-25 22:07:15 - [MESSAGE][WARNING] - Timeout '0' is invalid. Using default page load timeout: '30'

2024-03-25 22:07:16 - [MESSAGE][PASSED] - Object 'Object Repository/Offer Page/successfully_sold' is present

2024-03-25 22:07:16 - [MESSAGE][WARNING] - Timeout '0' is invalid. Using default page load timeout: '30'

2024-03-25 22:07:16 - [MESSAGE][PASSED] - Object 'Object Repository/Offer Page/offer_information' is present

2024-03-25 22:07:16 - [MESSAGE][WARNING] - Timeout '0' is invalid. Using default page load timeout: '30'

2024-03-25 22:07:16 - [MESSAGE][PASSED] - Object 'Object Repository/Offer Page/successfully_sold' is present

2024-03-25 22:07:16 - [MESSAGE][WARNING] - Timeout '0' is invalid. Using default page load timeout: '30'

2024-03-25 22:07:17 - [MESSAGE][PASSED] - Object 'Object Repository/Offer Page/offer_information' is present

2024-03-25 22:07:17 - [MESSAGE][WARNING] - A browser is already opened. Closing browser and opening a new one

2024-03-25 22:07:17 - [MESSAGE][INFO] - Starting 'Chrome' driver

2024-03-25 22:07:17 - [MESSAGE][INFO] - Action delay is set to 0 milliseconds

2024-03-25 22:07:19 - [MESSAGE][PASSED] - Browser is opened with url: 'https://secondhand.binaracademy.org/users/sign_in'

2024-03-25 22:07:19 - [MESSAGE][PASSED] - Current window maximized

2024-03-25 22:07:19 - [MESSAGE][WARNING] - Timeout '0' is invalid. Using default page load timeout: '30'

2024-03-25 22:07:20 - [MESSAGE][PASSED] - Object 'Object Repository/Login Page/input_email' is present

2024-03-25 22:07:20 - [MESSAGE][WARNING] - Timeout '0' is invalid. Using default page load timeout: '30'

2024-03-25 22:07:20 - [MESSAGE][PASSED] - Object 'Object Repository/Login Page/input_password' is present

2024-03-25 22:07:20 - [MESSAGE][WARNING] - Timeout '0' is invalid. Using default page load timeout: '30'

2024-03-25 22:07:20 - [MESSAGE][PASSED] - Object 'Object Repository/Login Page/input_email' is present

2024-03-25 22:07:20 - [MESSAGE][WARNING] - Timeout '0' is invalid. Using default page load timeout: '30'

2024-03-25 22:07:21 - [MESSAGE][PASSED] - Object 'Object Repository/Login Page/input_password' is present

2024-03-25 22:07:21 - [MESSAGE][PASSED] - Text 'dd@mail.com' is set on object 'Object Repository/Login Page/input_email'

2024-03-25 22:07:22 - [MESSAGE][PASSED] - Text 'dd' is set on object 'Object Repository/Login Page/input_password'

2024-03-25 22:07:22 - [MESSAGE][PASSED] - Object: 'Object Repository/Login Page/button_login' is clicked on

2024-03-25 22:07:22 - [MESSAGE][WARNING] - Timeout '0' is invalid. Using default page load timeout: '30'

2024-03-25 22:07:23 - [MESSAGE][PASSED] - Object 'Object Repository/Home Page/icon_notification' is present

2024-03-25 22:07:23 - [MESSAGE][WARNING] - Timeout '0' is invalid. Using default page load timeout: '30'

2024-03-25 22:07:24 - [MESSAGE][PASSED] - Object 'Object Repository/Home Page/icon_profile' is present

2024-03-25 22:07:24 - [MESSAGE][WARNING] - Timeout '0' is invalid. Using default page load timeout: '30'

2024-03-25 22:07:24 - [MESSAGE][PASSED] - Object 'Object Repository/Home Page/icon_notification' is present

2024-03-25 22:07:24 - [MESSAGE][WARNING] - Timeout '0' is invalid. Using default page load timeout: '30'

2024-03-25 22:07:24 - [MESSAGE][PASSED] - Object 'Object Repository/Home Page/icon_profile' is present

2024-03-25 22:07:25 - [MESSAGE][PASSED] - Object: 'Object Repository/Home Page/search_products' is clicked on

2024-03-25 22:07:25 - [MESSAGE][WARNING] - Timeout '0' is invalid. Using default page load timeout: '30'

2024-03-25 22:07:25 - [MESSAGE][PASSED] - Object 'Object Repository/Home Page/icon_search' is present

2024-03-25 22:07:26 - [MESSAGE][PASSED] - Text 'Dress Korea' is set on object 'Object Repository/Home Page/search_products'

2024-03-25 22:07:26 - [MESSAGE][PASSED] - Keys 'ENTER + ' sent to object: 'Object Repository/Home Page/search_products'

2024-03-25 22:07:27 - [MESSAGE][PASSED] - Scroll to object 'Object Repository/Home Page/search_buy_product' successfully

2024-03-25 22:07:27 - [MESSAGE][WARNING] - Timeout '0' is invalid. Using default page load timeout: '30'

2024-03-25 22:07:27 - [MESSAGE][PASSED] - Object 'Object Repository/Home Page/search_buy_product' is present

2024-03-25 22:07:28 - [MESSAGE][PASSED] - Object: 'Object Repository/Home Page/search_buy_product' is clicked on

2024-03-25 22:07:28 - [MESSAGE][WARNING] - Timeout '0' is invalid. Using default page load timeout: '30'

2024-03-25 22:07:28 - [MESSAGE][PASSED] - Object 'Object Repository/Buy Product Page/button_offfering' is present

2024-03-25 22:07:28 - [MESSAGE][WARNING] - Timeout '0' is invalid. Using default page load timeout: '30'

2024-03-25 22:07:28 - [MESSAGE][PASSED] - Object 'Object Repository/Buy Product Page/button_offfering' is present

2024-03-25 22:07:29 - [MESSAGE][PASSED] - Object: 'Object Repository/Buy Product Page/button_offfering' is clicked on

2024-03-25 22:07:30 - [MESSAGE][PASSED] - Text '100000' is set on object 'Object Repository/Buy Product Page/input_offering_price'

2024-03-25 22:07:30 - [MESSAGE][PASSED] - Object: 'Object Repository/Buy Product Page/button_send_offer' is clicked on

2024-03-25 22:07:30 - [MESSAGE][WARNING] - Timeout '0' is invalid. Using default page load timeout: '30'

2024-03-25 22:07:31 - [MESSAGE][PASSED] - Object 'Object Repository/Buy Product Page/unclickable_button' is present

2024-03-25 22:07:31 - [MESSAGE][WARNING] - Timeout '0' is invalid. Using default page load timeout: '30'

2024-03-25 22:07:31 - [MESSAGE][PASSED] - Object 'Object Repository/Buy Product Page/unclickable_button' is present

2024-03-25 22:07:31 - [MESSAGE][WARNING] - A browser is already opened. Closing browser and opening a new one

2024-03-25 22:07:32 - [MESSAGE][INFO] - Starting 'Chrome' driver

2024-03-25 22:07:32 - [MESSAGE][INFO] - Action delay is set to 0 milliseconds

2024-03-25 22:07:33 - [MESSAGE][PASSED] - Browser is opened with url: 'https://secondhand.binaracademy.org/users/sign_in'

2024-03-25 22:07:33 - [MESSAGE][PASSED] - Current window maximized

2024-03-25 22:07:34 - [MESSAGE][WARNING] - Timeout '0' is invalid. Using default page load timeout: '30'

2024-03-25 22:07:34 - [MESSAGE][PASSED] - Object 'Object Repository/Login Page/input_email' is present

2024-03-25 22:07:34 - [MESSAGE][WARNING] - Timeout '0' is invalid. Using default page load timeout: '30'

2024-03-25 22:07:34 - [MESSAGE][PASSED] - Object 'Object Repository/Login Page/input_password' is present

2024-03-25 22:07:35 - [MESSAGE][PASSED] - Text 'bb@mail.com' is set on object 'Object Repository/Login Page/input_email'

2024-03-25 22:07:36 - [MESSAGE][PASSED] - Text 'bb' is set on object 'Object Repository/Login Page/input_password'

2024-03-25 22:07:36 - [MESSAGE][PASSED] - Object: 'Object Repository/Login Page/button_login' is clicked on

2024-03-25 22:07:36 - [MESSAGE][WARNING] - Timeout '0' is invalid. Using default page load timeout: '30'

2024-03-25 22:07:37 - [MESSAGE][PASSED] - Object 'Object Repository/Home Page/icon_notification' is present

2024-03-25 22:07:37 - [MESSAGE][WARNING] - Timeout '0' is invalid. Using default page load timeout: '30'

2024-03-25 22:07:37 - [MESSAGE][PASSED] - Object 'Object Repository/Home Page/button_add_product' is present

2024-03-25 22:07:37 - [MESSAGE][WARNING] - Timeout '0' is invalid. Using default page load timeout: '30'

2024-03-25 22:07:38 - [MESSAGE][PASSED] - Object 'Object Repository/Home Page/icon_notification' is present

2024-03-25 22:07:38 - [MESSAGE][WARNING] - Timeout '0' is invalid. Using default page load timeout: '30'

2024-03-25 22:07:38 - [MESSAGE][PASSED] - Object 'Object Repository/Home Page/button_add_product' is present

2024-03-25 22:07:38 - [MESSAGE][PASSED] - Object: 'Object Repository/Home Page/icon_notification' is clicked on

2024-03-25 22:07:39 - [MESSAGE][PASSED] - Scroll to object 'Object Repository/Home Page/button_all_notification' successfully

2024-03-25 22:07:39 - [MESSAGE][PASSED] - Object: 'Object Repository/Home Page/button_all_notification' is clicked on

2024-03-25 22:07:39 - [MESSAGE][WARNING] - Timeout '0' is invalid. Using default page load timeout: '30'

2024-03-25 22:07:40 - [MESSAGE][PASSED] - Object 'Object Repository/Notification Page/product_being_offered' is present

2024-03-25 22:07:40 - [MESSAGE][WARNING] - Timeout '0' is invalid. Using default page load timeout: '30'

2024-03-25 22:07:40 - [MESSAGE][PASSED] - Object 'Object Repository/Notification Page/product_being_offered' is present

2024-03-25 22:07:41 - [MESSAGE][PASSED] - Object: 'Object Repository/Notification Page/product_being_offered' is clicked on

2024-03-25 22:07:41 - [MESSAGE][WARNING] - Timeout '0' is invalid. Using default page load timeout: '30'

2024-03-25 22:07:41 - [MESSAGE][PASSED] - Object 'Object Repository/Offer Page/button_accept' is present

2024-03-25 22:07:41 - [MESSAGE][WARNING] - Timeout '0' is invalid. Using default page load timeout: '30'

2024-03-25 22:07:41 - [MESSAGE][PASSED] - Object 'Object Repository/Offer Page/button_decline' is present

2024-03-25 22:07:42 - [MESSAGE][WARNING] - Timeout '0' is invalid. Using default page load timeout: '30'

2024-03-25 22:07:42 - [MESSAGE][PASSED] - Object 'Object Repository/Offer Page/button_accept' is present

2024-03-25 22:07:42 - [MESSAGE][WARNING] - Timeout '0' is invalid. Using default page load timeout: '30'

2024-03-25 22:07:42 - [MESSAGE][PASSED] - Object 'Object Repository/Offer Page/button_decline' is present

2024-03-25 22:07:43 - [MESSAGE][PASSED] - Object: 'Object Repository/Offer Page/button_accept' is clicked on

2024-03-25 22:07:43 - [MESSAGE][WARNING] - Timeout '0' is invalid. Using default page load timeout: '30'

2024-03-25 22:07:43 - [MESSAGE][PASSED] - Object 'Object Repository/Offer Page/button_negotiate_via_wa' is present

2024-03-25 22:07:43 - [MESSAGE][WARNING] - Timeout '0' is invalid. Using default page load timeout: '30'

2024-03-25 22:07:43 - [MESSAGE][PASSED] - Object 'Object Repository/Offer Page/button_Status' is present

2024-03-25 22:07:44 - [MESSAGE][WARNING] - Timeout '0' is invalid. Using default page load timeout: '30'

2024-03-25 22:07:44 - [MESSAGE][PASSED] - Object 'Object Repository/Offer Page/button_negotiate_via_wa' is present

2024-03-25 22:07:44 - [MESSAGE][WARNING] - Timeout '0' is invalid. Using default page load timeout: '30'

2024-03-25 22:07:44 - [MESSAGE][PASSED] - Object 'Object Repository/Offer Page/button_Status' is present

2024-03-25 22:07:45 - [MESSAGE][PASSED] - Object: 'Object Repository/Offer Page/button_Status' is clicked on

2024-03-25 22:07:45 - [MESSAGE][WARNING] - Timeout '0' is invalid. Using default page load timeout: '30'

2024-03-25 22:07:45 - [MESSAGE][PASSED] - Object 'Object Repository/Offer Page/input_ofer_status_cancelled' is present

2024-03-25 22:07:45 - [MESSAGE][WARNING] - Timeout '0' is invalid. Using default page load timeout: '30'

2024-03-25 22:07:45 - [MESSAGE][PASSED] - Object 'Object Repository/Offer Page/input_offer_status_finished' is present

2024-03-25 22:07:45 - [MESSAGE][WARNING] - Timeout '0' is invalid. Using default page load timeout: '30'

2024-03-25 22:07:46 - [MESSAGE][PASSED] - Object 'Object Repository/Offer Page/input_ofer_status_cancelled' is present

2024-03-25 22:07:46 - [MESSAGE][WARNING] - Timeout '0' is invalid. Using default page load timeout: '30'

2024-03-25 22:07:46 - [MESSAGE][PASSED] - Object 'Object Repository/Offer Page/input_offer_status_finished' is present

2024-03-25 22:07:46 - [MESSAGE][PASSED] - Object: 'Object Repository/Offer Page/input_ofer_status_cancelled' is clicked on

2024-03-25 22:07:47 - [MESSAGE][PASSED] - Object: 'Object Repository/Offer Page/button_submit_offer' is clicked on

2024-03-25 22:07:47 - [MESSAGE][WARNING] - Timeout '0' is invalid. Using default page load timeout: '30'

2024-03-25 22:07:47 - [MESSAGE][PASSED] - Object 'Object Repository/Offer Page/sale_canceled' is present

2024-03-25 22:07:47 - [MESSAGE][WARNING] - Timeout '0' is invalid. Using default page load timeout: '30'

2024-03-25 22:07:48 - [MESSAGE][PASSED] - Object 'Object Repository/Offer Page/offer_information' is present

2024-03-25 22:07:48 - [MESSAGE][WARNING] - Timeout '0' is invalid. Using default page load timeout: '30'

2024-03-25 22:07:48 - [MESSAGE][PASSED] - Object 'Object Repository/Offer Page/sale_canceled' is present

2024-03-25 22:07:48 - [MESSAGE][WARNING] - Timeout '0' is invalid. Using default page load timeout: '30'

2024-03-25 22:07:48 - [MESSAGE][PASSED] - Object 'Object Repository/Offer Page/offer_information' is present

2024-03-25 22:07:48 - [MESSAGE][PASSED] - Run with 'Runner' was passed]]></system-out>
         <system-err><![CDATA[]]></system-err>
      </testcase>
      <system-out><![CDATA[2024-03-25 21:59:39 - [TEST_SUITE][PASSED] - Full Web Automation Test Suite: Test Cases/Cucumber]]></system-out>
      <system-err><![CDATA[]]></system-err>
   </testsuite>
</testsuites>
