<?xml version="1.0" encoding="UTF-8"?>
<testsuites name="New Test Suite" time="549.795" tests="1" failures="0" errors="0">
   <testsuite name="New Test Suite" tests="1" failures="0" errors="0" time="549.795" skipped="0" timestamp="2024-04-07 23:44:06" hostname="mhani - MSI" id="Test Suites/New Test Suite">
      <properties>
         <property name="deviceName" value="Xiaomi 23049PCD8G (Android 14)"/>
         <property name="devicePlatform" value=""/>
         <property name="logFolder" value="C:\\Users\\mhani\\Katalon Studio\\K3 - Android Automation\\Reports\\20240407_234357\\New Test Suite\\20240407_234357"/>
         <property name="logFiles" value="C:\\Users\\mhani\\Katalon Studio\\K3 - Android Automation\\Reports\\20240407_234357\\New Test Suite\\20240407_234357\\appium.log, C:\\Users\\mhani\\Katalon Studio\\K3 - Android Automation\\Reports\\20240407_234357\\New Test Suite\\20240407_234357\\execution0.log"/>
         <property name="attachments" value=""/>
         <property name="hostName" value="mhani - MSI"/>
         <property name="os" value="Windows 11 64bit"/>
         <property name="appiumServerStatus" value="{&quot;value&quot;:{&quot;build&quot;:{&quot;version&quot;:&quot;1.22.3&quot;}},&quot;sessionId&quot;:null,&quot;status&quot;:0}"/>
         <property name="katalonVersion" value="8.6.6.208"/>
         <property name="deviceOS" value="Android"/>
         <property name="appiumVersion" value="1.22.3"/>
         <property name="deviceModel" value="23049PCD8G"/>
         <property name="hostAddress" value="192.168.32.1"/>
         <property name="deviceManufacturer" value="Xiaomi"/>
         <property name="deviceId" value="2c0149dd"/>
         <property name="deviceName" value="Xiaomi 23049PCD8G (Android 14)"/>
         <property name="deviceOSVersion" value="14"/>
      </properties>
      <testcase name="Test Cases/Cucumber" time="549.548" classname="Test Cases/Cucumber" status="PASSED">
         <system-out><![CDATA[2024-04-07 23:44:06 - [TEST_CASE][PASSED] - Test Cases/Cucumber: Test Cases/Cucumber

2024-04-07 23:44:06 - [TEST_STEP][ERROR] - Start listener action : beforeTestCase: groovy.lang.MissingPropertyException: No such property: CucumberGlueGen for class: NewTestListener
	at NewTestListener.beforeTestCase(NewTestListener.groovy:31)
	at NewTestListener.invokeMethod(NewTestListener.groovy)
	at com.kms.katalon.core.context.internal.TestHooker.invokeMethod(TestHooker.java:111)
	at com.kms.katalon.core.context.internal.TestHooker.lambda$3(TestHooker.java:95)
	at com.kms.katalon.core.context.internal.TestHooker.invokeContextMethods(TestHooker.java:94)
	at com.kms.katalon.core.context.internal.TestListenerCollector.lambda$3(TestListenerCollector.java:88)
	at com.kms.katalon.core.context.internal.TestListenerCollector.handleListenerEvent(TestListenerCollector.java:85)
	at com.kms.katalon.core.context.internal.ExecutionEventManager.publicEvent(ExecutionEventManager.java:36)
	at com.kms.katalon.core.main.TestCaseExecutor.execute(TestCaseExecutor.java:268)
	at com.kms.katalon.core.common.CommonExecutor.accessTestCaseMainPhase(CommonExecutor.java:65)
	at com.kms.katalon.core.main.TestSuiteExecutor.accessTestSuiteMainPhase(TestSuiteExecutor.java:148)
	at com.kms.katalon.core.main.TestSuiteExecutor.execute(TestSuiteExecutor.java:106)
	at com.kms.katalon.core.main.TestCaseMain.startTestSuite(TestCaseMain.java:187)
	at com.kms.katalon.core.main.TestCaseMain$startTestSuite$0.call(Unknown Source)
	at TempTestSuite1712508237084.run(TempTestSuite1712508237084.groovy:36)


2024-04-07 23:44:06 - [TEST_STEP][PASSED] - GLUE = ["stepDefinition"]: null

2024-04-07 23:44:06 - [TEST_STEP][ERROR] - CucumberGlueGen.addDefaultPackages(): groovy.lang.MissingPropertyException: No such property: CucumberGlueGen for class: NewTestListener
	at NewTestListener.beforeTestCase(NewTestListener.groovy:31)
	at NewTestListener.invokeMethod(NewTestListener.groovy)
	at com.kms.katalon.core.context.internal.TestHooker.invokeMethod(TestHooker.java:111)
	at com.kms.katalon.core.context.internal.TestHooker.lambda$3(TestHooker.java:95)
	at com.kms.katalon.core.context.internal.TestHooker.invokeContextMethods(TestHooker.java:94)
	at com.kms.katalon.core.context.internal.TestListenerCollector.lambda$3(TestListenerCollector.java:88)
	at com.kms.katalon.core.context.internal.TestListenerCollector.handleListenerEvent(TestListenerCollector.java:85)
	at com.kms.katalon.core.context.internal.ExecutionEventManager.publicEvent(ExecutionEventManager.java:36)
	at com.kms.katalon.core.main.TestCaseExecutor.execute(TestCaseExecutor.java:268)
	at com.kms.katalon.core.common.CommonExecutor.accessTestCaseMainPhase(CommonExecutor.java:65)
	at com.kms.katalon.core.main.TestSuiteExecutor.accessTestSuiteMainPhase(TestSuiteExecutor.java:148)
	at com.kms.katalon.core.main.TestSuiteExecutor.execute(TestSuiteExecutor.java:106)
	at com.kms.katalon.core.main.TestCaseMain.startTestSuite(TestCaseMain.java:187)
	at com.kms.katalon.core.main.TestCaseMain$startTestSuite$0.call(Unknown Source)
	at TempTestSuite1712508237084.run(TempTestSuite1712508237084.groovy:36)


2024-04-07 23:44:06 - [MESSAGE][ERROR] - groovy.lang.MissingPropertyException: No such property: CucumberGlueGen for class: NewTestListener
	at NewTestListener.beforeTestCase(NewTestListener.groovy:31)
	at NewTestListener.invokeMethod(NewTestListener.groovy)
	at com.kms.katalon.core.context.internal.TestHooker.invokeMethod(TestHooker.java:111)
	at com.kms.katalon.core.context.internal.TestHooker.lambda$3(TestHooker.java:95)
	at com.kms.katalon.core.context.internal.TestHooker.invokeContextMethods(TestHooker.java:94)
	at com.kms.katalon.core.context.internal.TestListenerCollector.lambda$3(TestListenerCollector.java:88)
	at com.kms.katalon.core.context.internal.TestListenerCollector.handleListenerEvent(TestListenerCollector.java:85)
	at com.kms.katalon.core.context.internal.ExecutionEventManager.publicEvent(ExecutionEventManager.java:36)
	at com.kms.katalon.core.main.TestCaseExecutor.execute(TestCaseExecutor.java:268)
	at com.kms.katalon.core.common.CommonExecutor.accessTestCaseMainPhase(CommonExecutor.java:65)
	at com.kms.katalon.core.main.TestSuiteExecutor.accessTestSuiteMainPhase(TestSuiteExecutor.java:148)
	at com.kms.katalon.core.main.TestSuiteExecutor.execute(TestSuiteExecutor.java:106)
	at com.kms.katalon.core.main.TestCaseMain.startTestSuite(TestCaseMain.java:187)
	at com.kms.katalon.core.main.TestCaseMain$startTestSuite$0.call(Unknown Source)
	at TempTestSuite1712508237084.run(TempTestSuite1712508237084.groovy:36)


2024-04-07 23:44:07 - [TEST_STEP][PASSED] - runWithCucumberRunner(Runner): Run with 'Runner' was passed

2024-04-07 23:44:07 - [MESSAGE][INFO] - User set preference: ['appWaitActivity', '*']

2024-04-07 23:44:07 - [MESSAGE][INFO] - User set preference: ['appWaitforLaunch', 'false']

2024-04-07 23:44:07 - [MESSAGE][INFO] - User set preference: ['deviceId', '']

2024-04-07 23:44:07 - [MESSAGE][INFO] - Detected NodeJS location: "C:\Program Files\nodejs\node.exe"

2024-04-07 23:44:09 - [MESSAGE][INFO] - Appium server started on port 53,443

2024-04-07 23:44:26 - [MESSAGE][PASSED] - Started app at: 'C:\Users\mhani\Katalon Studio\K3 - Android Automation\Apk\app-debug.apk'

2024-04-07 23:44:26 - [MESSAGE][WARNING] - Timeout '0' is invalid. Using default page load timeout: '30'

2024-04-07 23:44:26 - [MESSAGE][PASSED] - Element 'Object Repository/Account/icon_account' is present

2024-04-07 23:44:26 - [MESSAGE][WARNING] - Timeout '0' is invalid. Using default page load timeout: '30'

2024-04-07 23:44:29 - [MESSAGE][PASSED] - Element 'Object Repository/Home Page/btn_add_product' is present

2024-04-07 23:44:29 - [MESSAGE][WARNING] - Timeout '0' is invalid. Using default page load timeout: '30'

2024-04-07 23:44:30 - [MESSAGE][PASSED] - Element 'Object Repository/Account/icon_account' is visible

2024-04-07 23:44:30 - [MESSAGE][WARNING] - Timeout '0' is invalid. Using default page load timeout: '30'

2024-04-07 23:44:30 - [MESSAGE][PASSED] - Element 'Object Repository/Home Page/btn_add_product' is visible

2024-04-07 23:44:30 - [MESSAGE][WARNING] - Timeout '0' is invalid. Using default page load timeout: '30'

2024-04-07 23:44:30 - [MESSAGE][PASSED] - Tapped on element 'Object Repository/Account/icon_account'

2024-04-07 23:44:30 - [MESSAGE][WARNING] - Timeout '0' is invalid. Using default page load timeout: '30'

2024-04-07 23:44:31 - [MESSAGE][PASSED] - Element 'Object Repository/Authorization Page/account_login_button' is present

2024-04-07 23:44:31 - [MESSAGE][WARNING] - Timeout '0' is invalid. Using default page load timeout: '30'

2024-04-07 23:44:31 - [MESSAGE][PASSED] - Element 'Object Repository/Authorization Page/account_login_button' is visible

2024-04-07 23:44:31 - [MESSAGE][WARNING] - Timeout '0' is invalid. Using default page load timeout: '30'

2024-04-07 23:44:32 - [MESSAGE][PASSED] - Tapped on element 'Object Repository/Authorization Page/account_login_button'

2024-04-07 23:44:32 - [MESSAGE][WARNING] - Timeout '0' is invalid. Using default page load timeout: '30'

2024-04-07 23:44:33 - [MESSAGE][PASSED] - Element 'Object Repository/Authorization Page/login_input_email' is present

2024-04-07 23:44:33 - [MESSAGE][WARNING] - Timeout '0' is invalid. Using default page load timeout: '30'

2024-04-07 23:44:33 - [MESSAGE][PASSED] - Element 'Object Repository/Authorization Page/login_input_password' is present

2024-04-07 23:44:33 - [MESSAGE][WARNING] - Timeout '0' is invalid. Using default page load timeout: '30'

2024-04-07 23:44:33 - [MESSAGE][PASSED] - Element 'Object Repository/Authorization Page/login_input_email' is visible

2024-04-07 23:44:33 - [MESSAGE][WARNING] - Timeout '0' is invalid. Using default page load timeout: '30'

2024-04-07 23:44:34 - [MESSAGE][PASSED] - Element 'Object Repository/Authorization Page/login_input_password' is visible

2024-04-07 23:44:34 - [MESSAGE][WARNING] - Timeout '0' is invalid. Using default page load timeout: '30'

2024-04-07 23:44:34 - [MESSAGE][PASSED] - Element 'Object Repository/Authorization Page/login_register_page' is present

2024-04-07 23:44:34 - [MESSAGE][WARNING] - Timeout '0' is invalid. Using default page load timeout: '30'

2024-04-07 23:44:34 - [MESSAGE][PASSED] - Element 'Object Repository/Authorization Page/login_register_page' is visible

2024-04-07 23:44:34 - [MESSAGE][WARNING] - Timeout '0' is invalid. Using default page load timeout: '30'

2024-04-07 23:44:34 - [MESSAGE][PASSED] - Tapped on element 'Object Repository/Authorization Page/login_register_page'

2024-04-07 23:44:34 - [MESSAGE][WARNING] - Timeout '0' is invalid. Using default page load timeout: '30'

2024-04-07 23:44:35 - [MESSAGE][PASSED] - Element 'Object Repository/Authorization Page/register_fullname' is present

2024-04-07 23:44:35 - [MESSAGE][WARNING] - Timeout '0' is invalid. Using default page load timeout: '30'

2024-04-07 23:44:35 - [MESSAGE][PASSED] - Element 'Object Repository/Authorization Page/register_email' is present

2024-04-07 23:44:35 - [MESSAGE][WARNING] - Timeout '0' is invalid. Using default page load timeout: '30'

2024-04-07 23:44:35 - [MESSAGE][PASSED] - Element 'Object Repository/Authorization Page/register_fullname' is visible

2024-04-07 23:44:36 - [MESSAGE][WARNING] - Timeout '0' is invalid. Using default page load timeout: '30'

2024-04-07 23:44:36 - [MESSAGE][PASSED] - Element 'Object Repository/Authorization Page/register_email' is visible

2024-04-07 23:44:36 - [MESSAGE][WARNING] - Timeout '0' is invalid. Using default page load timeout: '30'

2024-04-07 23:44:37 - [MESSAGE][PASSED] - Text 'James Bond' has been set to element 'Object Repository/Authorization Page/register_fullname'

2024-04-07 23:44:37 - [MESSAGE][WARNING] - Timeout '0' is invalid. Using default page load timeout: '30'

2024-04-07 23:44:38 - [MESSAGE][PASSED] - Text '7kWIlbrudR29@mail.com' has been set to element 'Object Repository/Authorization Page/register_email'

2024-04-07 23:44:38 - [MESSAGE][WARNING] - Timeout '0' is invalid. Using default page load timeout: '30'

2024-04-07 23:44:40 - [MESSAGE][PASSED] - Text 'bb@mail.com' has been set to element 'Object Repository/Authorization Page/register_password'

2024-04-07 23:44:40 - [MESSAGE][WARNING] - Timeout '0' is invalid. Using default page load timeout: '30'

2024-04-07 23:44:42 - [MESSAGE][PASSED] - Text '08123456789' has been set to element 'Object Repository/Authorization Page/register_phone_number'

2024-04-07 23:44:42 - [MESSAGE][WARNING] - Timeout '0' is invalid. Using default page load timeout: '30'

2024-04-07 23:44:44 - [MESSAGE][PASSED] - Text 'Palembang' has been set to element 'Object Repository/Authorization Page/register_city'

2024-04-07 23:44:44 - [MESSAGE][WARNING] - Timeout '0' is invalid. Using default page load timeout: '30'

2024-04-07 23:44:45 - [MESSAGE][PASSED] - Text 'Jalan Madu' has been set to element 'Object Repository/Authorization Page/register_address'

2024-04-07 23:44:47 - [MESSAGE][PASSED] - Scrolling to text 'Daftar' successfully

2024-04-07 23:44:47 - [MESSAGE][WARNING] - Timeout '0' is invalid. Using default page load timeout: '30'

2024-04-07 23:44:47 - [MESSAGE][PASSED] - Tapped on element 'Object Repository/Authorization Page/account_login_button'

2024-04-07 23:44:47 - [MESSAGE][INFO] - User set preference: ['appWaitActivity', '*']

2024-04-07 23:44:47 - [MESSAGE][INFO] - User set preference: ['appWaitforLaunch', 'false']

2024-04-07 23:44:47 - [MESSAGE][INFO] - User set preference: ['deviceId', '']

2024-04-07 23:45:00 - [MESSAGE][PASSED] - Started app at: 'C:\Users\mhani\Katalon Studio\K3 - Android Automation\Apk\app-debug.apk'

2024-04-07 23:45:00 - [MESSAGE][WARNING] - Timeout '0' is invalid. Using default page load timeout: '30'

2024-04-07 23:45:04 - [MESSAGE][PASSED] - Element 'Object Repository/Account/icon_account' is present

2024-04-07 23:45:04 - [MESSAGE][WARNING] - Timeout '0' is invalid. Using default page load timeout: '30'

2024-04-07 23:45:05 - [MESSAGE][PASSED] - Element 'Object Repository/Home Page/btn_add_product' is present

2024-04-07 23:45:05 - [MESSAGE][WARNING] - Timeout '0' is invalid. Using default page load timeout: '30'

2024-04-07 23:45:07 - [MESSAGE][PASSED] - Element 'Object Repository/Account/icon_account' is visible

2024-04-07 23:45:07 - [MESSAGE][WARNING] - Timeout '0' is invalid. Using default page load timeout: '30'

2024-04-07 23:45:08 - [MESSAGE][PASSED] - Element 'Object Repository/Home Page/btn_add_product' is visible

2024-04-07 23:45:08 - [MESSAGE][WARNING] - Timeout '0' is invalid. Using default page load timeout: '30'

2024-04-07 23:45:08 - [MESSAGE][PASSED] - Tapped on element 'Object Repository/Account/icon_account'

2024-04-07 23:45:08 - [MESSAGE][WARNING] - Timeout '0' is invalid. Using default page load timeout: '30'

2024-04-07 23:45:09 - [MESSAGE][PASSED] - Element 'Object Repository/Authorization Page/account_login_button' is present

2024-04-07 23:45:09 - [MESSAGE][WARNING] - Timeout '0' is invalid. Using default page load timeout: '30'

2024-04-07 23:45:09 - [MESSAGE][PASSED] - Element 'Object Repository/Authorization Page/account_login_button' is visible

2024-04-07 23:45:09 - [MESSAGE][WARNING] - Timeout '0' is invalid. Using default page load timeout: '30'

2024-04-07 23:45:10 - [MESSAGE][PASSED] - Tapped on element 'Object Repository/Authorization Page/account_login_button'

2024-04-07 23:45:10 - [MESSAGE][WARNING] - Timeout '0' is invalid. Using default page load timeout: '30'

2024-04-07 23:45:11 - [MESSAGE][PASSED] - Element 'Object Repository/Authorization Page/login_input_email' is present

2024-04-07 23:45:11 - [MESSAGE][WARNING] - Timeout '0' is invalid. Using default page load timeout: '30'

2024-04-07 23:45:11 - [MESSAGE][PASSED] - Element 'Object Repository/Authorization Page/login_input_password' is present

2024-04-07 23:45:11 - [MESSAGE][WARNING] - Timeout '0' is invalid. Using default page load timeout: '30'

2024-04-07 23:45:12 - [MESSAGE][PASSED] - Element 'Object Repository/Authorization Page/login_input_email' is visible

2024-04-07 23:45:12 - [MESSAGE][WARNING] - Timeout '0' is invalid. Using default page load timeout: '30'

2024-04-07 23:45:12 - [MESSAGE][PASSED] - Element 'Object Repository/Authorization Page/login_input_password' is visible

2024-04-07 23:45:12 - [MESSAGE][WARNING] - Timeout '0' is invalid. Using default page load timeout: '30'

2024-04-07 23:45:12 - [MESSAGE][PASSED] - Element 'Object Repository/Authorization Page/login_register_page' is present

2024-04-07 23:45:12 - [MESSAGE][WARNING] - Timeout '0' is invalid. Using default page load timeout: '30'

2024-04-07 23:45:12 - [MESSAGE][PASSED] - Element 'Object Repository/Authorization Page/login_register_page' is visible

2024-04-07 23:45:12 - [MESSAGE][WARNING] - Timeout '0' is invalid. Using default page load timeout: '30'

2024-04-07 23:45:12 - [MESSAGE][PASSED] - Tapped on element 'Object Repository/Authorization Page/login_register_page'

2024-04-07 23:45:13 - [MESSAGE][WARNING] - Timeout '0' is invalid. Using default page load timeout: '30'

2024-04-07 23:45:13 - [MESSAGE][PASSED] - Element 'Object Repository/Authorization Page/register_fullname' is present

2024-04-07 23:45:13 - [MESSAGE][WARNING] - Timeout '0' is invalid. Using default page load timeout: '30'

2024-04-07 23:45:14 - [MESSAGE][PASSED] - Element 'Object Repository/Authorization Page/register_email' is present

2024-04-07 23:45:14 - [MESSAGE][WARNING] - Timeout '0' is invalid. Using default page load timeout: '30'

2024-04-07 23:45:14 - [MESSAGE][PASSED] - Element 'Object Repository/Authorization Page/register_fullname' is visible

2024-04-07 23:45:14 - [MESSAGE][WARNING] - Timeout '0' is invalid. Using default page load timeout: '30'

2024-04-07 23:45:14 - [MESSAGE][PASSED] - Element 'Object Repository/Authorization Page/register_email' is visible

2024-04-07 23:45:14 - [MESSAGE][WARNING] - Timeout '0' is invalid. Using default page load timeout: '30'

2024-04-07 23:45:15 - [MESSAGE][PASSED] - Text 'James Bond' has been set to element 'Object Repository/Authorization Page/register_fullname'

2024-04-07 23:45:15 - [MESSAGE][WARNING] - Timeout '0' is invalid. Using default page load timeout: '30'

2024-04-07 23:45:17 - [MESSAGE][PASSED] - Text 'bb@mail.com' has been set to element 'Object Repository/Authorization Page/register_email'

2024-04-07 23:45:17 - [MESSAGE][WARNING] - Timeout '0' is invalid. Using default page load timeout: '30'

2024-04-07 23:45:19 - [MESSAGE][PASSED] - Text 'bb@mail.com' has been set to element 'Object Repository/Authorization Page/register_password'

2024-04-07 23:45:19 - [MESSAGE][WARNING] - Timeout '0' is invalid. Using default page load timeout: '30'

2024-04-07 23:45:21 - [MESSAGE][PASSED] - Text '08123456789' has been set to element 'Object Repository/Authorization Page/register_phone_number'

2024-04-07 23:45:21 - [MESSAGE][WARNING] - Timeout '0' is invalid. Using default page load timeout: '30'

2024-04-07 23:45:23 - [MESSAGE][PASSED] - Text 'Palembang' has been set to element 'Object Repository/Authorization Page/register_city'

2024-04-07 23:45:23 - [MESSAGE][WARNING] - Timeout '0' is invalid. Using default page load timeout: '30'

2024-04-07 23:45:25 - [MESSAGE][PASSED] - Text 'Jalan Madu' has been set to element 'Object Repository/Authorization Page/register_address'

2024-04-07 23:45:25 - [MESSAGE][PASSED] - Scrolling to text 'Daftar' successfully

2024-04-07 23:45:25 - [MESSAGE][WARNING] - Timeout '0' is invalid. Using default page load timeout: '30'

2024-04-07 23:45:26 - [MESSAGE][PASSED] - Tapped on element 'Object Repository/Authorization Page/account_login_button'

2024-04-07 23:45:26 - [MESSAGE][WARNING] - Timeout '0' is invalid. Using default page load timeout: '30'

2024-04-07 23:45:27 - [MESSAGE][PASSED] - Element 'Object Repository/Authorization Page/register_fullname' is present

2024-04-07 23:45:27 - [MESSAGE][WARNING] - Timeout '0' is invalid. Using default page load timeout: '30'

2024-04-07 23:45:27 - [MESSAGE][PASSED] - Element 'Object Repository/Authorization Page/register_email' is present

2024-04-07 23:45:27 - [MESSAGE][WARNING] - Timeout '0' is invalid. Using default page load timeout: '30'

2024-04-07 23:45:28 - [MESSAGE][PASSED] - Element 'Object Repository/Authorization Page/register_fullname' is visible

2024-04-07 23:45:28 - [MESSAGE][WARNING] - Timeout '0' is invalid. Using default page load timeout: '30'

2024-04-07 23:45:28 - [MESSAGE][PASSED] - Element 'Object Repository/Authorization Page/register_email' is visible

2024-04-07 23:45:28 - [MESSAGE][INFO] - User set preference: ['appWaitActivity', '*']

2024-04-07 23:45:28 - [MESSAGE][INFO] - User set preference: ['appWaitforLaunch', 'false']

2024-04-07 23:45:28 - [MESSAGE][INFO] - User set preference: ['deviceId', '']

2024-04-07 23:45:40 - [MESSAGE][PASSED] - Started app at: 'C:\Users\mhani\Katalon Studio\K3 - Android Automation\Apk\app-debug.apk'

2024-04-07 23:45:40 - [MESSAGE][WARNING] - Timeout '0' is invalid. Using default page load timeout: '30'

2024-04-07 23:45:44 - [MESSAGE][PASSED] - Element 'Object Repository/Account/icon_account' is present

2024-04-07 23:45:45 - [MESSAGE][WARNING] - Timeout '0' is invalid. Using default page load timeout: '30'

2024-04-07 23:45:45 - [MESSAGE][PASSED] - Element 'Object Repository/Home Page/btn_add_product' is present

2024-04-07 23:45:45 - [MESSAGE][WARNING] - Timeout '0' is invalid. Using default page load timeout: '30'

2024-04-07 23:45:45 - [MESSAGE][PASSED] - Element 'Object Repository/Account/icon_account' is visible

2024-04-07 23:45:45 - [MESSAGE][WARNING] - Timeout '0' is invalid. Using default page load timeout: '30'

2024-04-07 23:45:45 - [MESSAGE][PASSED] - Element 'Object Repository/Home Page/btn_add_product' is visible

2024-04-07 23:45:45 - [MESSAGE][WARNING] - Timeout '0' is invalid. Using default page load timeout: '30'

2024-04-07 23:45:46 - [MESSAGE][PASSED] - Tapped on element 'Object Repository/Account/icon_account'

2024-04-07 23:45:46 - [MESSAGE][WARNING] - Timeout '0' is invalid. Using default page load timeout: '30'

2024-04-07 23:45:46 - [MESSAGE][PASSED] - Element 'Object Repository/Authorization Page/account_login_button' is present

2024-04-07 23:45:47 - [MESSAGE][WARNING] - Timeout '0' is invalid. Using default page load timeout: '30'

2024-04-07 23:45:47 - [MESSAGE][PASSED] - Element 'Object Repository/Authorization Page/account_login_button' is visible

2024-04-07 23:45:47 - [MESSAGE][WARNING] - Timeout '0' is invalid. Using default page load timeout: '30'

2024-04-07 23:45:47 - [MESSAGE][PASSED] - Tapped on element 'Object Repository/Authorization Page/account_login_button'

2024-04-07 23:45:47 - [MESSAGE][WARNING] - Timeout '0' is invalid. Using default page load timeout: '30'

2024-04-07 23:45:49 - [MESSAGE][PASSED] - Element 'Object Repository/Authorization Page/login_input_email' is present

2024-04-07 23:45:49 - [MESSAGE][WARNING] - Timeout '0' is invalid. Using default page load timeout: '30'

2024-04-07 23:45:49 - [MESSAGE][PASSED] - Element 'Object Repository/Authorization Page/login_input_password' is present

2024-04-07 23:45:49 - [MESSAGE][WARNING] - Timeout '0' is invalid. Using default page load timeout: '30'

2024-04-07 23:45:49 - [MESSAGE][PASSED] - Element 'Object Repository/Authorization Page/login_input_email' is visible

2024-04-07 23:45:49 - [MESSAGE][WARNING] - Timeout '0' is invalid. Using default page load timeout: '30'

2024-04-07 23:45:49 - [MESSAGE][PASSED] - Element 'Object Repository/Authorization Page/login_input_password' is visible

2024-04-07 23:45:49 - [MESSAGE][WARNING] - Timeout '0' is invalid. Using default page load timeout: '30'

2024-04-07 23:45:49 - [MESSAGE][PASSED] - Element 'Object Repository/Authorization Page/login_register_page' is present

2024-04-07 23:45:49 - [MESSAGE][WARNING] - Timeout '0' is invalid. Using default page load timeout: '30'

2024-04-07 23:45:49 - [MESSAGE][PASSED] - Element 'Object Repository/Authorization Page/login_register_page' is visible

2024-04-07 23:45:49 - [MESSAGE][WARNING] - Timeout '0' is invalid. Using default page load timeout: '30'

2024-04-07 23:45:50 - [MESSAGE][PASSED] - Tapped on element 'Object Repository/Authorization Page/login_register_page'

2024-04-07 23:45:50 - [MESSAGE][WARNING] - Timeout '0' is invalid. Using default page load timeout: '30'

2024-04-07 23:45:51 - [MESSAGE][PASSED] - Element 'Object Repository/Authorization Page/register_fullname' is present

2024-04-07 23:45:51 - [MESSAGE][WARNING] - Timeout '0' is invalid. Using default page load timeout: '30'

2024-04-07 23:45:51 - [MESSAGE][PASSED] - Element 'Object Repository/Authorization Page/register_email' is present

2024-04-07 23:45:51 - [MESSAGE][WARNING] - Timeout '0' is invalid. Using default page load timeout: '30'

2024-04-07 23:45:51 - [MESSAGE][PASSED] - Element 'Object Repository/Authorization Page/register_fullname' is visible

2024-04-07 23:45:51 - [MESSAGE][WARNING] - Timeout '0' is invalid. Using default page load timeout: '30'

2024-04-07 23:45:51 - [MESSAGE][PASSED] - Element 'Object Repository/Authorization Page/register_email' is visible

2024-04-07 23:45:51 - [MESSAGE][WARNING] - Timeout '0' is invalid. Using default page load timeout: '30'

2024-04-07 23:45:52 - [MESSAGE][PASSED] - Text 'Rcw1zmN6BH329@mail.com' has been set to element 'Object Repository/Authorization Page/register_email'

2024-04-07 23:45:52 - [MESSAGE][WARNING] - Timeout '0' is invalid. Using default page load timeout: '30'

2024-04-07 23:45:55 - [MESSAGE][PASSED] - Text 'bb@mail.com' has been set to element 'Object Repository/Authorization Page/register_password'

2024-04-07 23:45:55 - [MESSAGE][WARNING] - Timeout '0' is invalid. Using default page load timeout: '30'

2024-04-07 23:45:57 - [MESSAGE][PASSED] - Text '08123456789' has been set to element 'Object Repository/Authorization Page/register_phone_number'

2024-04-07 23:45:57 - [MESSAGE][WARNING] - Timeout '0' is invalid. Using default page load timeout: '30'

2024-04-07 23:45:58 - [MESSAGE][PASSED] - Text 'Palembang' has been set to element 'Object Repository/Authorization Page/register_city'

2024-04-07 23:45:58 - [MESSAGE][WARNING] - Timeout '0' is invalid. Using default page load timeout: '30'

2024-04-07 23:46:01 - [MESSAGE][PASSED] - Text 'Jalan Madu' has been set to element 'Object Repository/Authorization Page/register_address'

2024-04-07 23:46:01 - [MESSAGE][PASSED] - Scrolling to text 'Daftar' successfully

2024-04-07 23:46:01 - [MESSAGE][WARNING] - Timeout '0' is invalid. Using default page load timeout: '30'

2024-04-07 23:46:01 - [MESSAGE][PASSED] - Tapped on element 'Object Repository/Authorization Page/account_login_button'

2024-04-07 23:46:02 - [MESSAGE][WARNING] - Timeout '0' is invalid. Using default page load timeout: '30'

2024-04-07 23:46:03 - [MESSAGE][PASSED] - Element 'Object Repository/Authorization Page/register_fullname' is present

2024-04-07 23:46:03 - [MESSAGE][WARNING] - Timeout '0' is invalid. Using default page load timeout: '30'

2024-04-07 23:46:03 - [MESSAGE][PASSED] - Element 'Object Repository/Authorization Page/register_email' is present

2024-04-07 23:46:03 - [MESSAGE][WARNING] - Timeout '0' is invalid. Using default page load timeout: '30'

2024-04-07 23:46:03 - [MESSAGE][PASSED] - Element 'Object Repository/Authorization Page/register_fullname' is visible

2024-04-07 23:46:03 - [MESSAGE][WARNING] - Timeout '0' is invalid. Using default page load timeout: '30'

2024-04-07 23:46:03 - [MESSAGE][PASSED] - Element 'Object Repository/Authorization Page/register_email' is visible

2024-04-07 23:46:03 - [MESSAGE][INFO] - User set preference: ['appWaitActivity', '*']

2024-04-07 23:46:03 - [MESSAGE][INFO] - User set preference: ['appWaitforLaunch', 'false']

2024-04-07 23:46:03 - [MESSAGE][INFO] - User set preference: ['deviceId', '']

2024-04-07 23:46:15 - [MESSAGE][PASSED] - Started app at: 'C:\Users\mhani\Katalon Studio\K3 - Android Automation\Apk\app-debug.apk'

2024-04-07 23:46:15 - [MESSAGE][WARNING] - Timeout '0' is invalid. Using default page load timeout: '30'

2024-04-07 23:46:19 - [MESSAGE][PASSED] - Element 'Object Repository/Account/icon_account' is present

2024-04-07 23:46:19 - [MESSAGE][WARNING] - Timeout '0' is invalid. Using default page load timeout: '30'

2024-04-07 23:46:19 - [MESSAGE][PASSED] - Element 'Object Repository/Home Page/btn_add_product' is present

2024-04-07 23:46:19 - [MESSAGE][WARNING] - Timeout '0' is invalid. Using default page load timeout: '30'

2024-04-07 23:46:19 - [MESSAGE][PASSED] - Element 'Object Repository/Account/icon_account' is visible

2024-04-07 23:46:20 - [MESSAGE][WARNING] - Timeout '0' is invalid. Using default page load timeout: '30'

2024-04-07 23:46:20 - [MESSAGE][PASSED] - Element 'Object Repository/Home Page/btn_add_product' is visible

2024-04-07 23:46:20 - [MESSAGE][WARNING] - Timeout '0' is invalid. Using default page load timeout: '30'

2024-04-07 23:46:20 - [MESSAGE][PASSED] - Tapped on element 'Object Repository/Account/icon_account'

2024-04-07 23:46:20 - [MESSAGE][WARNING] - Timeout '0' is invalid. Using default page load timeout: '30'

2024-04-07 23:46:21 - [MESSAGE][PASSED] - Element 'Object Repository/Authorization Page/account_login_button' is present

2024-04-07 23:46:21 - [MESSAGE][WARNING] - Timeout '0' is invalid. Using default page load timeout: '30'

2024-04-07 23:46:21 - [MESSAGE][PASSED] - Element 'Object Repository/Authorization Page/account_login_button' is visible

2024-04-07 23:46:21 - [MESSAGE][WARNING] - Timeout '0' is invalid. Using default page load timeout: '30'

2024-04-07 23:46:21 - [MESSAGE][PASSED] - Tapped on element 'Object Repository/Authorization Page/account_login_button'

2024-04-07 23:46:22 - [MESSAGE][WARNING] - Timeout '0' is invalid. Using default page load timeout: '30'

2024-04-07 23:46:23 - [MESSAGE][PASSED] - Element 'Object Repository/Authorization Page/login_input_email' is present

2024-04-07 23:46:23 - [MESSAGE][WARNING] - Timeout '0' is invalid. Using default page load timeout: '30'

2024-04-07 23:46:23 - [MESSAGE][PASSED] - Element 'Object Repository/Authorization Page/login_input_password' is present

2024-04-07 23:46:23 - [MESSAGE][WARNING] - Timeout '0' is invalid. Using default page load timeout: '30'

2024-04-07 23:46:23 - [MESSAGE][PASSED] - Element 'Object Repository/Authorization Page/login_input_email' is visible

2024-04-07 23:46:24 - [MESSAGE][WARNING] - Timeout '0' is invalid. Using default page load timeout: '30'

2024-04-07 23:46:24 - [MESSAGE][PASSED] - Element 'Object Repository/Authorization Page/login_input_password' is visible

2024-04-07 23:46:24 - [MESSAGE][WARNING] - Timeout '0' is invalid. Using default page load timeout: '30'

2024-04-07 23:46:24 - [MESSAGE][PASSED] - Element 'Object Repository/Authorization Page/login_register_page' is present

2024-04-07 23:46:24 - [MESSAGE][WARNING] - Timeout '0' is invalid. Using default page load timeout: '30'

2024-04-07 23:46:24 - [MESSAGE][PASSED] - Element 'Object Repository/Authorization Page/login_register_page' is visible

2024-04-07 23:46:24 - [MESSAGE][WARNING] - Timeout '0' is invalid. Using default page load timeout: '30'

2024-04-07 23:46:24 - [MESSAGE][PASSED] - Tapped on element 'Object Repository/Authorization Page/login_register_page'

2024-04-07 23:46:24 - [MESSAGE][WARNING] - Timeout '0' is invalid. Using default page load timeout: '30'

2024-04-07 23:46:25 - [MESSAGE][PASSED] - Element 'Object Repository/Authorization Page/register_fullname' is present

2024-04-07 23:46:25 - [MESSAGE][WARNING] - Timeout '0' is invalid. Using default page load timeout: '30'

2024-04-07 23:46:25 - [MESSAGE][PASSED] - Element 'Object Repository/Authorization Page/register_email' is present

2024-04-07 23:46:25 - [MESSAGE][WARNING] - Timeout '0' is invalid. Using default page load timeout: '30'

2024-04-07 23:46:26 - [MESSAGE][PASSED] - Element 'Object Repository/Authorization Page/register_fullname' is visible

2024-04-07 23:46:26 - [MESSAGE][WARNING] - Timeout '0' is invalid. Using default page load timeout: '30'

2024-04-07 23:46:26 - [MESSAGE][PASSED] - Element 'Object Repository/Authorization Page/register_email' is visible

2024-04-07 23:46:26 - [MESSAGE][PASSED] - Scrolling to text 'Daftar' successfully

2024-04-07 23:46:26 - [MESSAGE][WARNING] - Timeout '0' is invalid. Using default page load timeout: '30'

2024-04-07 23:46:27 - [MESSAGE][PASSED] - Tapped on element 'Object Repository/Authorization Page/account_login_button'

2024-04-07 23:46:27 - [MESSAGE][WARNING] - Timeout '0' is invalid. Using default page load timeout: '30'

2024-04-07 23:46:28 - [MESSAGE][PASSED] - Element 'Object Repository/Authorization Page/register_fullname' is present

2024-04-07 23:46:28 - [MESSAGE][WARNING] - Timeout '0' is invalid. Using default page load timeout: '30'

2024-04-07 23:46:28 - [MESSAGE][PASSED] - Element 'Object Repository/Authorization Page/register_email' is present

2024-04-07 23:46:28 - [MESSAGE][WARNING] - Timeout '0' is invalid. Using default page load timeout: '30'

2024-04-07 23:46:28 - [MESSAGE][PASSED] - Element 'Object Repository/Authorization Page/register_fullname' is visible

2024-04-07 23:46:28 - [MESSAGE][WARNING] - Timeout '0' is invalid. Using default page load timeout: '30'

2024-04-07 23:46:29 - [MESSAGE][PASSED] - Element 'Object Repository/Authorization Page/register_email' is visible

2024-04-07 23:46:29 - [MESSAGE][INFO] - User set preference: ['appWaitActivity', '*']

2024-04-07 23:46:29 - [MESSAGE][INFO] - User set preference: ['appWaitforLaunch', 'false']

2024-04-07 23:46:29 - [MESSAGE][INFO] - User set preference: ['deviceId', '']

2024-04-07 23:46:41 - [MESSAGE][PASSED] - Started app at: 'C:\Users\mhani\Katalon Studio\K3 - Android Automation\Apk\app-debug.apk'

2024-04-07 23:46:41 - [MESSAGE][WARNING] - Timeout '0' is invalid. Using default page load timeout: '30'

2024-04-07 23:46:45 - [MESSAGE][PASSED] - Element 'Object Repository/Account/icon_account' is present

2024-04-07 23:46:45 - [MESSAGE][WARNING] - Timeout '0' is invalid. Using default page load timeout: '30'

2024-04-07 23:46:45 - [MESSAGE][PASSED] - Element 'Object Repository/Home Page/btn_add_product' is present

2024-04-07 23:46:45 - [MESSAGE][WARNING] - Timeout '0' is invalid. Using default page load timeout: '30'

2024-04-07 23:46:46 - [MESSAGE][PASSED] - Element 'Object Repository/Account/icon_account' is visible

2024-04-07 23:46:46 - [MESSAGE][WARNING] - Timeout '0' is invalid. Using default page load timeout: '30'

2024-04-07 23:46:46 - [MESSAGE][PASSED] - Element 'Object Repository/Home Page/btn_add_product' is visible

2024-04-07 23:46:46 - [MESSAGE][WARNING] - Timeout '0' is invalid. Using default page load timeout: '30'

2024-04-07 23:46:46 - [MESSAGE][PASSED] - Tapped on element 'Object Repository/Account/icon_account'

2024-04-07 23:46:46 - [MESSAGE][WARNING] - Timeout '0' is invalid. Using default page load timeout: '30'

2024-04-07 23:46:47 - [MESSAGE][PASSED] - Element 'Object Repository/Authorization Page/account_login_button' is present

2024-04-07 23:46:47 - [MESSAGE][WARNING] - Timeout '0' is invalid. Using default page load timeout: '30'

2024-04-07 23:46:47 - [MESSAGE][PASSED] - Element 'Object Repository/Authorization Page/account_login_button' is visible

2024-04-07 23:46:47 - [MESSAGE][WARNING] - Timeout '0' is invalid. Using default page load timeout: '30'

2024-04-07 23:46:47 - [MESSAGE][PASSED] - Tapped on element 'Object Repository/Authorization Page/account_login_button'

2024-04-07 23:46:47 - [MESSAGE][WARNING] - Timeout '0' is invalid. Using default page load timeout: '30'

2024-04-07 23:46:49 - [MESSAGE][PASSED] - Element 'Object Repository/Authorization Page/login_input_email' is present

2024-04-07 23:46:49 - [MESSAGE][WARNING] - Timeout '0' is invalid. Using default page load timeout: '30'

2024-04-07 23:46:49 - [MESSAGE][PASSED] - Element 'Object Repository/Authorization Page/login_input_password' is present

2024-04-07 23:46:49 - [MESSAGE][WARNING] - Timeout '0' is invalid. Using default page load timeout: '30'

2024-04-07 23:46:49 - [MESSAGE][PASSED] - Element 'Object Repository/Authorization Page/login_input_email' is visible

2024-04-07 23:46:49 - [MESSAGE][WARNING] - Timeout '0' is invalid. Using default page load timeout: '30'

2024-04-07 23:46:50 - [MESSAGE][PASSED] - Element 'Object Repository/Authorization Page/login_input_password' is visible

2024-04-07 23:46:50 - [MESSAGE][WARNING] - Timeout '0' is invalid. Using default page load timeout: '30'

2024-04-07 23:46:50 - [MESSAGE][PASSED] - Element 'Object Repository/Authorization Page/login_register_page' is present

2024-04-07 23:46:50 - [MESSAGE][WARNING] - Timeout '0' is invalid. Using default page load timeout: '30'

2024-04-07 23:46:50 - [MESSAGE][PASSED] - Element 'Object Repository/Authorization Page/login_register_page' is visible

2024-04-07 23:46:50 - [MESSAGE][WARNING] - Timeout '0' is invalid. Using default page load timeout: '30'

2024-04-07 23:46:50 - [MESSAGE][PASSED] - Tapped on element 'Object Repository/Authorization Page/login_register_page'

2024-04-07 23:46:50 - [MESSAGE][WARNING] - Timeout '0' is invalid. Using default page load timeout: '30'

2024-04-07 23:46:51 - [MESSAGE][PASSED] - Element 'Object Repository/Authorization Page/register_fullname' is present

2024-04-07 23:46:51 - [MESSAGE][WARNING] - Timeout '0' is invalid. Using default page load timeout: '30'

2024-04-07 23:46:51 - [MESSAGE][PASSED] - Element 'Object Repository/Authorization Page/register_email' is present

2024-04-07 23:46:51 - [MESSAGE][WARNING] - Timeout '0' is invalid. Using default page load timeout: '30'

2024-04-07 23:46:51 - [MESSAGE][PASSED] - Element 'Object Repository/Authorization Page/register_fullname' is visible

2024-04-07 23:46:52 - [MESSAGE][WARNING] - Timeout '0' is invalid. Using default page load timeout: '30'

2024-04-07 23:46:52 - [MESSAGE][PASSED] - Element 'Object Repository/Authorization Page/register_email' is visible

2024-04-07 23:46:52 - [MESSAGE][WARNING] - Timeout '0' is invalid. Using default page load timeout: '30'

2024-04-07 23:46:53 - [MESSAGE][PASSED] - Text 'James Bond' has been set to element 'Object Repository/Authorization Page/register_fullname'

2024-04-07 23:46:53 - [MESSAGE][WARNING] - Timeout '0' is invalid. Using default page load timeout: '30'

2024-04-07 23:46:54 - [MESSAGE][PASSED] - Text 'CFnXG4JeHc267@mail.com' has been set to element 'Object Repository/Authorization Page/register_email'

2024-04-07 23:46:54 - [MESSAGE][WARNING] - Timeout '0' is invalid. Using default page load timeout: '30'

2024-04-07 23:46:56 - [MESSAGE][PASSED] - Text '08123456789' has been set to element 'Object Repository/Authorization Page/register_phone_number'

2024-04-07 23:46:56 - [MESSAGE][WARNING] - Timeout '0' is invalid. Using default page load timeout: '30'

2024-04-07 23:46:58 - [MESSAGE][PASSED] - Text 'Palembang' has been set to element 'Object Repository/Authorization Page/register_city'

2024-04-07 23:46:58 - [MESSAGE][WARNING] - Timeout '0' is invalid. Using default page load timeout: '30'

2024-04-07 23:47:00 - [MESSAGE][PASSED] - Text 'Jalan Madu' has been set to element 'Object Repository/Authorization Page/register_address'

2024-04-07 23:47:01 - [MESSAGE][PASSED] - Scrolling to text 'Daftar' successfully

2024-04-07 23:47:01 - [MESSAGE][WARNING] - Timeout '0' is invalid. Using default page load timeout: '30'

2024-04-07 23:47:01 - [MESSAGE][PASSED] - Tapped on element 'Object Repository/Authorization Page/account_login_button'

2024-04-07 23:47:01 - [MESSAGE][WARNING] - Timeout '0' is invalid. Using default page load timeout: '30'

2024-04-07 23:47:03 - [MESSAGE][PASSED] - Element 'Object Repository/Authorization Page/register_fullname' is present

2024-04-07 23:47:03 - [MESSAGE][WARNING] - Timeout '0' is invalid. Using default page load timeout: '30'

2024-04-07 23:47:03 - [MESSAGE][PASSED] - Element 'Object Repository/Authorization Page/register_email' is present

2024-04-07 23:47:03 - [MESSAGE][WARNING] - Timeout '0' is invalid. Using default page load timeout: '30'

2024-04-07 23:47:03 - [MESSAGE][PASSED] - Element 'Object Repository/Authorization Page/register_fullname' is visible

2024-04-07 23:47:03 - [MESSAGE][WARNING] - Timeout '0' is invalid. Using default page load timeout: '30'

2024-04-07 23:47:03 - [MESSAGE][PASSED] - Element 'Object Repository/Authorization Page/register_email' is visible

2024-04-07 23:47:03 - [MESSAGE][INFO] - User set preference: ['appWaitActivity', '*']

2024-04-07 23:47:03 - [MESSAGE][INFO] - User set preference: ['appWaitforLaunch', 'false']

2024-04-07 23:47:03 - [MESSAGE][INFO] - User set preference: ['deviceId', '']

2024-04-07 23:47:15 - [MESSAGE][PASSED] - Started app at: 'C:\Users\mhani\Katalon Studio\K3 - Android Automation\Apk\app-debug.apk'

2024-04-07 23:47:16 - [MESSAGE][WARNING] - Timeout '0' is invalid. Using default page load timeout: '30'

2024-04-07 23:47:20 - [MESSAGE][PASSED] - Element 'Object Repository/Account/icon_account' is present

2024-04-07 23:47:20 - [MESSAGE][WARNING] - Timeout '0' is invalid. Using default page load timeout: '30'

2024-04-07 23:47:20 - [MESSAGE][PASSED] - Element 'Object Repository/Home Page/btn_add_product' is present

2024-04-07 23:47:20 - [MESSAGE][WARNING] - Timeout '0' is invalid. Using default page load timeout: '30'

2024-04-07 23:47:20 - [MESSAGE][PASSED] - Element 'Object Repository/Account/icon_account' is visible

2024-04-07 23:47:20 - [MESSAGE][WARNING] - Timeout '0' is invalid. Using default page load timeout: '30'

2024-04-07 23:47:21 - [MESSAGE][PASSED] - Element 'Object Repository/Home Page/btn_add_product' is visible

2024-04-07 23:47:21 - [MESSAGE][WARNING] - Timeout '0' is invalid. Using default page load timeout: '30'

2024-04-07 23:47:21 - [MESSAGE][PASSED] - Tapped on element 'Object Repository/Account/icon_account'

2024-04-07 23:47:21 - [MESSAGE][WARNING] - Timeout '0' is invalid. Using default page load timeout: '30'

2024-04-07 23:47:22 - [MESSAGE][PASSED] - Element 'Object Repository/Authorization Page/account_login_button' is present

2024-04-07 23:47:22 - [MESSAGE][WARNING] - Timeout '0' is invalid. Using default page load timeout: '30'

2024-04-07 23:47:22 - [MESSAGE][PASSED] - Element 'Object Repository/Authorization Page/account_login_button' is visible

2024-04-07 23:47:22 - [MESSAGE][WARNING] - Timeout '0' is invalid. Using default page load timeout: '30'

2024-04-07 23:47:22 - [MESSAGE][PASSED] - Tapped on element 'Object Repository/Authorization Page/account_login_button'

2024-04-07 23:47:22 - [MESSAGE][WARNING] - Timeout '0' is invalid. Using default page load timeout: '30'

2024-04-07 23:47:24 - [MESSAGE][PASSED] - Element 'Object Repository/Authorization Page/login_input_email' is present

2024-04-07 23:47:24 - [MESSAGE][WARNING] - Timeout '0' is invalid. Using default page load timeout: '30'

2024-04-07 23:47:24 - [MESSAGE][PASSED] - Element 'Object Repository/Authorization Page/login_input_password' is present

2024-04-07 23:47:24 - [MESSAGE][WARNING] - Timeout '0' is invalid. Using default page load timeout: '30'

2024-04-07 23:47:24 - [MESSAGE][PASSED] - Element 'Object Repository/Authorization Page/login_input_email' is visible

2024-04-07 23:47:24 - [MESSAGE][WARNING] - Timeout '0' is invalid. Using default page load timeout: '30'

2024-04-07 23:47:25 - [MESSAGE][PASSED] - Element 'Object Repository/Authorization Page/login_input_password' is visible

2024-04-07 23:47:25 - [MESSAGE][WARNING] - Timeout '0' is invalid. Using default page load timeout: '30'

2024-04-07 23:47:25 - [MESSAGE][PASSED] - Element 'Object Repository/Authorization Page/login_register_page' is present

2024-04-07 23:47:25 - [MESSAGE][WARNING] - Timeout '0' is invalid. Using default page load timeout: '30'

2024-04-07 23:47:25 - [MESSAGE][PASSED] - Element 'Object Repository/Authorization Page/login_register_page' is visible

2024-04-07 23:47:25 - [MESSAGE][WARNING] - Timeout '0' is invalid. Using default page load timeout: '30'

2024-04-07 23:47:25 - [MESSAGE][PASSED] - Tapped on element 'Object Repository/Authorization Page/login_register_page'

2024-04-07 23:47:25 - [MESSAGE][WARNING] - Timeout '0' is invalid. Using default page load timeout: '30'

2024-04-07 23:47:26 - [MESSAGE][PASSED] - Element 'Object Repository/Authorization Page/register_fullname' is present

2024-04-07 23:47:26 - [MESSAGE][WARNING] - Timeout '0' is invalid. Using default page load timeout: '30'

2024-04-07 23:47:26 - [MESSAGE][PASSED] - Element 'Object Repository/Authorization Page/register_email' is present

2024-04-07 23:47:26 - [MESSAGE][WARNING] - Timeout '0' is invalid. Using default page load timeout: '30'

2024-04-07 23:47:26 - [MESSAGE][PASSED] - Element 'Object Repository/Authorization Page/register_fullname' is visible

2024-04-07 23:47:26 - [MESSAGE][WARNING] - Timeout '0' is invalid. Using default page load timeout: '30'

2024-04-07 23:47:27 - [MESSAGE][PASSED] - Element 'Object Repository/Authorization Page/register_email' is visible

2024-04-07 23:47:27 - [MESSAGE][WARNING] - Timeout '0' is invalid. Using default page load timeout: '30'

2024-04-07 23:47:27 - [MESSAGE][PASSED] - Text 'James Bond' has been set to element 'Object Repository/Authorization Page/register_fullname'

2024-04-07 23:47:27 - [MESSAGE][WARNING] - Timeout '0' is invalid. Using default page load timeout: '30'

2024-04-07 23:47:30 - [MESSAGE][PASSED] - Text 'PRPSJzm9J2276@mail.com' has been set to element 'Object Repository/Authorization Page/register_email'

2024-04-07 23:47:30 - [MESSAGE][WARNING] - Timeout '0' is invalid. Using default page load timeout: '30'

2024-04-07 23:47:32 - [MESSAGE][PASSED] - Text 'bb@mail.com' has been set to element 'Object Repository/Authorization Page/register_password'

2024-04-07 23:47:32 - [MESSAGE][WARNING] - Timeout '0' is invalid. Using default page load timeout: '30'

2024-04-07 23:47:34 - [MESSAGE][PASSED] - Text 'Palembang' has been set to element 'Object Repository/Authorization Page/register_city'

2024-04-07 23:47:34 - [MESSAGE][WARNING] - Timeout '0' is invalid. Using default page load timeout: '30'

2024-04-07 23:47:36 - [MESSAGE][PASSED] - Text 'Jalan Madu' has been set to element 'Object Repository/Authorization Page/register_address'

2024-04-07 23:47:36 - [MESSAGE][PASSED] - Scrolling to text 'Daftar' successfully

2024-04-07 23:47:36 - [MESSAGE][WARNING] - Timeout '0' is invalid. Using default page load timeout: '30'

2024-04-07 23:47:37 - [MESSAGE][PASSED] - Tapped on element 'Object Repository/Authorization Page/account_login_button'

2024-04-07 23:47:37 - [MESSAGE][WARNING] - Timeout '0' is invalid. Using default page load timeout: '30'

2024-04-07 23:47:38 - [MESSAGE][PASSED] - Element 'Object Repository/Authorization Page/register_fullname' is present

2024-04-07 23:47:38 - [MESSAGE][WARNING] - Timeout '0' is invalid. Using default page load timeout: '30'

2024-04-07 23:47:38 - [MESSAGE][PASSED] - Element 'Object Repository/Authorization Page/register_email' is present

2024-04-07 23:47:38 - [MESSAGE][WARNING] - Timeout '0' is invalid. Using default page load timeout: '30'

2024-04-07 23:47:39 - [MESSAGE][PASSED] - Element 'Object Repository/Authorization Page/register_fullname' is visible

2024-04-07 23:47:39 - [MESSAGE][WARNING] - Timeout '0' is invalid. Using default page load timeout: '30'

2024-04-07 23:47:39 - [MESSAGE][PASSED] - Element 'Object Repository/Authorization Page/register_email' is visible

2024-04-07 23:47:39 - [MESSAGE][INFO] - User set preference: ['appWaitActivity', '*']

2024-04-07 23:47:39 - [MESSAGE][INFO] - User set preference: ['appWaitforLaunch', 'false']

2024-04-07 23:47:39 - [MESSAGE][INFO] - User set preference: ['deviceId', '']

2024-04-07 23:47:52 - [MESSAGE][PASSED] - Started app at: 'C:\Users\mhani\Katalon Studio\K3 - Android Automation\Apk\app-debug.apk'

2024-04-07 23:47:52 - [MESSAGE][WARNING] - Timeout '0' is invalid. Using default page load timeout: '30'

2024-04-07 23:47:56 - [MESSAGE][PASSED] - Element 'Object Repository/Account/icon_account' is present

2024-04-07 23:47:56 - [MESSAGE][WARNING] - Timeout '0' is invalid. Using default page load timeout: '30'

2024-04-07 23:47:56 - [MESSAGE][PASSED] - Element 'Object Repository/Home Page/btn_add_product' is present

2024-04-07 23:47:56 - [MESSAGE][WARNING] - Timeout '0' is invalid. Using default page load timeout: '30'

2024-04-07 23:47:57 - [MESSAGE][PASSED] - Element 'Object Repository/Account/icon_account' is visible

2024-04-07 23:47:57 - [MESSAGE][WARNING] - Timeout '0' is invalid. Using default page load timeout: '30'

2024-04-07 23:47:57 - [MESSAGE][PASSED] - Element 'Object Repository/Home Page/btn_add_product' is visible

2024-04-07 23:47:57 - [MESSAGE][WARNING] - Timeout '0' is invalid. Using default page load timeout: '30'

2024-04-07 23:47:57 - [MESSAGE][PASSED] - Tapped on element 'Object Repository/Account/icon_account'

2024-04-07 23:47:57 - [MESSAGE][WARNING] - Timeout '0' is invalid. Using default page load timeout: '30'

2024-04-07 23:47:58 - [MESSAGE][PASSED] - Element 'Object Repository/Authorization Page/account_login_button' is present

2024-04-07 23:47:58 - [MESSAGE][WARNING] - Timeout '0' is invalid. Using default page load timeout: '30'

2024-04-07 23:47:58 - [MESSAGE][PASSED] - Element 'Object Repository/Authorization Page/account_login_button' is visible

2024-04-07 23:47:58 - [MESSAGE][WARNING] - Timeout '0' is invalid. Using default page load timeout: '30'

2024-04-07 23:47:58 - [MESSAGE][PASSED] - Tapped on element 'Object Repository/Authorization Page/account_login_button'

2024-04-07 23:47:58 - [MESSAGE][WARNING] - Timeout '0' is invalid. Using default page load timeout: '30'

2024-04-07 23:48:00 - [MESSAGE][PASSED] - Element 'Object Repository/Authorization Page/login_input_email' is present

2024-04-07 23:48:00 - [MESSAGE][WARNING] - Timeout '0' is invalid. Using default page load timeout: '30'

2024-04-07 23:48:00 - [MESSAGE][PASSED] - Element 'Object Repository/Authorization Page/login_input_password' is present

2024-04-07 23:48:00 - [MESSAGE][WARNING] - Timeout '0' is invalid. Using default page load timeout: '30'

2024-04-07 23:48:00 - [MESSAGE][PASSED] - Element 'Object Repository/Authorization Page/login_input_email' is visible

2024-04-07 23:48:00 - [MESSAGE][WARNING] - Timeout '0' is invalid. Using default page load timeout: '30'

2024-04-07 23:48:01 - [MESSAGE][PASSED] - Element 'Object Repository/Authorization Page/login_input_password' is visible

2024-04-07 23:48:01 - [MESSAGE][WARNING] - Timeout '0' is invalid. Using default page load timeout: '30'

2024-04-07 23:48:01 - [MESSAGE][PASSED] - Element 'Object Repository/Authorization Page/login_register_page' is present

2024-04-07 23:48:01 - [MESSAGE][WARNING] - Timeout '0' is invalid. Using default page load timeout: '30'

2024-04-07 23:48:01 - [MESSAGE][PASSED] - Element 'Object Repository/Authorization Page/login_register_page' is visible

2024-04-07 23:48:01 - [MESSAGE][WARNING] - Timeout '0' is invalid. Using default page load timeout: '30'

2024-04-07 23:48:01 - [MESSAGE][PASSED] - Tapped on element 'Object Repository/Authorization Page/login_register_page'

2024-04-07 23:48:01 - [MESSAGE][WARNING] - Timeout '0' is invalid. Using default page load timeout: '30'

2024-04-07 23:48:02 - [MESSAGE][PASSED] - Element 'Object Repository/Authorization Page/register_fullname' is present

2024-04-07 23:48:02 - [MESSAGE][WARNING] - Timeout '0' is invalid. Using default page load timeout: '30'

2024-04-07 23:48:02 - [MESSAGE][PASSED] - Element 'Object Repository/Authorization Page/register_email' is present

2024-04-07 23:48:02 - [MESSAGE][WARNING] - Timeout '0' is invalid. Using default page load timeout: '30'

2024-04-07 23:48:02 - [MESSAGE][PASSED] - Element 'Object Repository/Authorization Page/register_fullname' is visible

2024-04-07 23:48:02 - [MESSAGE][WARNING] - Timeout '0' is invalid. Using default page load timeout: '30'

2024-04-07 23:48:03 - [MESSAGE][PASSED] - Element 'Object Repository/Authorization Page/register_email' is visible

2024-04-07 23:48:03 - [MESSAGE][WARNING] - Timeout '0' is invalid. Using default page load timeout: '30'

2024-04-07 23:48:04 - [MESSAGE][PASSED] - Text 'James Bond' has been set to element 'Object Repository/Authorization Page/register_fullname'

2024-04-07 23:48:04 - [MESSAGE][WARNING] - Timeout '0' is invalid. Using default page load timeout: '30'

2024-04-07 23:48:06 - [MESSAGE][PASSED] - Text '7p2b6Asmqr440@mail.com' has been set to element 'Object Repository/Authorization Page/register_email'

2024-04-07 23:48:06 - [MESSAGE][WARNING] - Timeout '0' is invalid. Using default page load timeout: '30'

2024-04-07 23:48:08 - [MESSAGE][PASSED] - Text 'bb@mail.com' has been set to element 'Object Repository/Authorization Page/register_password'

2024-04-07 23:48:08 - [MESSAGE][WARNING] - Timeout '0' is invalid. Using default page load timeout: '30'

2024-04-07 23:48:10 - [MESSAGE][PASSED] - Text '08123456789' has been set to element 'Object Repository/Authorization Page/register_phone_number'

2024-04-07 23:48:10 - [MESSAGE][WARNING] - Timeout '0' is invalid. Using default page load timeout: '30'

2024-04-07 23:48:12 - [MESSAGE][PASSED] - Text 'Jalan Madu' has been set to element 'Object Repository/Authorization Page/register_address'

2024-04-07 23:48:12 - [MESSAGE][PASSED] - Scrolling to text 'Daftar' successfully

2024-04-07 23:48:13 - [MESSAGE][WARNING] - Timeout '0' is invalid. Using default page load timeout: '30'

2024-04-07 23:48:13 - [MESSAGE][PASSED] - Tapped on element 'Object Repository/Authorization Page/account_login_button'

2024-04-07 23:48:13 - [MESSAGE][WARNING] - Timeout '0' is invalid. Using default page load timeout: '30'

2024-04-07 23:48:14 - [MESSAGE][PASSED] - Element 'Object Repository/Authorization Page/register_fullname' is present

2024-04-07 23:48:14 - [MESSAGE][WARNING] - Timeout '0' is invalid. Using default page load timeout: '30'

2024-04-07 23:48:14 - [MESSAGE][PASSED] - Element 'Object Repository/Authorization Page/register_email' is present

2024-04-07 23:48:14 - [MESSAGE][WARNING] - Timeout '0' is invalid. Using default page load timeout: '30'

2024-04-07 23:48:15 - [MESSAGE][PASSED] - Element 'Object Repository/Authorization Page/register_fullname' is visible

2024-04-07 23:48:15 - [MESSAGE][WARNING] - Timeout '0' is invalid. Using default page load timeout: '30'

2024-04-07 23:48:15 - [MESSAGE][PASSED] - Element 'Object Repository/Authorization Page/register_email' is visible

2024-04-07 23:48:15 - [MESSAGE][INFO] - User set preference: ['appWaitActivity', '*']

2024-04-07 23:48:15 - [MESSAGE][INFO] - User set preference: ['appWaitforLaunch', 'false']

2024-04-07 23:48:15 - [MESSAGE][INFO] - User set preference: ['deviceId', '']

2024-04-07 23:48:28 - [MESSAGE][PASSED] - Started app at: 'C:\Users\mhani\Katalon Studio\K3 - Android Automation\Apk\app-debug.apk'

2024-04-07 23:48:28 - [MESSAGE][WARNING] - Timeout '0' is invalid. Using default page load timeout: '30'

2024-04-07 23:48:31 - [MESSAGE][PASSED] - Element 'Object Repository/Account/icon_account' is present

2024-04-07 23:48:31 - [MESSAGE][WARNING] - Timeout '0' is invalid. Using default page load timeout: '30'

2024-04-07 23:48:32 - [MESSAGE][PASSED] - Element 'Object Repository/Home Page/btn_add_product' is present

2024-04-07 23:48:32 - [MESSAGE][WARNING] - Timeout '0' is invalid. Using default page load timeout: '30'

2024-04-07 23:48:32 - [MESSAGE][PASSED] - Element 'Object Repository/Account/icon_account' is visible

2024-04-07 23:48:32 - [MESSAGE][WARNING] - Timeout '0' is invalid. Using default page load timeout: '30'

2024-04-07 23:48:33 - [MESSAGE][PASSED] - Element 'Object Repository/Home Page/btn_add_product' is visible

2024-04-07 23:48:33 - [MESSAGE][WARNING] - Timeout '0' is invalid. Using default page load timeout: '30'

2024-04-07 23:48:33 - [MESSAGE][PASSED] - Tapped on element 'Object Repository/Account/icon_account'

2024-04-07 23:48:33 - [MESSAGE][WARNING] - Timeout '0' is invalid. Using default page load timeout: '30'

2024-04-07 23:48:34 - [MESSAGE][PASSED] - Element 'Object Repository/Authorization Page/account_login_button' is present

2024-04-07 23:48:34 - [MESSAGE][WARNING] - Timeout '0' is invalid. Using default page load timeout: '30'

2024-04-07 23:48:34 - [MESSAGE][PASSED] - Element 'Object Repository/Authorization Page/account_login_button' is visible

2024-04-07 23:48:34 - [MESSAGE][WARNING] - Timeout '0' is invalid. Using default page load timeout: '30'

2024-04-07 23:48:34 - [MESSAGE][PASSED] - Tapped on element 'Object Repository/Authorization Page/account_login_button'

2024-04-07 23:48:34 - [MESSAGE][WARNING] - Timeout '0' is invalid. Using default page load timeout: '30'

2024-04-07 23:48:36 - [MESSAGE][PASSED] - Element 'Object Repository/Authorization Page/login_input_email' is present

2024-04-07 23:48:36 - [MESSAGE][WARNING] - Timeout '0' is invalid. Using default page load timeout: '30'

2024-04-07 23:48:36 - [MESSAGE][PASSED] - Element 'Object Repository/Authorization Page/login_input_password' is present

2024-04-07 23:48:36 - [MESSAGE][WARNING] - Timeout '0' is invalid. Using default page load timeout: '30'

2024-04-07 23:48:36 - [MESSAGE][PASSED] - Element 'Object Repository/Authorization Page/login_input_email' is visible

2024-04-07 23:48:36 - [MESSAGE][WARNING] - Timeout '0' is invalid. Using default page load timeout: '30'

2024-04-07 23:48:36 - [MESSAGE][PASSED] - Element 'Object Repository/Authorization Page/login_input_password' is visible

2024-04-07 23:48:36 - [MESSAGE][WARNING] - Timeout '0' is invalid. Using default page load timeout: '30'

2024-04-07 23:48:37 - [MESSAGE][PASSED] - Element 'Object Repository/Authorization Page/login_register_page' is present

2024-04-07 23:48:37 - [MESSAGE][WARNING] - Timeout '0' is invalid. Using default page load timeout: '30'

2024-04-07 23:48:37 - [MESSAGE][PASSED] - Element 'Object Repository/Authorization Page/login_register_page' is visible

2024-04-07 23:48:37 - [MESSAGE][WARNING] - Timeout '0' is invalid. Using default page load timeout: '30'

2024-04-07 23:48:37 - [MESSAGE][PASSED] - Tapped on element 'Object Repository/Authorization Page/login_register_page'

2024-04-07 23:48:37 - [MESSAGE][WARNING] - Timeout '0' is invalid. Using default page load timeout: '30'

2024-04-07 23:48:38 - [MESSAGE][PASSED] - Element 'Object Repository/Authorization Page/register_fullname' is present

2024-04-07 23:48:38 - [MESSAGE][WARNING] - Timeout '0' is invalid. Using default page load timeout: '30'

2024-04-07 23:48:38 - [MESSAGE][PASSED] - Element 'Object Repository/Authorization Page/register_email' is present

2024-04-07 23:48:38 - [MESSAGE][WARNING] - Timeout '0' is invalid. Using default page load timeout: '30'

2024-04-07 23:48:38 - [MESSAGE][PASSED] - Element 'Object Repository/Authorization Page/register_fullname' is visible

2024-04-07 23:48:38 - [MESSAGE][WARNING] - Timeout '0' is invalid. Using default page load timeout: '30'

2024-04-07 23:48:38 - [MESSAGE][PASSED] - Element 'Object Repository/Authorization Page/register_email' is visible

2024-04-07 23:48:39 - [MESSAGE][WARNING] - Timeout '0' is invalid. Using default page load timeout: '30'

2024-04-07 23:48:39 - [MESSAGE][PASSED] - Text 'James Bond' has been set to element 'Object Repository/Authorization Page/register_fullname'

2024-04-07 23:48:39 - [MESSAGE][WARNING] - Timeout '0' is invalid. Using default page load timeout: '30'

2024-04-07 23:48:41 - [MESSAGE][PASSED] - Text '4qe24BMChb85@mail.com' has been set to element 'Object Repository/Authorization Page/register_email'

2024-04-07 23:48:41 - [MESSAGE][WARNING] - Timeout '0' is invalid. Using default page load timeout: '30'

2024-04-07 23:48:44 - [MESSAGE][PASSED] - Text 'bb@mail.com' has been set to element 'Object Repository/Authorization Page/register_password'

2024-04-07 23:48:44 - [MESSAGE][WARNING] - Timeout '0' is invalid. Using default page load timeout: '30'

2024-04-07 23:48:46 - [MESSAGE][PASSED] - Text '08123456789' has been set to element 'Object Repository/Authorization Page/register_phone_number'

2024-04-07 23:48:46 - [MESSAGE][WARNING] - Timeout '0' is invalid. Using default page load timeout: '30'

2024-04-07 23:48:48 - [MESSAGE][PASSED] - Text 'Palembang' has been set to element 'Object Repository/Authorization Page/register_city'

2024-04-07 23:48:49 - [MESSAGE][PASSED] - Scrolling to text 'Daftar' successfully

2024-04-07 23:48:49 - [MESSAGE][WARNING] - Timeout '0' is invalid. Using default page load timeout: '30'

2024-04-07 23:48:49 - [MESSAGE][PASSED] - Tapped on element 'Object Repository/Authorization Page/account_login_button'

2024-04-07 23:48:49 - [MESSAGE][WARNING] - Timeout '0' is invalid. Using default page load timeout: '30'

2024-04-07 23:48:50 - [MESSAGE][PASSED] - Element 'Object Repository/Authorization Page/register_fullname' is present

2024-04-07 23:48:50 - [MESSAGE][WARNING] - Timeout '0' is invalid. Using default page load timeout: '30'

2024-04-07 23:48:50 - [MESSAGE][PASSED] - Element 'Object Repository/Authorization Page/register_email' is present

2024-04-07 23:48:51 - [MESSAGE][WARNING] - Timeout '0' is invalid. Using default page load timeout: '30'

2024-04-07 23:48:51 - [MESSAGE][PASSED] - Element 'Object Repository/Authorization Page/register_fullname' is visible

2024-04-07 23:48:51 - [MESSAGE][WARNING] - Timeout '0' is invalid. Using default page load timeout: '30'

2024-04-07 23:48:51 - [MESSAGE][PASSED] - Element 'Object Repository/Authorization Page/register_email' is visible

2024-04-07 23:48:51 - [MESSAGE][INFO] - User set preference: ['appWaitActivity', '*']

2024-04-07 23:48:51 - [MESSAGE][INFO] - User set preference: ['appWaitforLaunch', 'false']

2024-04-07 23:48:51 - [MESSAGE][INFO] - User set preference: ['deviceId', '']

2024-04-07 23:49:04 - [MESSAGE][PASSED] - Started app at: 'C:\Users\mhani\Katalon Studio\K3 - Android Automation\Apk\app-debug.apk'

2024-04-07 23:49:04 - [MESSAGE][WARNING] - Timeout '0' is invalid. Using default page load timeout: '30'

2024-04-07 23:49:08 - [MESSAGE][PASSED] - Element 'Object Repository/Account/icon_account' is present

2024-04-07 23:49:08 - [MESSAGE][WARNING] - Timeout '0' is invalid. Using default page load timeout: '30'

2024-04-07 23:49:08 - [MESSAGE][PASSED] - Element 'Object Repository/Home Page/btn_add_product' is present

2024-04-07 23:49:08 - [MESSAGE][WARNING] - Timeout '0' is invalid. Using default page load timeout: '30'

2024-04-07 23:49:09 - [MESSAGE][PASSED] - Element 'Object Repository/Account/icon_account' is visible

2024-04-07 23:49:09 - [MESSAGE][WARNING] - Timeout '0' is invalid. Using default page load timeout: '30'

2024-04-07 23:49:09 - [MESSAGE][PASSED] - Element 'Object Repository/Home Page/btn_add_product' is visible

2024-04-07 23:49:09 - [MESSAGE][WARNING] - Timeout '0' is invalid. Using default page load timeout: '30'

2024-04-07 23:49:09 - [MESSAGE][PASSED] - Tapped on element 'Object Repository/Account/icon_account'

2024-04-07 23:49:09 - [MESSAGE][WARNING] - Timeout '0' is invalid. Using default page load timeout: '30'

2024-04-07 23:49:10 - [MESSAGE][PASSED] - Element 'Object Repository/Authorization Page/account_login_button' is present

2024-04-07 23:49:10 - [MESSAGE][WARNING] - Timeout '0' is invalid. Using default page load timeout: '30'

2024-04-07 23:49:11 - [MESSAGE][PASSED] - Element 'Object Repository/Authorization Page/account_login_button' is visible

2024-04-07 23:49:11 - [MESSAGE][WARNING] - Timeout '0' is invalid. Using default page load timeout: '30'

2024-04-07 23:49:11 - [MESSAGE][PASSED] - Tapped on element 'Object Repository/Authorization Page/account_login_button'

2024-04-07 23:49:11 - [MESSAGE][WARNING] - Timeout '0' is invalid. Using default page load timeout: '30'

2024-04-07 23:49:12 - [MESSAGE][PASSED] - Element 'Object Repository/Authorization Page/login_input_email' is present

2024-04-07 23:49:12 - [MESSAGE][WARNING] - Timeout '0' is invalid. Using default page load timeout: '30'

2024-04-07 23:49:13 - [MESSAGE][PASSED] - Element 'Object Repository/Authorization Page/login_input_password' is present

2024-04-07 23:49:13 - [MESSAGE][WARNING] - Timeout '0' is invalid. Using default page load timeout: '30'

2024-04-07 23:49:13 - [MESSAGE][PASSED] - Element 'Object Repository/Authorization Page/login_input_email' is visible

2024-04-07 23:49:13 - [MESSAGE][WARNING] - Timeout '0' is invalid. Using default page load timeout: '30'

2024-04-07 23:49:13 - [MESSAGE][PASSED] - Element 'Object Repository/Authorization Page/login_input_password' is visible

2024-04-07 23:49:13 - [MESSAGE][WARNING] - Timeout '0' is invalid. Using default page load timeout: '30'

2024-04-07 23:49:14 - [MESSAGE][PASSED] - Text 'bb@mail.com' has been set to element 'Object Repository/Authorization Page/login_input_email'

2024-04-07 23:49:14 - [MESSAGE][WARNING] - Timeout '0' is invalid. Using default page load timeout: '30'

2024-04-07 23:49:16 - [MESSAGE][PASSED] - Text 'bb@mail.com' has been set to element 'Object Repository/Authorization Page/login_input_password'

2024-04-07 23:49:16 - [MESSAGE][WARNING] - Timeout '0' is invalid. Using default page load timeout: '30'

2024-04-07 23:49:17 - [MESSAGE][PASSED] - Element 'Object Repository/Authorization Page/login_login_button' is present

2024-04-07 23:49:17 - [MESSAGE][WARNING] - Timeout '0' is invalid. Using default page load timeout: '30'

2024-04-07 23:49:17 - [MESSAGE][PASSED] - Element 'Object Repository/Authorization Page/login_login_button' is visible

2024-04-07 23:49:17 - [MESSAGE][WARNING] - Timeout '0' is invalid. Using default page load timeout: '30'

2024-04-07 23:49:17 - [MESSAGE][PASSED] - Tapped on element 'Object Repository/Authorization Page/login_login_button'

2024-04-07 23:49:17 - [MESSAGE][WARNING] - Timeout '0' is invalid. Using default page load timeout: '30'

2024-04-07 23:49:19 - [MESSAGE][PASSED] - Element 'Object Repository/Account/button_my_order' is present

2024-04-07 23:49:19 - [MESSAGE][WARNING] - Timeout '0' is invalid. Using default page load timeout: '30'

2024-04-07 23:49:20 - [MESSAGE][PASSED] - Element 'Object Repository/Account/button_log_out' is present

2024-04-07 23:49:20 - [MESSAGE][WARNING] - Timeout '0' is invalid. Using default page load timeout: '30'

2024-04-07 23:49:20 - [MESSAGE][PASSED] - Element 'Object Repository/Account/button_my_order' is visible

2024-04-07 23:49:20 - [MESSAGE][WARNING] - Timeout '0' is invalid. Using default page load timeout: '30'

2024-04-07 23:49:21 - [MESSAGE][PASSED] - Element 'Object Repository/Account/button_log_out' is visible

2024-04-07 23:49:21 - [MESSAGE][INFO] - User set preference: ['appWaitActivity', '*']

2024-04-07 23:49:21 - [MESSAGE][INFO] - User set preference: ['appWaitforLaunch', 'false']

2024-04-07 23:49:21 - [MESSAGE][INFO] - User set preference: ['deviceId', '']

2024-04-07 23:49:35 - [MESSAGE][PASSED] - Started app at: 'C:\Users\mhani\Katalon Studio\K3 - Android Automation\Apk\app-debug.apk'

2024-04-07 23:49:35 - [MESSAGE][WARNING] - Timeout '0' is invalid. Using default page load timeout: '30'

2024-04-07 23:49:39 - [MESSAGE][PASSED] - Element 'Object Repository/Account/icon_account' is present

2024-04-07 23:49:39 - [MESSAGE][WARNING] - Timeout '0' is invalid. Using default page load timeout: '30'

2024-04-07 23:49:39 - [MESSAGE][PASSED] - Element 'Object Repository/Home Page/btn_add_product' is present

2024-04-07 23:49:39 - [MESSAGE][WARNING] - Timeout '0' is invalid. Using default page load timeout: '30'

2024-04-07 23:49:39 - [MESSAGE][PASSED] - Element 'Object Repository/Account/icon_account' is visible

2024-04-07 23:49:39 - [MESSAGE][WARNING] - Timeout '0' is invalid. Using default page load timeout: '30'

2024-04-07 23:49:40 - [MESSAGE][PASSED] - Element 'Object Repository/Home Page/btn_add_product' is visible

2024-04-07 23:49:40 - [MESSAGE][WARNING] - Timeout '0' is invalid. Using default page load timeout: '30'

2024-04-07 23:49:40 - [MESSAGE][PASSED] - Tapped on element 'Object Repository/Account/icon_account'

2024-04-07 23:49:40 - [MESSAGE][WARNING] - Timeout '0' is invalid. Using default page load timeout: '30'

2024-04-07 23:49:41 - [MESSAGE][PASSED] - Element 'Object Repository/Authorization Page/account_login_button' is present

2024-04-07 23:49:41 - [MESSAGE][WARNING] - Timeout '0' is invalid. Using default page load timeout: '30'

2024-04-07 23:49:41 - [MESSAGE][PASSED] - Element 'Object Repository/Authorization Page/account_login_button' is visible

2024-04-07 23:49:41 - [MESSAGE][WARNING] - Timeout '0' is invalid. Using default page load timeout: '30'

2024-04-07 23:49:41 - [MESSAGE][PASSED] - Tapped on element 'Object Repository/Authorization Page/account_login_button'

2024-04-07 23:49:41 - [MESSAGE][WARNING] - Timeout '0' is invalid. Using default page load timeout: '30'

2024-04-07 23:49:43 - [MESSAGE][PASSED] - Element 'Object Repository/Authorization Page/login_input_email' is present

2024-04-07 23:49:43 - [MESSAGE][WARNING] - Timeout '0' is invalid. Using default page load timeout: '30'

2024-04-07 23:49:43 - [MESSAGE][PASSED] - Element 'Object Repository/Authorization Page/login_input_password' is present

2024-04-07 23:49:43 - [MESSAGE][WARNING] - Timeout '0' is invalid. Using default page load timeout: '30'

2024-04-07 23:49:43 - [MESSAGE][PASSED] - Element 'Object Repository/Authorization Page/login_input_email' is visible

2024-04-07 23:49:43 - [MESSAGE][WARNING] - Timeout '0' is invalid. Using default page load timeout: '30'

2024-04-07 23:49:44 - [MESSAGE][PASSED] - Element 'Object Repository/Authorization Page/login_input_password' is visible

2024-04-07 23:49:44 - [MESSAGE][WARNING] - Timeout '0' is invalid. Using default page load timeout: '30'

2024-04-07 23:49:45 - [MESSAGE][PASSED] - Text 'bbb@mail.com' has been set to element 'Object Repository/Authorization Page/login_input_email'

2024-04-07 23:49:45 - [MESSAGE][WARNING] - Timeout '0' is invalid. Using default page load timeout: '30'

2024-04-07 23:49:47 - [MESSAGE][PASSED] - Text 'bb@mail.com' has been set to element 'Object Repository/Authorization Page/login_input_password'

2024-04-07 23:49:47 - [MESSAGE][WARNING] - Timeout '0' is invalid. Using default page load timeout: '30'

2024-04-07 23:49:47 - [MESSAGE][PASSED] - Element 'Object Repository/Authorization Page/login_login_button' is present

2024-04-07 23:49:47 - [MESSAGE][WARNING] - Timeout '0' is invalid. Using default page load timeout: '30'

2024-04-07 23:49:47 - [MESSAGE][PASSED] - Element 'Object Repository/Authorization Page/login_login_button' is visible

2024-04-07 23:49:47 - [MESSAGE][WARNING] - Timeout '0' is invalid. Using default page load timeout: '30'

2024-04-07 23:49:48 - [MESSAGE][PASSED] - Tapped on element 'Object Repository/Authorization Page/login_login_button'

2024-04-07 23:49:51 - [MESSAGE][PASSED] - Tapped at [700, 200]

2024-04-07 23:49:51 - [MESSAGE][WARNING] - Timeout '0' is invalid. Using default page load timeout: '30'

2024-04-07 23:49:51 - [MESSAGE][PASSED] - Element 'Object Repository/Authorization Page/login_input_email' is present

2024-04-07 23:49:51 - [MESSAGE][WARNING] - Timeout '0' is invalid. Using default page load timeout: '30'

2024-04-07 23:49:51 - [MESSAGE][PASSED] - Element 'Object Repository/Authorization Page/login_input_password' is present

2024-04-07 23:49:51 - [MESSAGE][WARNING] - Timeout '0' is invalid. Using default page load timeout: '30'

2024-04-07 23:49:51 - [MESSAGE][PASSED] - Element 'Object Repository/Authorization Page/login_input_email' is visible

2024-04-07 23:49:52 - [MESSAGE][WARNING] - Timeout '0' is invalid. Using default page load timeout: '30'

2024-04-07 23:49:52 - [MESSAGE][PASSED] - Element 'Object Repository/Authorization Page/login_input_password' is visible

2024-04-07 23:49:52 - [MESSAGE][INFO] - User set preference: ['appWaitActivity', '*']

2024-04-07 23:49:52 - [MESSAGE][INFO] - User set preference: ['appWaitforLaunch', 'false']

2024-04-07 23:49:52 - [MESSAGE][INFO] - User set preference: ['deviceId', '']

2024-04-07 23:50:04 - [MESSAGE][PASSED] - Started app at: 'C:\Users\mhani\Katalon Studio\K3 - Android Automation\Apk\app-debug.apk'

2024-04-07 23:50:04 - [MESSAGE][WARNING] - Timeout '0' is invalid. Using default page load timeout: '30'

2024-04-07 23:50:08 - [MESSAGE][PASSED] - Element 'Object Repository/Account/icon_account' is present

2024-04-07 23:50:08 - [MESSAGE][WARNING] - Timeout '0' is invalid. Using default page load timeout: '30'

2024-04-07 23:50:08 - [MESSAGE][PASSED] - Element 'Object Repository/Home Page/btn_add_product' is present

2024-04-07 23:50:08 - [MESSAGE][WARNING] - Timeout '0' is invalid. Using default page load timeout: '30'

2024-04-07 23:50:08 - [MESSAGE][PASSED] - Element 'Object Repository/Account/icon_account' is visible

2024-04-07 23:50:09 - [MESSAGE][WARNING] - Timeout '0' is invalid. Using default page load timeout: '30'

2024-04-07 23:50:09 - [MESSAGE][PASSED] - Element 'Object Repository/Home Page/btn_add_product' is visible

2024-04-07 23:50:09 - [MESSAGE][WARNING] - Timeout '0' is invalid. Using default page load timeout: '30'

2024-04-07 23:50:09 - [MESSAGE][PASSED] - Tapped on element 'Object Repository/Account/icon_account'

2024-04-07 23:50:09 - [MESSAGE][WARNING] - Timeout '0' is invalid. Using default page load timeout: '30'

2024-04-07 23:50:10 - [MESSAGE][PASSED] - Element 'Object Repository/Authorization Page/account_login_button' is present

2024-04-07 23:50:10 - [MESSAGE][WARNING] - Timeout '0' is invalid. Using default page load timeout: '30'

2024-04-07 23:50:10 - [MESSAGE][PASSED] - Element 'Object Repository/Authorization Page/account_login_button' is visible

2024-04-07 23:50:10 - [MESSAGE][WARNING] - Timeout '0' is invalid. Using default page load timeout: '30'

2024-04-07 23:50:10 - [MESSAGE][PASSED] - Tapped on element 'Object Repository/Authorization Page/account_login_button'

2024-04-07 23:50:10 - [MESSAGE][WARNING] - Timeout '0' is invalid. Using default page load timeout: '30'

2024-04-07 23:50:12 - [MESSAGE][PASSED] - Element 'Object Repository/Authorization Page/login_input_email' is present

2024-04-07 23:50:12 - [MESSAGE][WARNING] - Timeout '0' is invalid. Using default page load timeout: '30'

2024-04-07 23:50:12 - [MESSAGE][PASSED] - Element 'Object Repository/Authorization Page/login_input_password' is present

2024-04-07 23:50:12 - [MESSAGE][WARNING] - Timeout '0' is invalid. Using default page load timeout: '30'

2024-04-07 23:50:12 - [MESSAGE][PASSED] - Element 'Object Repository/Authorization Page/login_input_email' is visible

2024-04-07 23:50:12 - [MESSAGE][WARNING] - Timeout '0' is invalid. Using default page load timeout: '30'

2024-04-07 23:50:13 - [MESSAGE][PASSED] - Element 'Object Repository/Authorization Page/login_input_password' is visible

2024-04-07 23:50:13 - [MESSAGE][WARNING] - Timeout '0' is invalid. Using default page load timeout: '30'

2024-04-07 23:50:14 - [MESSAGE][PASSED] - Text 'bb@mail.com' has been set to element 'Object Repository/Authorization Page/login_input_email'

2024-04-07 23:50:14 - [MESSAGE][WARNING] - Timeout '0' is invalid. Using default page load timeout: '30'

2024-04-07 23:50:15 - [MESSAGE][PASSED] - Text 'bbb@mail.com' has been set to element 'Object Repository/Authorization Page/login_input_password'

2024-04-07 23:50:16 - [MESSAGE][WARNING] - Timeout '0' is invalid. Using default page load timeout: '30'

2024-04-07 23:50:16 - [MESSAGE][PASSED] - Element 'Object Repository/Authorization Page/login_login_button' is present

2024-04-07 23:50:16 - [MESSAGE][WARNING] - Timeout '0' is invalid. Using default page load timeout: '30'

2024-04-07 23:50:16 - [MESSAGE][PASSED] - Element 'Object Repository/Authorization Page/login_login_button' is visible

2024-04-07 23:50:16 - [MESSAGE][WARNING] - Timeout '0' is invalid. Using default page load timeout: '30'

2024-04-07 23:50:17 - [MESSAGE][PASSED] - Tapped on element 'Object Repository/Authorization Page/login_login_button'

2024-04-07 23:50:20 - [MESSAGE][PASSED] - Tapped at [700, 200]

2024-04-07 23:50:20 - [MESSAGE][WARNING] - Timeout '0' is invalid. Using default page load timeout: '30'

2024-04-07 23:50:20 - [MESSAGE][PASSED] - Element 'Object Repository/Authorization Page/login_input_email' is present

2024-04-07 23:50:20 - [MESSAGE][WARNING] - Timeout '0' is invalid. Using default page load timeout: '30'

2024-04-07 23:50:20 - [MESSAGE][PASSED] - Element 'Object Repository/Authorization Page/login_input_password' is present

2024-04-07 23:50:20 - [MESSAGE][WARNING] - Timeout '0' is invalid. Using default page load timeout: '30'

2024-04-07 23:50:20 - [MESSAGE][PASSED] - Element 'Object Repository/Authorization Page/login_input_email' is visible

2024-04-07 23:50:20 - [MESSAGE][WARNING] - Timeout '0' is invalid. Using default page load timeout: '30'

2024-04-07 23:50:21 - [MESSAGE][PASSED] - Element 'Object Repository/Authorization Page/login_input_password' is visible

2024-04-07 23:50:21 - [MESSAGE][INFO] - User set preference: ['appWaitActivity', '*']

2024-04-07 23:50:21 - [MESSAGE][INFO] - User set preference: ['appWaitforLaunch', 'false']

2024-04-07 23:50:21 - [MESSAGE][INFO] - User set preference: ['deviceId', '']

2024-04-07 23:50:34 - [MESSAGE][PASSED] - Started app at: 'C:\Users\mhani\Katalon Studio\K3 - Android Automation\Apk\app-debug.apk'

2024-04-07 23:50:34 - [MESSAGE][WARNING] - Timeout '0' is invalid. Using default page load timeout: '30'

2024-04-07 23:50:38 - [MESSAGE][PASSED] - Element 'Object Repository/Account/icon_account' is present

2024-04-07 23:50:38 - [MESSAGE][WARNING] - Timeout '0' is invalid. Using default page load timeout: '30'

2024-04-07 23:50:39 - [MESSAGE][PASSED] - Element 'Object Repository/Home Page/btn_add_product' is present

2024-04-07 23:50:39 - [MESSAGE][WARNING] - Timeout '0' is invalid. Using default page load timeout: '30'

2024-04-07 23:50:39 - [MESSAGE][PASSED] - Element 'Object Repository/Account/icon_account' is visible

2024-04-07 23:50:39 - [MESSAGE][WARNING] - Timeout '0' is invalid. Using default page load timeout: '30'

2024-04-07 23:50:39 - [MESSAGE][PASSED] - Element 'Object Repository/Home Page/btn_add_product' is visible

2024-04-07 23:50:39 - [MESSAGE][WARNING] - Timeout '0' is invalid. Using default page load timeout: '30'

2024-04-07 23:50:40 - [MESSAGE][PASSED] - Tapped on element 'Object Repository/Account/icon_account'

2024-04-07 23:50:40 - [MESSAGE][WARNING] - Timeout '0' is invalid. Using default page load timeout: '30'

2024-04-07 23:50:40 - [MESSAGE][PASSED] - Element 'Object Repository/Authorization Page/account_login_button' is present

2024-04-07 23:50:40 - [MESSAGE][WARNING] - Timeout '0' is invalid. Using default page load timeout: '30'

2024-04-07 23:50:41 - [MESSAGE][PASSED] - Element 'Object Repository/Authorization Page/account_login_button' is visible

2024-04-07 23:50:41 - [MESSAGE][WARNING] - Timeout '0' is invalid. Using default page load timeout: '30'

2024-04-07 23:50:41 - [MESSAGE][PASSED] - Tapped on element 'Object Repository/Authorization Page/account_login_button'

2024-04-07 23:50:41 - [MESSAGE][WARNING] - Timeout '0' is invalid. Using default page load timeout: '30'

2024-04-07 23:50:42 - [MESSAGE][PASSED] - Element 'Object Repository/Authorization Page/login_input_email' is present

2024-04-07 23:50:42 - [MESSAGE][WARNING] - Timeout '0' is invalid. Using default page load timeout: '30'

2024-04-07 23:50:43 - [MESSAGE][PASSED] - Element 'Object Repository/Authorization Page/login_input_password' is present

2024-04-07 23:50:43 - [MESSAGE][WARNING] - Timeout '0' is invalid. Using default page load timeout: '30'

2024-04-07 23:50:43 - [MESSAGE][PASSED] - Element 'Object Repository/Authorization Page/login_input_email' is visible

[...]

2024-04-07 23:51:13 - [MESSAGE][WARNING] - Timeout '0' is invalid. Using default page load timeout: '30'

2024-04-07 23:51:13 - [MESSAGE][PASSED] - Tapped on element 'Object Repository/Authorization Page/login_login_button'

2024-04-07 23:51:16 - [MESSAGE][PASSED] - Tapped at [700, 200]

2024-04-07 23:51:16 - [MESSAGE][WARNING] - Timeout '0' is invalid. Using default page load timeout: '30'

2024-04-07 23:51:16 - [MESSAGE][PASSED] - Element 'Object Repository/Authorization Page/login_input_email' is present

2024-04-07 23:51:17 - [MESSAGE][WARNING] - Timeout '0' is invalid. Using default page load timeout: '30'

2024-04-07 23:51:17 - [MESSAGE][PASSED] - Element 'Object Repository/Authorization Page/login_input_password' is present

2024-04-07 23:51:17 - [MESSAGE][WARNING] - Timeout '0' is invalid. Using default page load timeout: '30'

2024-04-07 23:51:17 - [MESSAGE][PASSED] - Element 'Object Repository/Authorization Page/login_input_email' is visible

2024-04-07 23:51:17 - [MESSAGE][WARNING] - Timeout '0' is invalid. Using default page load timeout: '30'

2024-04-07 23:51:17 - [MESSAGE][PASSED] - Element 'Object Repository/Authorization Page/login_input_password' is visible

2024-04-07 23:51:17 - [MESSAGE][INFO] - User set preference: ['appWaitActivity', '*']

2024-04-07 23:51:17 - [MESSAGE][INFO] - User set preference: ['appWaitforLaunch', 'false']

2024-04-07 23:51:17 - [MESSAGE][INFO] - User set preference: ['deviceId', '']

2024-04-07 23:51:30 - [MESSAGE][PASSED] - Started app at: 'C:\Users\mhani\Katalon Studio\K3 - Android Automation\Apk\app-debug.apk'

2024-04-07 23:51:30 - [MESSAGE][WARNING] - Timeout '0' is invalid. Using default page load timeout: '30'

2024-04-07 23:51:34 - [MESSAGE][PASSED] - Element 'Object Repository/Account/icon_account' is present

2024-04-07 23:51:34 - [MESSAGE][WARNING] - Timeout '0' is invalid. Using default page load timeout: '30'

2024-04-07 23:51:34 - [MESSAGE][PASSED] - Element 'Object Repository/Home Page/btn_add_product' is present

2024-04-07 23:51:34 - [MESSAGE][WARNING] - Timeout '0' is invalid. Using default page load timeout: '30'

2024-04-07 23:51:35 - [MESSAGE][PASSED] - Element 'Object Repository/Account/icon_account' is visible

2024-04-07 23:51:35 - [MESSAGE][WARNING] - Timeout '0' is invalid. Using default page load timeout: '30'

2024-04-07 23:51:35 - [MESSAGE][PASSED] - Element 'Object Repository/Home Page/btn_add_product' is visible

2024-04-07 23:51:35 - [MESSAGE][WARNING] - Timeout '0' is invalid. Using default page load timeout: '30'

2024-04-07 23:51:35 - [MESSAGE][PASSED] - Tapped on element 'Object Repository/Account/icon_account'

2024-04-07 23:51:35 - [MESSAGE][WARNING] - Timeout '0' is invalid. Using default page load timeout: '30'

2024-04-07 23:51:36 - [MESSAGE][PASSED] - Element 'Object Repository/Authorization Page/account_login_button' is present

2024-04-07 23:51:36 - [MESSAGE][WARNING] - Timeout '0' is invalid. Using default page load timeout: '30'

2024-04-07 23:51:36 - [MESSAGE][PASSED] - Element 'Object Repository/Authorization Page/account_login_button' is visible

2024-04-07 23:51:36 - [MESSAGE][WARNING] - Timeout '0' is invalid. Using default page load timeout: '30'

2024-04-07 23:51:37 - [MESSAGE][PASSED] - Tapped on element 'Object Repository/Authorization Page/account_login_button'

2024-04-07 23:51:37 - [MESSAGE][WARNING] - Timeout '0' is invalid. Using default page load timeout: '30'

2024-04-07 23:51:38 - [MESSAGE][PASSED] - Element 'Object Repository/Authorization Page/login_input_email' is present

2024-04-07 23:51:38 - [MESSAGE][WARNING] - Timeout '0' is invalid. Using default page load timeout: '30'

2024-04-07 23:51:38 - [MESSAGE][PASSED] - Element 'Object Repository/Authorization Page/login_input_password' is present

2024-04-07 23:51:38 - [MESSAGE][WARNING] - Timeout '0' is invalid. Using default page load timeout: '30'

2024-04-07 23:51:39 - [MESSAGE][PASSED] - Element 'Object Repository/Authorization Page/login_input_email' is visible

2024-04-07 23:51:39 - [MESSAGE][WARNING] - Timeout '0' is invalid. Using default page load timeout: '30'

2024-04-07 23:51:39 - [MESSAGE][PASSED] - Element 'Object Repository/Authorization Page/login_input_password' is visible

2024-04-07 23:51:39 - [MESSAGE][WARNING] - Timeout '0' is invalid. Using default page load timeout: '30'

2024-04-07 23:51:40 - [MESSAGE][PASSED] - Text 'cc@mail.com' has been set to element 'Object Repository/Authorization Page/login_input_email'

2024-04-07 23:51:40 - [MESSAGE][WARNING] - Timeout '0' is invalid. Using default page load timeout: '30'

2024-04-07 23:51:41 - [MESSAGE][PASSED] - Text 'cc@mail.com' has been set to element 'Object Repository/Authorization Page/login_input_password'

2024-04-07 23:51:41 - [MESSAGE][WARNING] - Timeout '0' is invalid. Using default page load timeout: '30'

2024-04-07 23:51:42 - [MESSAGE][PASSED] - Element 'Object Repository/Authorization Page/login_login_button' is present

2024-04-07 23:51:42 - [MESSAGE][WARNING] - Timeout '0' is invalid. Using default page load timeout: '30'

2024-04-07 23:51:42 - [MESSAGE][PASSED] - Element 'Object Repository/Authorization Page/login_login_button' is visible

2024-04-07 23:51:42 - [MESSAGE][WARNING] - Timeout '0' is invalid. Using default page load timeout: '30'

2024-04-07 23:51:42 - [MESSAGE][PASSED] - Tapped on element 'Object Repository/Authorization Page/login_login_button'

2024-04-07 23:51:42 - [MESSAGE][INFO] - User set preference: ['appWaitActivity', '*']

2024-04-07 23:51:42 - [MESSAGE][INFO] - User set preference: ['appWaitforLaunch', 'false']

2024-04-07 23:51:42 - [MESSAGE][INFO] - User set preference: ['deviceId', '']

2024-04-07 23:51:56 - [MESSAGE][PASSED] - Started app at: 'C:\Users\mhani\Katalon Studio\K3 - Android Automation\Apk\app-debug.apk'

2024-04-07 23:51:56 - [MESSAGE][WARNING] - Timeout '0' is invalid. Using default page load timeout: '30'

2024-04-07 23:51:56 - [MESSAGE][PASSED] - Element 'Object Repository/Account/icon_account' is present

2024-04-07 23:51:56 - [MESSAGE][WARNING] - Timeout '0' is invalid. Using default page load timeout: '30'

2024-04-07 23:51:56 - [MESSAGE][PASSED] - Element 'Object Repository/Home Page/btn_add_product' is present

2024-04-07 23:51:56 - [MESSAGE][WARNING] - Timeout '0' is invalid. Using default page load timeout: '30'

2024-04-07 23:51:57 - [MESSAGE][PASSED] - Element 'Object Repository/Account/icon_account' is visible

2024-04-07 23:51:57 - [MESSAGE][WARNING] - Timeout '0' is invalid. Using default page load timeout: '30'

2024-04-07 23:52:01 - [MESSAGE][PASSED] - Element 'Object Repository/Home Page/btn_add_product' is visible

2024-04-07 23:52:01 - [MESSAGE][WARNING] - Timeout '0' is invalid. Using default page load timeout: '30'

2024-04-07 23:52:01 - [MESSAGE][PASSED] - Tapped on element 'Object Repository/Account/icon_account'

2024-04-07 23:52:01 - [MESSAGE][WARNING] - Timeout '0' is invalid. Using default page load timeout: '30'

2024-04-07 23:52:02 - [MESSAGE][PASSED] - Element 'Object Repository/Authorization Page/account_login_button' is present

2024-04-07 23:52:02 - [MESSAGE][WARNING] - Timeout '0' is invalid. Using default page load timeout: '30'

2024-04-07 23:52:02 - [MESSAGE][PASSED] - Element 'Object Repository/Authorization Page/account_login_button' is visible

2024-04-07 23:52:02 - [MESSAGE][WARNING] - Timeout '0' is invalid. Using default page load timeout: '30'

2024-04-07 23:52:03 - [MESSAGE][PASSED] - Tapped on element 'Object Repository/Authorization Page/account_login_button'

2024-04-07 23:52:03 - [MESSAGE][WARNING] - Timeout '0' is invalid. Using default page load timeout: '30'

2024-04-07 23:52:04 - [MESSAGE][PASSED] - Element 'Object Repository/Authorization Page/login_input_email' is present

2024-04-07 23:52:04 - [MESSAGE][WARNING] - Timeout '0' is invalid. Using default page load timeout: '30'

2024-04-07 23:52:04 - [MESSAGE][PASSED] - Element 'Object Repository/Authorization Page/login_input_password' is present

2024-04-07 23:52:04 - [MESSAGE][WARNING] - Timeout '0' is invalid. Using default page load timeout: '30'

2024-04-07 23:52:05 - [MESSAGE][PASSED] - Element 'Object Repository/Authorization Page/login_input_email' is visible

2024-04-07 23:52:05 - [MESSAGE][WARNING] - Timeout '0' is invalid. Using default page load timeout: '30'

2024-04-07 23:52:05 - [MESSAGE][PASSED] - Element 'Object Repository/Authorization Page/login_input_password' is visible

2024-04-07 23:52:05 - [MESSAGE][WARNING] - Timeout '0' is invalid. Using default page load timeout: '30'

2024-04-07 23:52:06 - [MESSAGE][PASSED] - Text 'hh@mail.com' has been set to element 'Object Repository/Authorization Page/login_input_email'

2024-04-07 23:52:06 - [MESSAGE][WARNING] - Timeout '0' is invalid. Using default page load timeout: '30'

2024-04-07 23:52:08 - [MESSAGE][PASSED] - Text 'hh@mail.com' has been set to element 'Object Repository/Authorization Page/login_input_password'

2024-04-07 23:52:08 - [MESSAGE][WARNING] - Timeout '0' is invalid. Using default page load timeout: '30'

2024-04-07 23:52:08 - [MESSAGE][PASSED] - Element 'Object Repository/Authorization Page/login_login_button' is present

2024-04-07 23:52:08 - [MESSAGE][WARNING] - Timeout '0' is invalid. Using default page load timeout: '30'

2024-04-07 23:52:08 - [MESSAGE][PASSED] - Element 'Object Repository/Authorization Page/login_login_button' is visible

2024-04-07 23:52:08 - [MESSAGE][WARNING] - Timeout '0' is invalid. Using default page load timeout: '30'

2024-04-07 23:52:09 - [MESSAGE][PASSED] - Tapped on element 'Object Repository/Authorization Page/login_login_button'

2024-04-07 23:52:09 - [MESSAGE][INFO] - User set preference: ['appWaitActivity', '*']

2024-04-07 23:52:09 - [MESSAGE][INFO] - User set preference: ['appWaitforLaunch', 'false']

2024-04-07 23:52:09 - [MESSAGE][INFO] - User set preference: ['deviceId', '']

2024-04-07 23:52:22 - [MESSAGE][PASSED] - Started app at: 'C:\Users\mhani\Katalon Studio\K3 - Android Automation\Apk\app-debug.apk'

2024-04-07 23:52:22 - [MESSAGE][WARNING] - Timeout '0' is invalid. Using default page load timeout: '30'

2024-04-07 23:52:27 - [MESSAGE][PASSED] - Element 'Object Repository/Account/icon_account' is present

2024-04-07 23:52:27 - [MESSAGE][WARNING] - Timeout '0' is invalid. Using default page load timeout: '30'

2024-04-07 23:52:27 - [MESSAGE][PASSED] - Element 'Object Repository/Home Page/btn_add_product' is present

2024-04-07 23:52:27 - [MESSAGE][WARNING] - Timeout '0' is invalid. Using default page load timeout: '30'

2024-04-07 23:52:29 - [MESSAGE][PASSED] - Element 'Object Repository/Account/icon_account' is visible

2024-04-07 23:52:29 - [MESSAGE][WARNING] - Timeout '0' is invalid. Using default page load timeout: '30'

2024-04-07 23:52:29 - [MESSAGE][PASSED] - Element 'Object Repository/Home Page/btn_add_product' is visible

2024-04-07 23:52:29 - [MESSAGE][WARNING] - Timeout '0' is invalid. Using default page load timeout: '30'

2024-04-07 23:52:30 - [MESSAGE][PASSED] - Tapped on element 'Object Repository/Account/icon_account'

2024-04-07 23:52:30 - [MESSAGE][WARNING] - Timeout '0' is invalid. Using default page load timeout: '30'

2024-04-07 23:52:31 - [MESSAGE][PASSED] - Element 'Object Repository/Authorization Page/account_login_button' is present

2024-04-07 23:52:31 - [MESSAGE][WARNING] - Timeout '0' is invalid. Using default page load timeout: '30'

2024-04-07 23:52:31 - [MESSAGE][PASSED] - Element 'Object Repository/Authorization Page/account_login_button' is visible

2024-04-07 23:52:31 - [MESSAGE][WARNING] - Timeout '0' is invalid. Using default page load timeout: '30'

2024-04-07 23:52:31 - [MESSAGE][PASSED] - Tapped on element 'Object Repository/Authorization Page/account_login_button'

2024-04-07 23:52:31 - [MESSAGE][WARNING] - Timeout '0' is invalid. Using default page load timeout: '30'

2024-04-07 23:52:33 - [MESSAGE][PASSED] - Element 'Object Repository/Authorization Page/login_input_email' is present

2024-04-07 23:52:33 - [MESSAGE][WARNING] - Timeout '0' is invalid. Using default page load timeout: '30'

2024-04-07 23:52:33 - [MESSAGE][PASSED] - Element 'Object Repository/Authorization Page/login_input_password' is present

2024-04-07 23:52:33 - [MESSAGE][WARNING] - Timeout '0' is invalid. Using default page load timeout: '30'

2024-04-07 23:52:33 - [MESSAGE][PASSED] - Element 'Object Repository/Authorization Page/login_input_email' is visible

2024-04-07 23:52:33 - [MESSAGE][WARNING] - Timeout '0' is invalid. Using default page load timeout: '30'

2024-04-07 23:52:33 - [MESSAGE][PASSED] - Element 'Object Repository/Authorization Page/login_input_password' is visible

2024-04-07 23:52:34 - [MESSAGE][WARNING] - Timeout '0' is invalid. Using default page load timeout: '30'

2024-04-07 23:52:35 - [MESSAGE][PASSED] - Text 'kk@mail.com' has been set to element 'Object Repository/Authorization Page/login_input_email'

2024-04-07 23:52:35 - [MESSAGE][WARNING] - Timeout '0' is invalid. Using default page load timeout: '30'

2024-04-07 23:52:36 - [MESSAGE][PASSED] - Text 'kk@mail.com' has been set to element 'Object Repository/Authorization Page/login_input_password'

2024-04-07 23:52:36 - [MESSAGE][WARNING] - Timeout '0' is invalid. Using default page load timeout: '30'

2024-04-07 23:52:37 - [MESSAGE][PASSED] - Element 'Object Repository/Authorization Page/login_login_button' is present

2024-04-07 23:52:37 - [MESSAGE][WARNING] - Timeout '0' is invalid. Using default page load timeout: '30'

2024-04-07 23:52:38 - [MESSAGE][PASSED] - Element 'Object Repository/Authorization Page/login_login_button' is visible

2024-04-07 23:52:38 - [MESSAGE][WARNING] - Timeout '0' is invalid. Using default page load timeout: '30'

2024-04-07 23:52:38 - [MESSAGE][PASSED] - Tapped on element 'Object Repository/Authorization Page/login_login_button'

2024-04-07 23:52:38 - [MESSAGE][INFO] - User set preference: ['appWaitActivity', '*']

2024-04-07 23:52:38 - [MESSAGE][INFO] - User set preference: ['appWaitforLaunch', 'false']

2024-04-07 23:52:38 - [MESSAGE][INFO] - User set preference: ['deviceId', '']

2024-04-07 23:52:50 - [MESSAGE][PASSED] - Started app at: 'C:\Users\mhani\Katalon Studio\K3 - Android Automation\Apk\app-debug.apk'

2024-04-07 23:52:50 - [MESSAGE][WARNING] - Timeout '0' is invalid. Using default page load timeout: '30'

2024-04-07 23:52:51 - [MESSAGE][PASSED] - Element 'Object Repository/Account/icon_account' is present

2024-04-07 23:52:51 - [MESSAGE][WARNING] - Timeout '0' is invalid. Using default page load timeout: '30'

2024-04-07 23:52:52 - [MESSAGE][PASSED] - Element 'Object Repository/Home Page/btn_add_product' is present

2024-04-07 23:52:52 - [MESSAGE][WARNING] - Timeout '0' is invalid. Using default page load timeout: '30'

2024-04-07 23:52:55 - [MESSAGE][PASSED] - Element 'Object Repository/Account/icon_account' is visible

2024-04-07 23:52:55 - [MESSAGE][WARNING] - Timeout '0' is invalid. Using default page load timeout: '30'

2024-04-07 23:52:56 - [MESSAGE][PASSED] - Element 'Object Repository/Home Page/btn_add_product' is visible

2024-04-07 23:52:56 - [MESSAGE][WARNING] - Timeout '0' is invalid. Using default page load timeout: '30'

2024-04-07 23:52:57 - [MESSAGE][PASSED] - Tapped on element 'Object Repository/Account/icon_account'

2024-04-07 23:52:57 - [MESSAGE][WARNING] - Timeout '0' is invalid. Using default page load timeout: '30'

2024-04-07 23:52:57 - [MESSAGE][PASSED] - Element 'Object Repository/Authorization Page/account_login_button' is present

2024-04-07 23:52:57 - [MESSAGE][WARNING] - Timeout '0' is invalid. Using default page load timeout: '30'

2024-04-07 23:52:58 - [MESSAGE][PASSED] - Element 'Object Repository/Authorization Page/account_login_button' is visible

2024-04-07 23:52:58 - [MESSAGE][WARNING] - Timeout '0' is invalid. Using default page load timeout: '30'

2024-04-07 23:52:58 - [MESSAGE][PASSED] - Tapped on element 'Object Repository/Authorization Page/account_login_button'

2024-04-07 23:52:58 - [MESSAGE][WARNING] - Timeout '0' is invalid. Using default page load timeout: '30'

2024-04-07 23:52:59 - [MESSAGE][PASSED] - Element 'Object Repository/Authorization Page/login_input_email' is present

2024-04-07 23:52:59 - [MESSAGE][WARNING] - Timeout '0' is invalid. Using default page load timeout: '30'

2024-04-07 23:53:00 - [MESSAGE][PASSED] - Element 'Object Repository/Authorization Page/login_input_password' is present

2024-04-07 23:53:00 - [MESSAGE][WARNING] - Timeout '0' is invalid. Using default page load timeout: '30'

2024-04-07 23:53:00 - [MESSAGE][PASSED] - Element 'Object Repository/Authorization Page/login_input_email' is visible

2024-04-07 23:53:00 - [MESSAGE][WARNING] - Timeout '0' is invalid. Using default page load timeout: '30'

2024-04-07 23:53:00 - [MESSAGE][PASSED] - Element 'Object Repository/Authorization Page/login_input_password' is visible

2024-04-07 23:53:00 - [MESSAGE][WARNING] - Timeout '0' is invalid. Using default page load timeout: '30'

2024-04-07 23:53:01 - [MESSAGE][PASSED] - Text 'cc@mail.com' has been set to element 'Object Repository/Authorization Page/login_input_email'

2024-04-07 23:53:01 - [MESSAGE][WARNING] - Timeout '0' is invalid. Using default page load timeout: '30'

2024-04-07 23:53:03 - [MESSAGE][PASSED] - Text 'cc@mail.com' has been set to element 'Object Repository/Authorization Page/login_input_password'

2024-04-07 23:53:03 - [MESSAGE][WARNING] - Timeout '0' is invalid. Using default page load timeout: '30'

2024-04-07 23:53:04 - [MESSAGE][PASSED] - Element 'Object Repository/Authorization Page/login_login_button' is present

2024-04-07 23:53:04 - [MESSAGE][WARNING] - Timeout '0' is invalid. Using default page load timeout: '30'

2024-04-07 23:53:04 - [MESSAGE][PASSED] - Element 'Object Repository/Authorization Page/login_login_button' is visible

2024-04-07 23:53:04 - [MESSAGE][WARNING] - Timeout '0' is invalid. Using default page load timeout: '30'

2024-04-07 23:53:04 - [MESSAGE][PASSED] - Tapped on element 'Object Repository/Authorization Page/login_login_button'

2024-04-07 23:53:04 - [MESSAGE][WARNING] - Timeout '0' is invalid. Using default page load timeout: '30'

2024-04-07 23:53:07 - [MESSAGE][PASSED] - Element 'Object Repository/Account/button_log_out' is present

2024-04-07 23:53:07 - [MESSAGE][WARNING] - Timeout '0' is invalid. Using default page load timeout: '30'

2024-04-07 23:53:08 - [MESSAGE][PASSED] - Element 'Object Repository/Account/button_log_out' is visible

2024-04-07 23:53:08 - [MESSAGE][WARNING] - Timeout '0' is invalid. Using default page load timeout: '30'

2024-04-07 23:53:08 - [MESSAGE][PASSED] - Tapped on element 'Object Repository/Account/button_log_out'

2024-04-07 23:53:09 - [MESSAGE][WARNING] - Timeout '0' is invalid. Using default page load timeout: '30'

2024-04-07 23:53:12 - [MESSAGE][PASSED] - Element 'Object Repository/Home Page/textbar_search' is present

2024-04-07 23:53:12 - [MESSAGE][WARNING] - Timeout '0' is invalid. Using default page load timeout: '30'

2024-04-07 23:53:13 - [MESSAGE][PASSED] - Element 'Object Repository/Home Page/btn_all_categories' is present

2024-04-07 23:53:13 - [MESSAGE][WARNING] - Timeout '0' is invalid. Using default page load timeout: '30'

2024-04-07 23:53:13 - [MESSAGE][PASSED] - Element 'Object Repository/Home Page/textbar_search' is visible

2024-04-07 23:53:13 - [MESSAGE][WARNING] - Timeout '0' is invalid. Using default page load timeout: '30'

2024-04-07 23:53:16 - [MESSAGE][PASSED] - Element 'Object Repository/Home Page/btn_all_categories' is visible

2024-04-07 23:53:16 - [MESSAGE][PASSED] - Run with 'Runner' was passed]]></system-out>
         <system-err><![CDATA[]]></system-err>
      </testcase>
      <system-out><![CDATA[2024-04-07 23:44:06 - [TEST_SUITE][PASSED] - New Test Suite: Test Cases/Cucumber]]></system-out>
      <system-err><![CDATA[]]></system-err>
   </testsuite>
</testsuites>
